No files changed, compilation skipped

Ran 1 test for tests/fork/tokens/USDT.t.sol:USDT_Lockup_Dynamic_Fork_Test
[FAIL: setup failed: vm.createSelectFork: Failed to resolve env var `MAINNET_RPC_URL` in `${MAINNET_RPC_URL}`: environment variable not found] setUp() (gas: 0)
Suite result: FAILED. 0 passed; 1 failed; 0 skipped; finished in 1.30ms (0.00ns CPU time)

Ran 1 test for tests/fork/tokens/EURS.t.sol:EURS_Lockup_Tranched_Fork_Test
[FAIL: setup failed: vm.createSelectFork: Failed to resolve env var `MAINNET_RPC_URL` in `${MAINNET_RPC_URL}`: environment variable not found] setUp() (gas: 0)
Suite result: FAILED. 0 passed; 1 failed; 0 skipped; finished in 1.99ms (0.00ns CPU time)

Ran 1 test for tests/fork/tokens/USDT.t.sol:USDT_Lockup_Linear_Fork_Test
[FAIL: setup failed: vm.createSelectFork: Failed to resolve env var `MAINNET_RPC_URL` in `${MAINNET_RPC_URL}`: environment variable not found] setUp() (gas: 0)
Suite result: FAILED. 0 passed; 1 failed; 0 skipped; finished in 3.35ms (0.00ns CPU time)

Ran 1 test for tests/fork/tokens/USDT.t.sol:USDT_Lockup_Tranched_Fork_Test
[FAIL: setup failed: vm.createSelectFork: Failed to resolve env var `MAINNET_RPC_URL` in `${MAINNET_RPC_URL}`: environment variable not found] setUp() (gas: 0)
Suite result: FAILED. 0 passed; 1 failed; 0 skipped; finished in 284.21µs (0.00ns CPU time)

Ran 1 test for tests/utils/BaseScript.t.sol:BaseScript_Test
[PASS] test_ConstructCreate2Salt() (gas: 29441)
Suite result: ok. 1 passed; 0 failed; 0 skipped; finished in 4.83ms (2.54ms CPU time)

Ran 1 test for tests/fork/tokens/DAI.t.sol:DAI_Lockup_Dynamic_Fork_Test
[FAIL: setup failed: vm.createSelectFork: Failed to resolve env var `MAINNET_RPC_URL` in `${MAINNET_RPC_URL}`: environment variable not found] setUp() (gas: 0)
Suite result: FAILED. 0 passed; 1 failed; 0 skipped; finished in 314.71µs (0.00ns CPU time)

Ran 1 test for tests/fork/tokens/DAI.t.sol:DAI_Lockup_Linear_Fork_Test
[FAIL: setup failed: vm.createSelectFork: Failed to resolve env var `MAINNET_RPC_URL` in `${MAINNET_RPC_URL}`: environment variable not found] setUp() (gas: 0)
Suite result: FAILED. 0 passed; 1 failed; 0 skipped; finished in 262.96µs (0.00ns CPU time)

Ran 1 test for tests/fork/tokens/DAI.t.sol:DAI_Lockup_Tranched_Fork_Test
[FAIL: setup failed: vm.createSelectFork: Failed to resolve env var `MAINNET_RPC_URL` in `${MAINNET_RPC_URL}`: environment variable not found] setUp() (gas: 0)
Suite result: FAILED. 0 passed; 1 failed; 0 skipped; finished in 979.00µs (0.00ns CPU time)

Ran 1 test for tests/fork/tokens/EURS.t.sol:EURS_Lockup_Dynamic_Fork_Test
[FAIL: setup failed: vm.createSelectFork: Failed to resolve env var `MAINNET_RPC_URL` in `${MAINNET_RPC_URL}`: environment variable not found] setUp() (gas: 0)
Suite result: FAILED. 0 passed; 1 failed; 0 skipped; finished in 276.42µs (0.00ns CPU time)

Ran 1 test for tests/fork/tokens/EURS.t.sol:EURS_Lockup_Linear_Fork_Test
[FAIL: setup failed: vm.createSelectFork: Failed to resolve env var `MAINNET_RPC_URL` in `${MAINNET_RPC_URL}`: environment variable not found] setUp() (gas: 0)
Suite result: FAILED. 0 passed; 1 failed; 0 skipped; finished in 264.46µs (0.00ns CPU time)

Ran 8 tests for tests/integration/concrete/lockup-dynamic/LockupDynamic.t.sol:Renounce_Lockup_Dynamic_Integration_Concrete_Test
[PASS] test_GivenCancelableStream() (gas: 99145)
[PASS] test_RevertGiven_CANCELEDStatus() (gas: 93863)
[PASS] test_RevertGiven_DEPLETEDStatus() (gas: 86363)
[PASS] test_RevertGiven_NonCancelableStream() (gas: 78770)
[PASS] test_RevertGiven_Null() (gas: 15331)
[PASS] test_RevertGiven_SETTLEDStatus() (gas: 39388)
[PASS] test_RevertWhen_CallerNotSender() (gas: 80834)
[PASS] test_RevertWhen_DelegateCall() (gas: 12743)
Suite result: ok. 8 passed; 0 failed; 0 skipped; finished in 8.56ms (682.25µs CPU time)

Ran 12 tests for tests/integration/concrete/lockup-base/burn/burn.t.sol:Burn_Integration_Concrete_Test
[PASS] test_GivenNonTransferableNFT() (gas: 97715)
[PASS] test_GivenTransferableNFT() (gas: 97715)
[PASS] test_RevertGiven_CANCELEDStatus() (gas: 97447)
[PASS] test_RevertGiven_NFTNotExist() (gas: 99445)
[PASS] test_RevertGiven_Null() (gas: 15375)
[PASS] test_RevertGiven_PENDINGStatus() (gas: 14188)
[PASS] test_RevertGiven_SETTLEDStatus() (gas: 19511)
[PASS] test_RevertGiven_STREAMINGStatus() (gas: 19446)
[PASS] test_RevertWhen_CallerMaliciousThirdParty() (gas: 94566)
[PASS] test_RevertWhen_CallerSender() (gas: 92652)
[PASS] test_RevertWhen_DelegateCall() (gas: 12765)
[PASS] test_WhenCallerApprovedThirdParty() (gas: 102049)
Suite result: ok. 12 passed; 0 failed; 0 skipped; finished in 9.62ms (3.34ms CPU time)

Ran 9 tests for tests/unit/concrete/batch/batch.t.sol:Batch_Unit_Concrete_Test
[PASS] test_RevertWhen_BatchIncludesETHValue() (gas: 112049)
[PASS] test_RevertWhen_FunctionDoesNotExist() (gas: 58234)
[PASS] test_RevertWhen_FunctionReverts() (gas: 58593)
[PASS] test_RevertWhen_FunctionRevertsWithCustomError() (gas: 117640)
[PASS] test_RevertWhen_FunctionRevertsWithStringError() (gas: 117052)
[PASS] test_WhenBatchNotIncludeETHValue() (gas: 137110)
[PASS] test_WhenFunctionDoesNotReturnAValue() (gas: 143771)
[PASS] test_WhenFunctionNotRevert() (gas: 129408)
[PASS] test_WhenFunctionReturnsAValue() (gas: 186171)
Suite result: ok. 9 passed; 0 failed; 0 skipped; finished in 6.45ms (474.54µs CPU time)

Ran 8 tests for tests/unit/concrete/nft-descriptor/abbreviateAmount.t.sol:AbbreviateAmount_Unit_Concrete_Test
[PASS] test_AbbreviateAmount_Billions() (gas: 56100)
[PASS] test_AbbreviateAmount_Millions() (gas: 55562)
[PASS] test_AbbreviateAmount_NoSuffix() (gas: 42860)
[PASS] test_AbbreviateAmount_Thousands() (gas: 61853)
[PASS] test_AbbreviateAmount_Tiny() (gas: 28846)
[PASS] test_AbbreviateAmount_Trillions() (gas: 56661)
[PASS] test_AbbreviateAmount_Zero() (gas: 19735)
[PASS] test_AbbreviateAmount_Zillions() (gas: 36047)
Suite result: ok. 8 passed; 0 failed; 0 skipped; finished in 12.36ms (3.09ms CPU time)

Ran 5 tests for tests/integration/concrete/batch/batch.t.sol:Batch_Integration_Concrete_Test
[PASS] test_BatchPayable_CreateStreams() (gas: 1263197)
[PASS] test_BatchPayable_RecipientFunctions() (gas: 293411)
[PASS] test_BatchPayable_SenderFunctions() (gas: 232278)
[PASS] test_Batch_StateChangingAndViewFunctions() (gas: 403674)
[PASS] test_RevertWhen_LockupThrows() (gas: 114287)
Suite result: ok. 5 passed; 0 failed; 0 skipped; finished in 13.19ms (4.64ms CPU time)

Ran 6 tests for tests/unit/concrete/nft-descriptor/calculateDurationInDays.t.sol:CalculateDurationInDays_Unit_Concrete_Test
[PASS] test_CalculateDurationInDays_FortyTwo() (gas: 11510)
[PASS] test_CalculateDurationInDays_Leet() (gas: 11694)
[PASS] test_CalculateDurationInDays_One() (gas: 11446)
[PASS] test_CalculateDurationInDays_Overflow() (gas: 11031)
[PASS] test_CalculateDurationInDays_TenThousand() (gas: 11076)
[PASS] test_CalculateDurationInDays_Zero() (gas: 11127)
Suite result: ok. 6 passed; 0 failed; 0 skipped; finished in 4.77ms (169.42µs CPU time)

Ran 4 tests for tests/integration/concrete/lockup-base/allow-to-hook/allowToHook.t.sol:AllowToHook_Integration_Concrete_Test
[PASS] test_RevertWhen_CallerNotAdmin() (gas: 16623)
[PASS] test_RevertWhen_ProvidedAddressNotContract() (gas: 17210)
[PASS] test_RevertWhen_ProvidedAddressNotReturnInterfaceId() (gas: 28468)
[PASS] test_WhenProvidedAddressReturnsInterfaceId() (gas: 168518)
Suite result: ok. 4 passed; 0 failed; 0 skipped; finished in 14.40ms (1.21ms CPU time)

Ran 14 tests for tests/integration/concrete/lockup-dynamic/LockupDynamic.t.sol:Cancel_Lockup_Dynamic_Integration_Concrete_Test
[PASS] test_GivenPENDINGStatus() (gas: 93132)
[PASS] test_GivenRecipientNotAllowedToHook() (gas: 117671)
[PASS] test_RevertGiven_CANCELEDStatus() (gas: 93719)
[PASS] test_RevertGiven_DEPLETEDStatus() (gas: 86268)
[PASS] test_RevertGiven_NonCancelableStream() (gas: 36784)
[PASS] test_RevertGiven_Null() (gas: 15353)
[PASS] test_RevertGiven_SETTLEDStatus() (gas: 41445)
[PASS] test_RevertWhen_CallerMaliciousThirdParty() (gas: 21130)
[PASS] test_RevertWhen_CallerRecipient() (gas: 19130)
[PASS] test_RevertWhen_DelegateCall() (gas: 12721)
[PASS] test_RevertWhen_RecipientReturnsInvalidSelector() (gas: 98782)
[PASS] test_WhenNoReentrancy() (gas: 137252)
[PASS] test_WhenReentrancy() (gas: 165385)
[PASS] test_WhenRevertingRecipient() (gas: 95821)
Suite result: ok. 14 passed; 0 failed; 0 skipped; finished in 8.20ms (1.42ms CPU time)

Ran 17 tests for tests/integration/concrete/lockup-dynamic/LockupDynamic.t.sol:Withdraw_Lockup_Dynamic_Integration_Concrete_Test
[PASS] test_GivenCanceledStream() (gas: 135704)
[PASS] test_GivenEndTimeNotInFuture() (gas: 90369)
[PASS] test_GivenRecipientNotAllowedToHook() (gas: 109854)
[PASS] test_RevertGiven_DEPLETEDStatus() (gas: 87906)
[PASS] test_RevertGiven_Null() (gas: 23311)
[PASS] test_RevertWhen_CallerNotApprovedThirdPartyOrRecipient() (gas: 130430)
[PASS] test_RevertWhen_DelegateCall() (gas: 20723)
[PASS] test_RevertWhen_HookReturnsInvalidSelector() (gas: 100557)
[PASS] test_RevertWhen_RevertingRecipient() (gas: 99613)
[PASS] test_RevertWhen_WithdrawAmountOverdraws() (gas: 46540)
[PASS] test_RevertWhen_WithdrawalAddressZero() (gas: 22647)
[PASS] test_RevertWhen_ZeroWithdrawAmount() (gas: 24133)
[PASS] test_WhenCallerApprovedThirdPartyOrRecipient() (gas: 147372)
[PASS] test_WhenCallerRecipient() (gas: 77778)
[PASS] test_WhenCallerUnknown() (gas: 79896)
[PASS] test_WhenNoReentrancy() (gas: 122893)
[PASS] test_WhenReentrancy() (gas: 134631)
Suite result: ok. 17 passed; 0 failed; 0 skipped; finished in 9.18ms (1.81ms CPU time)

Ran 6 tests for tests/unit/concrete/nft-descriptor/calculatePixelWidth.t.sol:CalculatePixelWidth_Unit_Concrete_Test
[PASS] test_CalculatePixelWidth_Caption() (gas: 23397)
[PASS] test_CalculatePixelWidth_Duration() (gas: 28792)
[PASS] test_CalculatePixelWidth_EmptyString() (gas: 9801)
[PASS] test_CalculatePixelWidth_Progress() (gas: 35797)
[PASS] test_CalculatePixelWidth_Status() (gas: 27571)
[PASS] test_CalculatePixelWidth_Streamed() (gas: 36048)
Suite result: ok. 6 passed; 0 failed; 0 skipped; finished in 5.67ms (475.09µs CPU time)

Ran 17 tests for tests/integration/concrete/lockup-tranched/LockupTranched.t.sol:Withdraw_Lockup_Tranched_Integration_Concrete_Test
[PASS] test_GivenCanceledStream() (gas: 133824)
[PASS] test_GivenEndTimeNotInFuture() (gas: 89874)
[PASS] test_GivenRecipientNotAllowedToHook() (gas: 106080)
[PASS] test_RevertGiven_DEPLETEDStatus() (gas: 86927)
[PASS] test_RevertGiven_Null() (gas: 23311)
[PASS] test_RevertWhen_CallerNotApprovedThirdPartyOrRecipient() (gas: 130430)
[PASS] test_RevertWhen_DelegateCall() (gas: 20723)
[PASS] test_RevertWhen_HookReturnsInvalidSelector() (gas: 98680)
[PASS] test_RevertWhen_RevertingRecipient() (gas: 97736)
[PASS] test_RevertWhen_WithdrawAmountOverdraws() (gas: 44444)
[PASS] test_RevertWhen_WithdrawalAddressZero() (gas: 22647)
[PASS] test_RevertWhen_ZeroWithdrawAmount() (gas: 24133)
[PASS] test_WhenCallerApprovedThirdPartyOrRecipient() (gas: 143598)
[PASS] test_WhenCallerRecipient() (gas: 75891)
[PASS] test_WhenCallerUnknown() (gas: 78009)
[PASS] test_WhenNoReentrancy() (gas: 119130)
[PASS] test_WhenReentrancy() (gas: 128981)
Suite result: ok. 17 passed; 0 failed; 0 skipped; finished in 20.15ms (4.30ms CPU time)

Ran 1 test for tests/fork/tokens/SHIB.t.sol:SHIB_Lockup_Dynamic_Fork_Test
[FAIL: setup failed: vm.createSelectFork: Failed to resolve env var `MAINNET_RPC_URL` in `${MAINNET_RPC_URL}`: environment variable not found] setUp() (gas: 0)
Suite result: FAILED. 0 passed; 1 failed; 0 skipped; finished in 548.17µs (0.00ns CPU time)

Ran 3 tests for tests/integration/concrete/nft-descriptor/is-allowed-character/IsAllowedCharacter.t.sol:IsAllowedCharacter_Integration_Concrete_Test
[PASS] test_GivenSupportedCharacters() (gas: 49821)
[PASS] test_GivenUnsupportedCharacters() (gas: 61545)
[PASS] test_WhenEmptyString() (gas: 9620)
Suite result: ok. 3 passed; 0 failed; 0 skipped; finished in 8.18ms (399.17µs CPU time)

Ran 1 test for tests/fork/tokens/SHIB.t.sol:SHIB_Lockup_Linear_Fork_Test
[FAIL: setup failed: vm.createSelectFork: Failed to resolve env var `MAINNET_RPC_URL` in `${MAINNET_RPC_URL}`: environment variable not found] setUp() (gas: 0)
Suite result: FAILED. 0 passed; 1 failed; 0 skipped; finished in 269.50µs (0.00ns CPU time)

Ran 1 test for tests/fork/tokens/SHIB.t.sol:SHIB_Lockup_Tranched_Fork_Test
[FAIL: setup failed: vm.createSelectFork: Failed to resolve env var `MAINNET_RPC_URL` in `${MAINNET_RPC_URL}`: environment variable not found] setUp() (gas: 0)
Suite result: FAILED. 0 passed; 1 failed; 0 skipped; finished in 490.00µs (0.00ns CPU time)

Ran 1 test for tests/fork/tokens/USDC.t.sol:USDC_Lockup_Dynamic_Fork_Test
[FAIL: setup failed: vm.createSelectFork: Failed to resolve env var `MAINNET_RPC_URL` in `${MAINNET_RPC_URL}`: environment variable not found] setUp() (gas: 0)
Suite result: FAILED. 0 passed; 1 failed; 0 skipped; finished in 432.13µs (0.00ns CPU time)

Ran 1 test for tests/fork/tokens/USDC.t.sol:USDC_Lockup_Linear_Fork_Test
[FAIL: setup failed: vm.createSelectFork: Failed to resolve env var `MAINNET_RPC_URL` in `${MAINNET_RPC_URL}`: environment variable not found] setUp() (gas: 0)
Suite result: FAILED. 0 passed; 1 failed; 0 skipped; finished in 558.42µs (0.00ns CPU time)

Ran 1 test for tests/fork/tokens/USDC.t.sol:USDC_Lockup_Tranched_Fork_Test
[FAIL: setup failed: vm.createSelectFork: Failed to resolve env var `MAINNET_RPC_URL` in `${MAINNET_RPC_URL}`: environment variable not found] setUp() (gas: 0)
Suite result: FAILED. 0 passed; 1 failed; 0 skipped; finished in 328.21µs (0.00ns CPU time)

Ran 3 tests for tests/unit/concrete/nft-descriptor/calculateStreamedPercentage.t.sol:CalculateStreamedPercentage_Unit_Concrete_Test
[PASS] test_CalculateStreamedPercentage_Settled() (gas: 9129)
[PASS] test_CalculateStreamedPercentage_Streaming() (gas: 9147)
[PASS] test_CalculateStreamedPercentage_Zero() (gas: 9098)
Suite result: ok. 3 passed; 0 failed; 0 skipped; finished in 4.58ms (58.88µs CPU time)

Ran 8 tests for tests/integration/concrete/lockup-dynamic/LockupDynamic.t.sol:RefundableAmountOf_Lockup_Dynamic_Integration_Concrete_Test
[PASS] test_GivenCanceledStreamAndCANCELEDStatus() (gas: 91535)
[PASS] test_GivenCanceledStreamAndDEPLETEDStatus() (gas: 120062)
[PASS] test_GivenDEPLETEDStatus() (gas: 84298)
[PASS] test_GivenNonCancelableStream() (gas: 21304)
[PASS] test_GivenPENDINGStatus() (gas: 37094)
[PASS] test_GivenSETTLEDStatus() (gas: 37018)
[PASS] test_GivenSTREAMINGStatus() (gas: 39720)
[PASS] test_RevertGiven_Null() (gas: 15258)
Suite result: ok. 8 passed; 0 failed; 0 skipped; finished in 12.26ms (536.21µs CPU time)

Ran 17 tests for tests/integration/concrete/lockup-linear/LockupLinear.t.sol:Withdraw_Lockup_Linear_Integration_Concrete_Test
[PASS] test_GivenCanceledStream() (gas: 131659)
[PASS] test_GivenEndTimeNotInFuture() (gas: 87146)
[PASS] test_GivenRecipientNotAllowedToHook() (gas: 103744)
[PASS] test_RevertGiven_DEPLETEDStatus() (gas: 83471)
[PASS] test_RevertGiven_Null() (gas: 23311)
[PASS] test_RevertWhen_CallerNotApprovedThirdPartyOrRecipient() (gas: 130430)
[PASS] test_RevertWhen_DelegateCall() (gas: 20723)
[PASS] test_RevertWhen_HookReturnsInvalidSelector() (gas: 96515)
[PASS] test_RevertWhen_RevertingRecipient() (gas: 95571)
[PASS] test_RevertWhen_WithdrawAmountOverdraws() (gas: 41657)
[PASS] test_RevertWhen_WithdrawalAddressZero() (gas: 22647)
[PASS] test_RevertWhen_ZeroWithdrawAmount() (gas: 24133)
[PASS] test_WhenCallerApprovedThirdPartyOrRecipient() (gas: 141268)
[PASS] test_WhenCallerRecipient() (gas: 73726)
[PASS] test_WhenCallerUnknown() (gas: 75844)
[PASS] test_WhenNoReentrancy() (gas: 116794)
[PASS] test_WhenReentrancy() (gas: 126480)
Suite result: ok. 17 passed; 0 failed; 0 skipped; finished in 11.35ms (2.59ms CPU time)

Ran 14 tests for tests/integration/concrete/lockup-linear/LockupLinear.t.sol:Cancel_Lockup_Linear_Integration_Concrete_Test
[PASS] test_GivenPENDINGStatus() (gas: 89916)
[PASS] test_GivenRecipientNotAllowedToHook() (gas: 109511)
[PASS] test_RevertGiven_CANCELEDStatus() (gas: 89674)
[PASS] test_RevertGiven_DEPLETEDStatus() (gas: 81833)
[PASS] test_RevertGiven_NonCancelableStream() (gas: 33556)
[PASS] test_RevertGiven_Null() (gas: 15353)
[PASS] test_RevertGiven_SETTLEDStatus() (gas: 38217)
[PASS] test_RevertWhen_CallerMaliciousThirdParty() (gas: 21130)
[PASS] test_RevertWhen_CallerRecipient() (gas: 19130)
[PASS] test_RevertWhen_DelegateCall() (gas: 12721)
[PASS] test_RevertWhen_RecipientReturnsInvalidSelector() (gas: 94740)
[PASS] test_WhenNoReentrancy() (gas: 129095)
[PASS] test_WhenReentrancy() (gas: 157228)
[PASS] test_WhenRevertingRecipient() (gas: 91779)
Suite result: ok. 14 passed; 0 failed; 0 skipped; finished in 10.83ms (2.68ms CPU time)

Ran 7 tests for tests/integration/concrete/lockup-base/cancel-multiple/cancelMultiple.t.sol:CancelMultiple_Integration_Concrete_Test
[PASS] test_GivenAllStreamsCancelable() (gas: 207670)
[PASS] test_RevertGiven_AtleastOneColdStream() (gas: 351640)
[PASS] test_RevertGiven_AtleastOneNonCancelableStream() (gas: 111459)
[PASS] test_RevertGiven_AtleastOneNullStream() (gas: 95724)
[PASS] test_RevertWhen_CallerUnauthorizedForAny() (gas: 24233)
[PASS] test_RevertWhen_DelegateCall() (gas: 17814)
[PASS] test_WhenZeroArrayLength() (gas: 5890)
Suite result: ok. 7 passed; 0 failed; 0 skipped; finished in 6.86ms (820.21µs CPU time)

Ran 1 test for tests/integration/fuzz/lockup-linear/LockupLinear.t.sol:RefundableAmountOf_Lockup_Linear_Integration_Fuzz_Test
[PASS] testFuzz_RefundableAmountOf(uint256) (runs: 50, μ: 44796, ~: 44395)
Suite result: ok. 1 passed; 0 failed; 0 skipped; finished in 12.98ms (6.49ms CPU time)

Ran 1 test for tests/integration/fuzz/lockup-dynamic/LockupDynamic.t.sol:RefundableAmountOf_Lockup_Dynamic_Integration_Fuzz_Test
[PASS] testFuzz_RefundableAmountOf(uint256) (runs: 50, μ: 64428, ~: 71424)
Suite result: ok. 1 passed; 0 failed; 0 skipped; finished in 26.03ms (13.93ms CPU time)

Ran 1 test for tests/integration/fuzz/lockup-tranched/LockupTranched.t.sol:RefundableAmountOf_Lockup_Tranched_Integration_Fuzz_Test
[PASS] testFuzz_RefundableAmountOf(uint256) (runs: 50, μ: 47901, ~: 47822)
Suite result: ok. 1 passed; 0 failed; 0 skipped; finished in 15.74ms (9.07ms CPU time)

Ran 3 tests for tests/integration/concrete/lockup-base/collect-fees/collectFees.t.sol:CollectFees_Integration_Concrete_Test
[PASS] test_GivenAdminImplementsReceiveFunction() (gas: 118533)
[PASS] test_GivenAdminIsNotContract() (gas: 109020)
[PASS] test_RevertGiven_AdminDoesNotImplementReceiveFunction() (gas: 25778)
Suite result: ok. 3 passed; 0 failed; 0 skipped; finished in 14.92ms (326.96µs CPU time)

Ran 8 tests for tests/integration/concrete/lockup-tranched/LockupTranched.t.sol:RefundableAmountOf_Lockup_Tranched_Integration_Concrete_Test
[PASS] test_GivenCanceledStreamAndCANCELEDStatus() (gas: 89655)
[PASS] test_GivenCanceledStreamAndDEPLETEDStatus() (gas: 118182)
[PASS] test_GivenDEPLETEDStatus() (gas: 83319)
[PASS] test_GivenNonCancelableStream() (gas: 21304)
[PASS] test_GivenPENDINGStatus() (gas: 36600)
[PASS] test_GivenSETTLEDStatus() (gas: 36524)
[PASS] test_GivenSTREAMINGStatus() (gas: 37834)
[PASS] test_RevertGiven_Null() (gas: 15258)
Suite result: ok. 8 passed; 0 failed; 0 skipped; finished in 9.66ms (534.46µs CPU time)

Ran 8 tests for tests/integration/concrete/lockup-linear/LockupLinear.t.sol:Renounce_Lockup_Linear_Integration_Concrete_Test
[PASS] test_GivenCancelableStream() (gas: 91381)
[PASS] test_RevertGiven_CANCELEDStatus() (gas: 89818)
[PASS] test_RevertGiven_DEPLETEDStatus() (gas: 81928)
[PASS] test_RevertGiven_NonCancelableStream() (gas: 73888)
[PASS] test_RevertGiven_Null() (gas: 15331)
[PASS] test_RevertGiven_SETTLEDStatus() (gas: 36160)
[PASS] test_RevertWhen_CallerNotSender() (gas: 75952)
[PASS] test_RevertWhen_DelegateCall() (gas: 12743)
Suite result: ok. 8 passed; 0 failed; 0 skipped; finished in 13.45ms (591.75µs CPU time)

Ran 8 tests for tests/integration/concrete/lockup-tranched/LockupTranched.t.sol:Renounce_Lockup_Tranched_Integration_Concrete_Test
[PASS] test_GivenCancelableStream() (gas: 94955)
[PASS] test_RevertGiven_CANCELEDStatus() (gas: 91983)
[PASS] test_RevertGiven_DEPLETEDStatus() (gas: 85384)
[PASS] test_RevertGiven_NonCancelableStream() (gas: 76675)
[PASS] test_RevertGiven_Null() (gas: 15331)
[PASS] test_RevertGiven_SETTLEDStatus() (gas: 38894)
[PASS] test_RevertWhen_CallerNotSender() (gas: 78739)
[PASS] test_RevertWhen_DelegateCall() (gas: 12743)
Suite result: ok. 8 passed; 0 failed; 0 skipped; finished in 9.52ms (1.13ms CPU time)

Ran 1 test for tests/integration/concrete/constructor.t.sol:Constructor_Integration_Concrete_Test
[PASS] test_Constructor() (gas: 5155415)
Suite result: ok. 1 passed; 0 failed; 0 skipped; finished in 8.27ms (239.71µs CPU time)

Ran 2 tests for tests/integration/fuzz/lockup-linear/LockupLinear.t.sol:Cancel_Lockup_Linear_Integration_Fuzz_Test
[PASS] testFuzz_Cancel(uint256,uint128) (runs: 50, μ: 182974, ~: 182833)
[PASS] testFuzz_Cancel_StatusPending(uint256) (runs: 50, μ: 90545, ~: 90836)
Suite result: ok. 2 passed; 0 failed; 0 skipped; finished in 31.14ms (20.77ms CPU time)

Ran 14 tests for tests/integration/concrete/lockup-tranched/LockupTranched.t.sol:Cancel_Lockup_Tranched_Integration_Concrete_Test
[PASS] test_GivenPENDINGStatus() (gas: 92644)
[PASS] test_GivenRecipientNotAllowedToHook() (gas: 112018)
[PASS] test_RevertGiven_CANCELEDStatus() (gas: 91839)
[PASS] test_RevertGiven_DEPLETEDStatus() (gas: 85289)
[PASS] test_RevertGiven_NonCancelableStream() (gas: 36290)
[PASS] test_RevertGiven_Null() (gas: 15353)
[PASS] test_RevertGiven_SETTLEDStatus() (gas: 40951)
[PASS] test_RevertWhen_CallerMaliciousThirdParty() (gas: 21130)
[PASS] test_RevertWhen_CallerRecipient() (gas: 19130)
[PASS] test_RevertWhen_DelegateCall() (gas: 12721)
[PASS] test_RevertWhen_RecipientReturnsInvalidSelector() (gas: 96905)
[PASS] test_WhenNoReentrancy() (gas: 131602)
[PASS] test_WhenReentrancy() (gas: 159735)
[PASS] test_WhenRevertingRecipient() (gas: 93944)
Suite result: ok. 14 passed; 0 failed; 0 skipped; finished in 8.21ms (1.15ms CPU time)

Ran 2 tests for tests/integration/fuzz/lockup-tranched/LockupTranched.t.sol:Cancel_Lockup_Tranched_Integration_Fuzz_Test
[PASS] testFuzz_Cancel(uint256,uint128) (runs: 50, μ: 185624, ~: 185676)
[PASS] testFuzz_Cancel_StatusPending(uint256) (runs: 50, μ: 93285, ~: 93564)
Suite result: ok. 2 passed; 0 failed; 0 skipped; finished in 39.10ms (28.41ms CPU time)

Ran 8 tests for tests/integration/concrete/lockup-linear/LockupLinear.t.sol:RefundableAmountOf_Lockup_Linear_Integration_Concrete_Test
[PASS] test_GivenCanceledStreamAndCANCELEDStatus() (gas: 87490)
[PASS] test_GivenCanceledStreamAndDEPLETEDStatus() (gas: 116017)
[PASS] test_GivenDEPLETEDStatus() (gas: 79863)
[PASS] test_GivenNonCancelableStream() (gas: 21304)
[PASS] test_GivenPENDINGStatus() (gas: 33866)
[PASS] test_GivenSETTLEDStatus() (gas: 33790)
[PASS] test_GivenSTREAMINGStatus() (gas: 35663)
[PASS] test_RevertGiven_Null() (gas: 15258)
Suite result: ok. 8 passed; 0 failed; 0 skipped; finished in 9.55ms (499.71µs CPU time)

Ran 3 tests for tests/unit/concrete/nft-descriptor/generateDescription.t.sol:GenerateDescription_Unit_Concrete_Test
[PASS] test_GenerateDescription() (gas: 30833)
[PASS] test_GenerateDescription_Empty() (gas: 17793)
[PASS] test_GenerateDescription_NonTransferable() (gas: 29960)
Suite result: ok. 3 passed; 0 failed; 0 skipped; finished in 6.44ms (192.25µs CPU time)

Ran 9 tests for tests/integration/concrete/lockup-dynamic/streamed-amount-of/streamedAmountOf.t.sol:StreamedAmountOf_Lockup_Dynamic_Integration_Concrete_Test
[PASS] test_GivenCanceledStreamAndCANCELEDStatus() (gas: 93200)
[PASS] test_GivenCanceledStreamAndDEPLETEDStatus() (gas: 121423)
[PASS] test_GivenDEPLETEDStatus() (gas: 85636)
[PASS] test_GivenMultipleSegments() (gas: 59179)
[PASS] test_GivenPENDINGStatus() (gas: 33896)
[PASS] test_GivenSETTLEDStatus() (gas: 40039)
[PASS] test_GivenSTREAMINGStatus() (gas: 41729)
[PASS] test_GivenSingleSegment() (gas: 262622)
[PASS] test_RevertGiven_Null() (gas: 15312)
Suite result: ok. 9 passed; 0 failed; 0 skipped; finished in 10.07ms (878.08µs CPU time)

Ran 2 tests for tests/integration/fuzz/lockup-dynamic/LockupDynamic.t.sol:Cancel_Lockup_Dynamic_Integration_Fuzz_Test
[PASS] testFuzz_Cancel(uint256,uint128) (runs: 50, μ: 243021, ~: 245305)
[PASS] testFuzz_Cancel_StatusPending(uint256) (runs: 50, μ: 93677, ~: 93367)
Suite result: ok. 2 passed; 0 failed; 0 skipped; finished in 58.10ms (51.31ms CPU time)

Ran 3 tests for tests/unit/concrete/nft-descriptor/generateSVG.t.sol:GenerateSVG_Unit_Concrete_Test
[PASS] test_GenerateSVG_Depleted() (gas: 197374)
[PASS] test_GenerateSVG_Pending() (gas: 193211)
[PASS] test_GenerateSVG_Streaming() (gas: 203373)
Suite result: ok. 3 passed; 0 failed; 0 skipped; finished in 7.56ms (2.58ms CPU time)

Ran 3 tests for tests/integration/concrete/lockup-linear/get-cliff-time/getCliffTime.t.sol:GetCliffTime_Integration_Concrete_Test
[PASS] test_GivenLinearModel() (gas: 21012)
[PASS] test_RevertGiven_NotLinearModel() (gas: 265923)
[PASS] test_RevertGiven_Null() (gas: 15311)
Suite result: ok. 3 passed; 0 failed; 0 skipped; finished in 13.96ms (228.50µs CPU time)

Ran 3 tests for tests/integration/concrete/lockup-dynamic/get-segments/getSegments.t.sol:GetSegments_Integration_Concrete_Test
[PASS] test_GivenDynamicModel() (gas: 28283)
[PASS] test_RevertGiven_NotDynamicModel() (gas: 238940)
[PASS] test_RevertGiven_Null() (gas: 15272)
Suite result: ok. 3 passed; 0 failed; 0 skipped; finished in 9.23ms (280.21µs CPU time)

Ran 3 tests for tests/integration/concrete/lockup-tranched/get-tranches/getTranches.t.sol:GetTranches_Integration_Concrete_Test
[PASS] test_GivenTranchedModel() (gas: 27689)
[PASS] test_RevertGiven_NotTranchedModel() (gas: 239006)
[PASS] test_RevertGiven_Null() (gas: 15296)
Suite result: ok. 3 passed; 0 failed; 0 skipped; finished in 7.05ms (242.71µs CPU time)

Ran 6 tests for tests/integration/concrete/lockup-linear/get-unlock-amounts/getUnlockAmounts.t.sol:GetUnlockAmounts_Integration_Concrete_Test
[PASS] test_GivenBothAmountsNotZero() (gas: 243459)
[PASS] test_GivenBothAmountsZero() (gas: 218574)
[PASS] test_GivenStartUnlockAmountNotZero() (gas: 237762)
[PASS] test_GivenStartUnlockAmountZero() (gas: 22433)
[PASS] test_RevertGiven_NotLinearModel() (gas: 267047)
[PASS] test_RevertGiven_Null() (gas: 15345)
Suite result: ok. 6 passed; 0 failed; 0 skipped; finished in 7.29ms (640.37µs CPU time)

Ran 52 tests for tests/integration/concrete/lockup-base/getters/getters.t.sol:Getters_Integration_Concrete_Test
[PASS] test_GetDepositedAmountGivenNotNull() (gas: 20920)
[PASS] test_GetDepositedAmountRevertGiven_Null() (gas: 15513)
[PASS] test_GetEndTimeGivenNotNull() (gas: 20901)
[PASS] test_GetEndTimeRevertGiven_Null() (gas: 15555)
[PASS] test_GetRecipientGivenNotBurnedNFT() (gas: 15531)
[PASS] test_GetRecipientRevertGiven_BurnedNFT() (gas: 94249)
[PASS] test_GetRecipientRevertGiven_Null() (gas: 13553)
[PASS] test_GetRefundedAmountGivenCanceledStreamAndCANCELEDStatus() (gas: 92588)
[PASS] test_GetRefundedAmountGivenCanceledStreamAndDEPLETEDStatus() (gas: 119782)
[PASS] test_GetRefundedAmountGivenDEPLETEDStatus() (gas: 84292)
[PASS] test_GetRefundedAmountGivenPENDINGStatus() (gas: 16094)
[PASS] test_GetRefundedAmountGivenSETTLEDStatus() (gas: 21331)
[PASS] test_GetRefundedAmountGivenSTREAMINGStatus() (gas: 21332)
[PASS] test_GetRefundedAmountRevertGiven_Null() (gas: 15531)
[PASS] test_GetSenderGivenNotNull() (gas: 17712)
[PASS] test_GetSenderRevertGiven_Null() (gas: 15490)
[PASS] test_GetStartTimeGivenNotNull() (gas: 20921)
[PASS] test_GetStartTimeRevertGiven_Null() (gas: 15512)
[PASS] test_GetUnderlyingTokenGivenNotNull() (gas: 15718)
[PASS] test_GetUnderlyingTokenRevertGiven_Null() (gas: 15490)
[PASS] test_GetWithdrawnAmountGivenNoPreviousWithdrawals() (gas: 21378)
[PASS] test_GetWithdrawnAmountGivenPreviousWithdrawal() (gas: 82610)
[PASS] test_GetWithdrawnAmountRevertGiven_Null() (gas: 15554)
[PASS] test_IsAllowedToHookGivenProvidedAddressAllowedToHook() (gas: 13326)
[PASS] test_IsAllowedToHookGivenProvidedAddressNotAllowedToHook() (gas: 13371)
[PASS] test_IsCancelableGivenCancelableStream() (gas: 16180)
[PASS] test_IsCancelableGivenColdStream() (gas: 37202)
[PASS] test_IsCancelableGivenNonCancelableStream() (gas: 16193)
[PASS] test_IsCancelableRevertGiven_Null() (gas: 15512)
[PASS] test_IsColdGivenCANCELEDStatus() (gas: 91836)
[PASS] test_IsColdGivenDEPLETEDStatus() (gas: 84418)
[PASS] test_IsColdGivenPENDINGStatus() (gas: 16583)
[PASS] test_IsColdGivenSETTLEDStatus() (gas: 37323)
[PASS] test_IsColdGivenSTREAMINGStatus() (gas: 39006)
[PASS] test_IsColdRevertGiven_Null() (gas: 15467)
[PASS] test_IsDepletedGivenDepletedStream() (gas: 84237)
[PASS] test_IsDepletedGivenNotDepletedStream() (gas: 13470)
[PASS] test_IsDepletedRevertGiven_Null() (gas: 15504)
[PASS] test_IsStreamGivenNotNull() (gas: 13299)
[PASS] test_IsStreamGivenNull() (gas: 13301)
[PASS] test_IsTransferableGivenNonTransferableStream() (gas: 13445)
[PASS] test_IsTransferableGivenTransferableStream() (gas: 13468)
[PASS] test_IsTransferableRevertGiven_Null() (gas: 15445)
[PASS] test_IsWarmGivenCANCELEDStatus() (gas: 91789)
[PASS] test_IsWarmGivenDEPLETEDStatus() (gas: 84407)
[PASS] test_IsWarmGivenPENDINGStatus() (gas: 16525)
[PASS] test_IsWarmGivenSETTLEDStatus() (gas: 37302)
[PASS] test_IsWarmGivenSTREAMINGStatus() (gas: 38944)
[PASS] test_IsWarmRevertGiven_Null() (gas: 15535)
[PASS] test_WasCanceledGivenCanceledStream() (gas: 15437)
[PASS] test_WasCanceledGivenNotCanceledStream() (gas: 87039)
[PASS] test_WasCanceledRevertGiven_Null() (gas: 15486)
Suite result: ok. 52 passed; 0 failed; 0 skipped; finished in 12.48ms (3.07ms CPU time)

Ran 5 tests for tests/unit/concrete/nft-descriptor/hourglass.t.sol:Hourglass_Unit_Concrete_Test
[PASS] test_Hourglass_Canceled() (gas: 93597)
[PASS] test_Hourglass_Depleted() (gas: 228969)
[PASS] test_Hourglass_Pending() (gas: 93575)
[PASS] test_Hourglass_Settled() (gas: 228829)
[PASS] test_Hourglass_Streaming() (gas: 93477)
Suite result: ok. 5 passed; 0 failed; 0 skipped; finished in 6.57ms (2.02ms CPU time)

Ran 1 test for tests/integration/fuzz/nft-descriptor/isAllowedCharacter.t.sol:IsAllowedCharacter_Integration_Fuzz_Test
[PASS] testFuzz_IsAllowedCharacter(string) (runs: 50, μ: 11525, ~: 11267)
Suite result: ok. 1 passed; 0 failed; 0 skipped; finished in 10.59ms (6.00ms CPU time)

Ran 7 tests for tests/integration/concrete/lockup-base/renounce-multiple/renounceMultiple.t.sol:RenounceMultiple_Integration_Concrete_Test
[PASS] test_GivenAllStreamsCancelable() (gas: 44827)
[PASS] test_RevertGiven_AtLeastOneColdStream() (gas: 317267)
[PASS] test_RevertGiven_AtLeastOneNonCancelableStream() (gas: 31889)
[PASS] test_RevertGiven_AtLeastOneNullStream() (gas: 30863)
[PASS] test_RevertWhen_CallerUnauthorizedForAny() (gas: 24682)
[PASS] test_RevertWhen_DelegateCall() (gas: 17858)
[PASS] test_WhenZeroArrayLength() (gas: 6000)
Suite result: ok. 7 passed; 0 failed; 0 skipped; finished in 8.21ms (487.67µs CPU time)

Ran 3 tests for tests/integration/concrete/nft-descriptor/safe-token-decimals/safeTokenDecimals.t.sol:SafeTokenDecimals_Integration_Concrete_Test
[PASS] test_WhenDecimalsImplemented() (gas: 15336)
[PASS] test_WhenDecimalsNotImplemented() (gas: 14161)
[PASS] test_WhenTokenNotContract() (gas: 12565)
Suite result: ok. 3 passed; 0 failed; 0 skipped; finished in 9.37ms (126.54µs CPU time)

Ran 6 tests for tests/integration/concrete/nft-descriptor/safe-token-symbol/safeTokenSymbol.t.sol:SafeTokenSymbol_Integration_Concrete_Test
[PASS] test_GivenSymbolAsBytes32() (gas: 59774)
[PASS] test_GivenSymbolContainsAlphanumericChars() (gas: 23215)
[PASS] test_GivenSymbolContainsNon_alphanumericChars() (gas: 444544)
[PASS] test_GivenSymbolLongerThan30Chars() (gas: 511431)
[PASS] test_GivenSymbolNotImplemented() (gas: 15590)
[PASS] test_WhenTokenNotContract() (gas: 13954)
Suite result: ok. 6 passed; 0 failed; 0 skipped; finished in 5.27ms (315.92µs CPU time)

Ran 3 tests for tests/integration/concrete/lockup-base/set-nft-descriptor/setNFTDescriptor.t.sol:SetNFTDescriptor_Integration_Concrete_Test
[PASS] test_RevertWhen_CallerNotAdmin() (gas: 16569)
[PASS] test_WhenProvidedAddressMatchesCurrentNFTDescriptor() (gas: 2151681)
[PASS] test_WhenProvidedAddressNotMatchCurrentNFTDescriptor() (gas: 6208520)
Suite result: ok. 3 passed; 0 failed; 0 skipped; finished in 34.01ms (25.83ms CPU time)

Ran 6 tests for tests/integration/concrete/lockup-base/status-of/statusOf.t.sol:StatusOf_Integration_Concrete_Test
[PASS] test_GivenCanceledStream() (gas: 91863)
[PASS] test_GivenNonZeroRefundableAmount() (gas: 48953)
[PASS] test_GivenStartTimeInFuture() (gas: 16583)
[PASS] test_GivenTokensFullyWithdrawn() (gas: 84406)
[PASS] test_GivenZeroRefundableAmount() (gas: 37265)
[PASS] test_RevertGiven_Null() (gas: 15334)
Suite result: ok. 6 passed; 0 failed; 0 skipped; finished in 8.78ms (395.67µs CPU time)

Ran 1 test for tests/integration/fuzz/lockup-tranched/createWithDurationsLT.t.sol:CreateWithDurationsLT_Integration_Fuzz_Test
[PASS] testFuzz_CreateWithDurationsLT((uint128,uint40)[]) (runs: 50, μ: 4800822, ~: 4902329)
Suite result: ok. 1 passed; 0 failed; 0 skipped; finished in 323.08ms (315.79ms CPU time)

Ran 2 tests for tests/integration/concrete/batch-lockup/create-with-durations-lt/createWithDurationsLT.t.sol:CreateWithDurationsLT_Integration_Test
[PASS] test_RevertWhen_BatchSizeZero() (gas: 15309)
[PASS] test_WhenBatchSizeNotZero() (gas: 2142013)
Suite result: ok. 2 passed; 0 failed; 0 skipped; finished in 7.42ms (1.61ms CPU time)

Ran 5 tests for tests/integration/fuzz/lockup-dynamic/withdraw.t.sol:Withdraw_Lockup_Dynamic_Integration_Fuzz_Test
[PASS] testFuzz_Withdraw(uint256,address,uint128) (runs: 50, μ: 148199, ~: 127253)
[PASS] testFuzz_Withdraw_CallerApprovedOperator(address) (runs: 50, μ: 109292, ~: 109292)
[PASS] testFuzz_Withdraw_SegmentFuzing(((uint128,uint64,uint40)[],uint256,address)) (runs: 50, μ: 3684778, ~: 3464759)
[PASS] testFuzz_Withdraw_StreamHasBeenCanceled(uint256,address,uint128) (runs: 50, μ: 169296, ~: 169456)
[PASS] testFuzz_Withdraw_UnknownCaller(address) (runs: 50, μ: 88866, ~: 88866)
Suite result: ok. 5 passed; 0 failed; 0 skipped; finished in 260.16ms (247.26ms CPU time)

Ran 2 tests for tests/integration/concrete/batch-lockup/create-with-timestamps-ll/createWithTimestamps.t.sol:CreateWithTimestampsLL_Integration_Test
[PASS] test_RevertWhen_BatchSizeZero() (gas: 15308)
[PASS] test_WhenBatchSizeNotZero() (gas: 1834088)
Suite result: ok. 2 passed; 0 failed; 0 skipped; finished in 7.14ms (1.32ms CPU time)

Ran 6 tests for tests/integration/concrete/lockup-dynamic/create-with-durations-ld/createWithDurationsLD.t.sol:CreateWithDurationsLD_Integration_Concrete_Test
[PASS] test_RevertWhen_DelegateCall() (gas: 34686)
[PASS] test_RevertWhen_FirstIndexHasZeroDuration() (gas: 49418)
[PASS] test_RevertWhen_SegmentCountExceedsMaxValue() (gas: 513825202)
[PASS] test_RevertWhen_StartTimeExceedsFirstTimestamp() (gas: 50172)
[PASS] test_RevertWhen_TimestampsNotStrictlyIncreasing() (gas: 51773)
[PASS] test_WhenTimestampsCalculationNotOverflow() (gas: 360376)
Suite result: ok. 6 passed; 0 failed; 0 skipped; finished in 299.96ms (293.26ms CPU time)

Ran 17 tests for tests/integration/concrete/lockup-dynamic/create-with-timestamps-ld/createWithTimestampsLD.t.sol:CreateWithTimestampsLD_Integration_Concrete_Test
[PASS] test_RevertWhen_BrokerFeeExceedsMaxValue() (gas: 50263)
[PASS] test_RevertWhen_DelegateCall() (gas: 39232)
[PASS] test_RevertWhen_DepositAmountNotEqualSegmentAmountsSum() (gas: 57697)
[PASS] test_RevertWhen_DepositAmountZero() (gas: 45252)
[PASS] test_RevertWhen_RecipientZeroAddress() (gas: 187505)
[PASS] test_RevertWhen_SegmentAmountsSumOverflows() (gas: 46974)
[PASS] test_RevertWhen_SegmentCountExceedsMaxValue() (gas: 36771993)
[PASS] test_RevertWhen_SegmentCountZero() (gas: 34978)
[PASS] test_RevertWhen_SenderZeroAddress() (gas: 45664)
[PASS] test_RevertWhen_ShapeExceeds32Bytes() (gas: 95946)
[PASS] test_RevertWhen_StartTimeEqualsFirstTimestamp() (gas: 48272)
[PASS] test_RevertWhen_StartTimeGreaterThanFirstTimestamp() (gas: 48367)
[PASS] test_RevertWhen_StartTimeZero() (gas: 50543)
[PASS] test_RevertWhen_TimestampsNotStrictlyIncreasing() (gas: 50754)
[PASS] test_RevertWhen_TokenNotContract() (gas: 230029)
[PASS] test_WhenTokenMissesERC20ReturnValue() (gas: 373940)
[PASS] test_WhenTokenNotMissERC20ReturnValue() (gas: 349439)
Suite result: ok. 17 passed; 0 failed; 0 skipped; finished in 65.23ms (57.11ms CPU time)

Ran 3 tests for tests/integration/fuzz/lockup-dynamic/streamedAmountOf.t.sol:StreamedAmountOf_Lockup_Dynamic_Integration_Fuzz_Test
[PASS] testFuzz_StreamedAmountOf_Calculation((uint128,uint64,uint40)[],uint40) (runs: 50, μ: 4222011, ~: 4203476)
[PASS] testFuzz_StreamedAmountOf_Monotonicity((uint128,uint64,uint40)[],uint40,uint40) (runs: 50, μ: 3980108, ~: 3970785)
[PASS] testFuzz_StreamedAmountOf_OneSegment((uint128,uint64,uint40),uint40) (runs: 50, μ: 286634, ~: 283483)
Suite result: ok. 3 passed; 0 failed; 0 skipped; finished in 405.27ms (395.27ms CPU time)

Ran 14 tests for tests/integration/concrete/lockup-linear/streamed-amount-of/streamedAmountOf.t.sol:StreamedAmountOf_Lockup_Linear_Integration_Concrete_Test
[PASS] test_GivenCanceledStreamAndCANCELEDStatus() (gas: 89177)
[PASS] test_GivenCanceledStreamAndDEPLETEDStatus() (gas: 117400)
[PASS] test_GivenCliffAmount() (gas: 40963)
[PASS] test_GivenCliffTimeInFuture() (gas: 252425)
[PASS] test_GivenCliffTimeInFuture_Zero() (gas: 39322)
[PASS] test_GivenCliffTimeInPresent() (gas: 40894)
[PASS] test_GivenCliffTimeZero() (gas: 206557)
[PASS] test_GivenDEPLETEDStatus() (gas: 81201)
[PASS] test_GivenNoCliffAmount() (gas: 230494)
[PASS] test_GivenPENDINGStatus() (gas: 30707)
[PASS] test_GivenSETTLEDStatus() (gas: 36832)
[PASS] test_GivenSTREAMINGStatus() (gas: 37715)
[PASS] test_GivenStartAmount() (gas: 254145)
[PASS] test_RevertGiven_Null() (gas: 15290)
Suite result: ok. 14 passed; 0 failed; 0 skipped; finished in 31.31ms (1.37ms CPU time)

Ran 5 tests for tests/integration/fuzz/lockup-tranched/withdraw.t.sol:Withdraw_Lockup_Tranched_Integration_Fuzz_Test
[PASS] testFuzz_Withdraw(uint256,address,uint128) (runs: 50, μ: 125325, ~: 125096)
[PASS] testFuzz_Withdraw_CallerApprovedOperator(address) (runs: 50, μ: 105519, ~: 105519)
[PASS] testFuzz_Withdraw_StreamHasBeenCanceled(uint256,address,uint128) (runs: 50, μ: 157439, ~: 157261)
[PASS] testFuzz_Withdraw_TrancheFuzzing(((uint128,uint40)[],uint256,address)) (runs: 50, μ: 3871800, ~: 3132308)
[PASS] testFuzz_Withdraw_UnknownCaller(address) (runs: 50, μ: 85093, ~: 85093)
Suite result: ok. 5 passed; 0 failed; 0 skipped; finished in 252.97ms (246.16ms CPU time)

Ran 3 tests for tests/integration/fuzz/lockup-linear/streamedAmountOf.t.sol:StreamedAmountOf_Lockup_Linear_Integration_Fuzz_Test
[PASS] testFuzz_StreamedAmountOf_Calculation(uint40,uint128,(uint128,uint128)) (runs: 50, μ: 308197, ~: 309043)
[PASS] testFuzz_StreamedAmountOf_CliffTimeInFuture(uint40,uint128,(uint128,uint128)) (runs: 50, μ: 302267, ~: 303013)
[PASS] testFuzz_StreamedAmountOf_Monotonicity(uint40,uint40,uint128,(uint128,uint128)) (runs: 50, μ: 313466, ~: 314542)
Suite result: ok. 3 passed; 0 failed; 0 skipped; finished in 86.25ms (56.20ms CPU time)

Ran 5 tests for tests/integration/concrete/lockup-base/withdraw-hooks/withdrawHooks.t.sol:WithdrawHooks_Integration_Concrete_Test
[PASS] test_GivenRecipientSameAsSender() (gas: 310731)
[PASS] test_WhenCallerApprovedThirdParty() (gas: 125801)
[PASS] test_WhenCallerRecipient() (gas: 91096)
[PASS] test_WhenCallerSender() (gas: 99017)
[PASS] test_WhenCallerUnknown() (gas: 96834)
Suite result: ok. 5 passed; 0 failed; 0 skipped; finished in 18.28ms (1.71ms CPU time)

Ran 2 tests for tests/integration/concrete/lockup-base/withdraw-max/withdrawMax.t.sol:WithdrawMax_Integration_Concrete_Test
[PASS] test_GivenEndTimeInFuture() (gas: 104759)
[PASS] test_GivenEndTimeNotInFuture() (gas: 102154)
Suite result: ok. 2 passed; 0 failed; 0 skipped; finished in 8.46ms (350.17µs CPU time)

Ran 11 tests for tests/integration/concrete/lockup-tranched/streamed-amount-of/streamedAmountOf.t.sol:StreamedAmountOf_Lockup_Tranched_Integration_Concrete_Test
[PASS] test_GivenCanceledStreamAndCANCELEDStatus() (gas: 91331)
[PASS] test_GivenCanceledStreamAndDEPLETEDStatus() (gas: 119565)
[PASS] test_GivenDEPLETEDStatus() (gas: 84612)
[PASS] test_GivenEndTimeNotInFuture() (gas: 42903)
[PASS] test_GivenFirstTrancheTimestampInFuture() (gas: 43425)
[PASS] test_GivenFirstTrancheTimestampNotInFuture() (gas: 46743)
[PASS] test_GivenPENDINGStatus() (gas: 33357)
[PASS] test_GivenSETTLEDStatus() (gas: 39566)
[PASS] test_GivenSTREAMINGStatus() (gas: 39886)
[PASS] test_GivenStartTimeInPresent() (gas: 42089)
[PASS] test_RevertGiven_Null() (gas: 15356)
Suite result: ok. 11 passed; 0 failed; 0 skipped; finished in 13.35ms (740.63µs CPU time)

Ran 1 test for tests/integration/fuzz/lockup-dynamic/createWithDurationsLD.t.sol:CreateWithDurationsLD_Integration_Fuzz_Test
[PASS] testFuzz_CreateWithDurationsLD((uint128,uint64,uint40)[]) (runs: 50, μ: 4413255, ~: 4560955)
Suite result: ok. 1 passed; 0 failed; 0 skipped; finished in 281.32ms (272.37ms CPU time)

Ran 2 tests for tests/integration/concrete/batch-lockup/create-with-durations-ld/createWithDurationsLD.t.sol:CreateWithDurationsLD_Integration_Test
[PASS] test_RevertWhen_BatchSizeZero() (gas: 15352)
[PASS] test_WhenBatchSizeNotZero() (gas: 2165694)
Suite result: ok. 2 passed; 0 failed; 0 skipped; finished in 7.61ms (1.69ms CPU time)

Ran 2 tests for tests/integration/fuzz/lockup-base/withdrawMax.t.sol:WithdrawMax_Integration_Fuzz_Test
[PASS] testFuzz_WithdrawMax(uint256) (runs: 50, μ: 131609, ~: 132918)
[PASS] testFuzz_WithdrawMax_EndTimeNotInFuture(uint256) (runs: 50, μ: 103199, ~: 103277)
Suite result: ok. 2 passed; 0 failed; 0 skipped; finished in 30.51ms (21.88ms CPU time)

Ran 8 tests for tests/integration/concrete/lockup-base/withdraw-max-and-transfer/withdrawMaxAndTransfer.t.sol:WithdrawMaxAndTransfer_Integration_Concrete_Test
[PASS] test_GivenZeroWithdrawableAmount() (gas: 130469)
[PASS] test_RevertGiven_BurnedNFT() (gas: 101299)
[PASS] test_RevertGiven_NonTransferableStream() (gas: 41969)
[PASS] test_RevertGiven_Null() (gas: 17662)
[PASS] test_RevertWhen_CallerNotCurrentRecipient() (gas: 23905)
[PASS] test_RevertWhen_DelegateCall() (gas: 15074)
[PASS] test_WhenCallerApprovedThirdParty() (gas: 145035)
[PASS] test_WhenCallerCurrentRecipient() (gas: 140221)
Suite result: ok. 8 passed; 0 failed; 0 skipped; finished in 6.51ms (740.17µs CPU time)

Ran 3 tests for tests/integration/concrete/lockup-linear/create-with-durations-ll/createWithDurationsLL.t.sol:CreateWithDurationsLL_Integration_Concrete_Test
[PASS] test_RevertWhen_DelegateCall() (gas: 31857)
[PASS] test_WhenCliffDurationNotZero() (gas: 319947)
[PASS] test_WhenCliffDurationZero() (gas: 281798)
Suite result: ok. 3 passed; 0 failed; 0 skipped; finished in 10.33ms (736.50µs CPU time)

Ran 1 test for tests/integration/fuzz/lockup-base/withdrawMaxAndTransfer.t.sol:WithdrawMaxAndTransfer_Integration_Fuzz_Test
[PASS] testFuzz_WithdrawMaxAndTransfer(uint256,address) (runs: 50, μ: 160496, ~: 171122)
Suite result: ok. 1 passed; 0 failed; 0 skipped; finished in 24.82ms (14.70ms CPU time)

Ran 1 test for tests/integration/fuzz/lockup-linear/createWithDurationsLL.t.sol:CreateWithDurationsLL_Integration_Fuzz_Test
[PASS] testFuzz_CreateWithDurationsLL((uint40,uint40)) (runs: 50, μ: 322704, ~: 324177)
Suite result: ok. 1 passed; 0 failed; 0 skipped; finished in 31.72ms (25.19ms CPU time)

Ran 5 tests for tests/integration/concrete/lockup-base/withdraw-multiple/withdrawMultiple.t.sol:WithdrawMultiple_Integration_Concrete_Test
[PASS] test_RevertWhen_DelegateCall() (gas: 20637)
[PASS] test_RevertWhen_UnequalArraysLength() (gas: 10346)
[PASS] test_WhenNoStreamsRevert() (gas: 3271706)
[PASS] test_WhenOneStreamReverts() (gas: 3066162)
[PASS] test_WhenZeroArrayLength() (gas: 6367)
Suite result: ok. 5 passed; 0 failed; 0 skipped; finished in 12.96ms (7.07ms CPU time)

Ran 2 tests for tests/integration/concrete/batch-lockup/create-with-durations-ll/createWithDurationsLL.t.sol:CreateWithDurationsLL_Integration_Test
[PASS] test_RevertWhen_BatchSizeZero() (gas: 15330)
[PASS] test_WhenBatchSizeNotZero() (gas: 1830613)
Suite result: ok. 2 passed; 0 failed; 0 skipped; finished in 7.08ms (1.27ms CPU time)

Ran 9 tests for tests/integration/concrete/lockup-dynamic/withdrawable-amount-of/withdrawableAmountOf.t.sol:WithdrawableAmountOf_Lockup_Dynamic_Integration_Concrete_Test
[PASS] test_GivenCanceledStreamAndCANCELEDStatus() (gas: 93569)
[PASS] test_GivenCanceledStreamAndDEPLETEDStatus() (gas: 120931)
[PASS] test_GivenDEPLETEDStatus() (gas: 85101)
[PASS] test_GivenNoPreviousWithdrawals() (gas: 58231)
[PASS] test_GivenPENDINGStatus() (gas: 34244)
[PASS] test_GivenPreviousWithdrawal() (gas: 110407)
[PASS] test_GivenSETTLEDStatus() (gas: 40451)
[PASS] test_GivenStartTimeInPresent() (gas: 44533)
[PASS] test_RevertGiven_Null() (gas: 15311)
Suite result: ok. 9 passed; 0 failed; 0 skipped; finished in 9.12ms (2.32ms CPU time)

Ran 2 tests for tests/integration/fuzz/lockup-dynamic/withdrawableAmountOf.t.sol:WithdrawableAmountOf_Lockup_Dynamic_Integration_Fuzz_Test
[PASS] testFuzz_WithdrawableAmountOf(uint40,uint128) (runs: 50, μ: 309661, ~: 293517)
[PASS] testFuzz_WithdrawableAmountOf_NoPreviousWithdrawals(uint40) (runs: 50, μ: 273910, ~: 265208)
Suite result: ok. 2 passed; 0 failed; 0 skipped; finished in 48.43ms (38.25ms CPU time)

Ran 9 tests for tests/integration/concrete/lockup-linear/withdrawable-amount-of/withdrawableAmountOf.t.sol:WithdrawableAmountOf_Lockup_Linear_Integration_Concrete_Test
[PASS] test_GivenCanceledStreamAndCANCELEDStatus() (gas: 89524)
[PASS] test_GivenCanceledStreamAndDEPLETEDStatus() (gas: 116887)
[PASS] test_GivenCliffTimeInFuture() (gas: 39694)
[PASS] test_GivenDEPLETEDStatus() (gas: 80666)
[PASS] test_GivenNoPreviousWithdrawals() (gas: 41286)
[PASS] test_GivenPENDINGStatus() (gas: 31034)
[PASS] test_GivenPreviousWithdrawal() (gas: 79426)
[PASS] test_GivenSETTLEDStatus() (gas: 37222)
[PASS] test_RevertGiven_Null() (gas: 15311)
Suite result: ok. 9 passed; 0 failed; 0 skipped; finished in 7.24ms (643.67µs CPU time)

Ran 3 tests for tests/integration/fuzz/lockup-linear/withdrawableAmountOf.t.sol:WithdrawableAmountOf_Lockup_Linear_Integration_Fuzz_Test
[PASS] testFuzz_WithdrawableAmountOf(uint40,uint128,uint128) (runs: 50, μ: 289610, ~: 288974)
[PASS] testFuzz_WithdrawableAmountOf_CliffTimeInFuture(uint40) (runs: 50, μ: 38310, ~: 38502)
[PASS] testFuzz_WithdrawableAmountOf_NoPreviousWithdrawals(uint40,uint128) (runs: 50, μ: 287846, ~: 287212)
Suite result: ok. 3 passed; 0 failed; 0 skipped; finished in 52.87ms (42.52ms CPU time)

Ran 9 tests for tests/integration/concrete/lockup-tranched/withdrawable-amount-of/withdrawableAmountOf.t.sol:WithdrawableAmountOf_Lockup_Tranched_Integration_Concrete_Test
[PASS] test_GivenCanceledStreamAndCANCELEDStatus() (gas: 91689)
[PASS] test_GivenCanceledStreamAndDEPLETEDStatus() (gas: 119051)
[PASS] test_GivenDEPLETEDStatus() (gas: 84122)
[PASS] test_GivenNoPreviousWithdrawals() (gas: 45754)
[PASS] test_GivenPENDINGStatus() (gas: 33749)
[PASS] test_GivenPreviousWithdrawal() (gas: 85913)
[PASS] test_GivenSETTLEDStatus() (gas: 39956)
[PASS] test_GivenStartTimeInPresent() (gas: 42437)
[PASS] test_RevertGiven_Null() (gas: 15311)
Suite result: ok. 9 passed; 0 failed; 0 skipped; finished in 12.01ms (2.30ms CPU time)

Ran 2 tests for tests/integration/fuzz/lockup-tranched/withdrawableAmountOf.t.sol:WithdrawableAmountOf_Lockup_Tranched_Integration_Fuzz_Test
[PASS] testFuzz_WithdrawableAmountOf(uint40,uint128) (runs: 50, μ: 289112, ~: 288888)
[PASS] testFuzz_WithdrawableAmountOf_NoPreviousWithdrawals(uint40) (runs: 50, μ: 262607, ~: 262558)
Suite result: ok. 2 passed; 0 failed; 0 skipped; finished in 38.40ms (29.71ms CPU time)

Ran 2 tests for tests/integration/fuzz/lockup-tranched/streamedAmountOf.t.sol:StreamedAmountOf_Lockup_Tranched_Integration_Fuzz_Test
[PASS] testFuzz_StreamedAmountOf_Calculation((uint128,uint40)[],uint40) (runs: 50, μ: 4156677, ~: 4425911)
[PASS] testFuzz_StreamedAmountOf_Monotonicity((uint128,uint40)[],uint40,uint40) (runs: 50, μ: 3718925, ~: 3919893)
Suite result: ok. 2 passed; 0 failed; 0 skipped; finished in 272.49ms (265.78ms CPU time)

Ran 1 test for tests/unit/concrete/nft-descriptor/stringifyCardType.t.sol:StringifyCardType_Unit_Concrete_Test
[PASS] test_StringifyCardType() (gas: 18904)
Suite result: ok. 1 passed; 0 failed; 0 skipped; finished in 4.64ms (60.33µs CPU time)

Ran 3 tests for tests/unit/concrete/nft-descriptor/stringifyFractionalAmount.t.sol:StringifyFractionalAmount_Unit_Concrete_Test
[PASS] test_FractionalAmount_LeadingZero() (gas: 18776)
[PASS] test_FractionalAmount_NoLeadingZero() (gas: 30747)
[PASS] test_FractionalAmount_Zero() (gas: 9959)
Suite result: ok. 3 passed; 0 failed; 0 skipped; finished in 4.67ms (172.96µs CPU time)

Ran 2 tests for tests/unit/concrete/nft-descriptor/stringifyPercentage.t.sol:StringifyPercentage_Unit_Concrete_Test
[PASS] test_StringifyPercentage_FractionalPart() (gas: 37675)
[PASS] test_StringifyPercentage_NoFractionalPart() (gas: 32304)
Suite result: ok. 2 passed; 0 failed; 0 skipped; finished in 4.73ms (221.25µs CPU time)

Ran 1 test for tests/unit/concrete/nft-descriptor/stringifyStatus.t.sol:StringifyStatus_Unit_Concrete_Test
[PASS] test_StringifyStatus() (gas: 23837)
Suite result: ok. 1 passed; 0 failed; 0 skipped; finished in 10.58ms (373.96µs CPU time)

Ran 6 tests for tests/integration/concrete/lockup-tranched/create-with-durations-lt/createWithDurationsLT.t.sol:CreateWithDurationsLT_Integration_Concrete_Test
[PASS] test_RevertWhen_DelegateCall() (gas: 33083)
[PASS] test_RevertWhen_FirstIndexHasZeroDuration() (gas: 48886)
[PASS] test_RevertWhen_StartTimeExceedsFirstTimestamp() (gas: 47799)
[PASS] test_RevertWhen_TimestampsNotStrictlyIncreasing() (gas: 49348)
[PASS] test_RevertWhen_TrancheCountExceedsMaxValue() (gas: 284895717)
[PASS] test_WhenTimestampsCalculationNotOverflow() (gas: 352866)
Suite result: ok. 6 passed; 0 failed; 0 skipped; finished in 241.64ms (235.01ms CPU time)

Ran 3 tests for tests/integration/concrete/lockup-base/token-uri/tokenURI.t.sol:TokenURI_Lockup_Integration_Concrete_Test
[PASS] test_RevertGiven_NFTNotExist() (gas: 15525)
[PASS] test_WhenTokenURIDecoded() (gas: 3101898)
[PASS] test_WhenTokenURINotDecoded() (gas: 2380014)
Suite result: ok. 3 passed; 0 failed; 0 skipped; finished in 27.52ms (16.42ms CPU time)

Ran 4 tests for tests/unit/concrete/adminable/transfer-admin/transferAdmin.t.sol:TransferAdmin_Unit_Concrete_Test
[PASS] test_RevertWhen_CallerNotAdmin() (gas: 16414)
[PASS] test_WhenNewAdminNotZeroAddress() (gas: 25739)
[PASS] test_WhenNewAdminSameAsCurrentAdmin() (gas: 20855)
[PASS] test_WhenNewAdminZeroAddress() (gas: 18634)
Suite result: ok. 4 passed; 0 failed; 0 skipped; finished in 4.74ms (109.08µs CPU time)

Ran 2 tests for tests/unit/fuzz/transferAdmin.t.sol:TransferAdmin_Unit_Fuzz_Test
[PASS] testFuzz_RevertWhen_CallerNotAdmin(address) (runs: 50, μ: 15596, ~: 15596)
[PASS] testFuzz_TransferAdmin(address) (runs: 50, μ: 23971, ~: 23971)
Suite result: ok. 2 passed; 0 failed; 0 skipped; finished in 8.86ms (4.31ms CPU time)

Ran 2 tests for tests/integration/concrete/lockup-base/transfer-from/transferFrom.t.sol:TransferFrom_Integration_Concrete_Test
[PASS] test_GivenTransferableStream() (gas: 62209)
[PASS] test_RevertGiven_NonTransferableStream() (gas: 20147)
Suite result: ok. 2 passed; 0 failed; 0 skipped; finished in 5.90ms (82.75µs CPU time)

Ran 16 tests for tests/integration/concrete/lockup-linear/create-with-timestamps-ll/createWithTimestampsLL.t.sol:CreateWithTimestampsLL_Integration_Concrete_Test
[PASS] test_RevertWhen_BrokerFeeExceedsMaxValue() (gas: 45869)
[PASS] test_RevertWhen_CliffTimeNotLessThanEndTime() (gas: 52236)
[PASS] test_RevertWhen_CliffUnlockAmountNotZero() (gas: 41812)
[PASS] test_RevertWhen_DelegateCall() (gas: 36525)
[PASS] test_RevertWhen_DepositAmountZero() (gas: 40779)
[PASS] test_RevertWhen_RecipientZeroAddress() (gas: 159554)
[PASS] test_RevertWhen_SenderZeroAddress() (gas: 41226)
[PASS] test_RevertWhen_ShapeExceeds32Bytes() (gas: 91485)
[PASS] test_RevertWhen_StartTimeNotLessThanCliffTime() (gas: 56737)
[PASS] test_RevertWhen_StartTimeNotLessThanEndTime() (gas: 49380)
[PASS] test_RevertWhen_StartTimeZero() (gas: 46083)
[PASS] test_RevertWhen_TokenNotContract() (gas: 202077)
[PASS] test_RevertWhen_UnlockAmountsSumExceedsDepositAmount() (gas: 52385)
[PASS] test_WhenStartTimeLessThanEndTime() (gas: 270402)
[PASS] test_WhenTokenMissesERC20ReturnValue() (gas: 339630)
[PASS] test_WhenTokenNotMissERC20ReturnValue() (gas: 315153)
Suite result: ok. 16 passed; 0 failed; 0 skipped; finished in 7.60ms (1.77ms CPU time)

Ran 5 tests for tests/integration/fuzz/lockup-linear/createWithTimestampsLL.t.sol:CreateWithTimestampsLL_Integration_Fuzz_Test
[PASS] testFuzz_CreateWithTimestampsLL(address,(address,address,uint128,address,bool,bool,(uint40,uint40),string,(address,uint256)),(uint128,uint128),uint40) (runs: 50, μ: 436060, ~: 445890)
[PASS] testFuzz_RevertWhen_BrokerFeeTooHigh((address,uint256)) (runs: 50, μ: 50185, ~: 49888)
[PASS] testFuzz_RevertWhen_CliffTimeNotLessThanEndTime(uint40,uint40) (runs: 50, μ: 57179, ~: 57273)
[PASS] testFuzz_RevertWhen_ShapeExceeds32Bytes(string) (runs: 50, μ: 95435, ~: 92285)
[PASS] testFuzz_RevertWhen_StartTimeNotLessThanCliffTime(uint40) (runs: 50, μ: 54767, ~: 54783)
Suite result: ok. 5 passed; 0 failed; 0 skipped; finished in 52.96ms (46.44ms CPU time)

Ran 17 tests for tests/integration/concrete/lockup-tranched/create-with-timestamps-lt/createWithTimestampsLT.t.sol:CreateWithTimestampsLT_Integration_Concrete_Test
[PASS] test_RevertWhen_BrokerFeeExceedsMaxValue() (gas: 50293)
[PASS] test_RevertWhen_DelegateCall() (gas: 39400)
[PASS] test_RevertWhen_DepositAmountNotEqualTrancheAmountsSum() (gas: 57706)
[PASS] test_RevertWhen_DepositAmountZero() (gas: 45282)
[PASS] test_RevertWhen_RecipientZeroAddress() (gas: 187400)
[PASS] test_RevertWhen_SenderZeroAddress() (gas: 45695)
[PASS] test_RevertWhen_ShapeExceeds32Bytes() (gas: 95976)
[PASS] test_RevertWhen_StartTimeEqualsFirstTimestamp() (gas: 58011)
[PASS] test_RevertWhen_StartTimeGreaterThanFirstTimestamp() (gas: 47802)
[PASS] test_RevertWhen_StartTimeZero() (gas: 50574)
[PASS] test_RevertWhen_TimestampsNotStrictlyIncreasing() (gas: 60250)
[PASS] test_RevertWhen_TokenNotContract() (gas: 229901)
[PASS] test_RevertWhen_TrancheAmountsSumOverflows() (gas: 55113)
[PASS] test_RevertWhen_TrancheCountExceedsMaxValue() (gas: 23961025)
[PASS] test_RevertWhen_TrancheCountZero() (gas: 34984)
[PASS] test_WhenTokenMissesERC20ReturnValue() (gas: 371779)
[PASS] test_WhenTokenNotMissERC20ReturnValue() (gas: 347302)
Suite result: ok. 17 passed; 0 failed; 0 skipped; finished in 45.04ms (39.21ms CPU time)

Ran 1 test for tests/integration/concrete/nft-descriptor/generateAccentColor.t.sol:GenerateAccentColor_Integration_Concrete_Test
[PASS] test_GenerateAccentColor() (gas: 15290)
Suite result: ok. 1 passed; 0 failed; 0 skipped; finished in 4.60ms (43.79µs CPU time)

Ran 2 tests for tests/unit/concrete/nft-descriptor/generateAttributes.t.sol:GenerateAttributes_Unit_Concrete_Test
[PASS] test_GenerateAttributes() (gas: 13760)
[PASS] test_GenerateAttributes_Empty() (gas: 13038)
Suite result: ok. 2 passed; 0 failed; 0 skipped; finished in 4.57ms (73.96µs CPU time)

Ran 2 tests for tests/integration/concrete/batch-lockup/create-with-timestamps-lt/createWithTimestampsLT.t.sol:CreateWithTimestampsLT_Integration_Test
[PASS] test_RevertWhen_BatchSizeZero() (gas: 15353)
[PASS] test_WhenBatchSizeNotZero() (gas: 2118345)
Suite result: ok. 2 passed; 0 failed; 0 skipped; finished in 11.23ms (4.44ms CPU time)

Ran 4 tests for tests/integration/fuzz/lockup-linear/LockupLinear.t.sol:Withdraw_Lockup_Linear_Integration_Fuzz_Test
[PASS] testFuzz_Withdraw(uint256,address,uint128) (runs: 50, μ: 121303, ~: 120341)
[PASS] testFuzz_Withdraw_CallerApprovedOperator(address) (runs: 50, μ: 103195, ~: 103195)
[PASS] testFuzz_Withdraw_StreamHasBeenCanceled(uint256,address,uint128) (runs: 50, μ: 155145, ~: 155136)
[PASS] testFuzz_Withdraw_UnknownCaller(address) (runs: 50, μ: 82763, ~: 82763)
Suite result: ok. 4 passed; 0 failed; 0 skipped; finished in 3.88s (59.58ms CPU time)

Ran 20 tests for tests/invariant/Invariant.t.sol:Invariant_Test
[PASS] invariant_CliffTimeGtStartTimeOrZero() (runs: 20, calls: 400, reverts: 0)
[PASS] invariant_ContractTokenBalance() (runs: 20, calls: 400, reverts: 0)
[PASS] invariant_DepositedAmountGteStreamedAmount() (runs: 20, calls: 400, reverts: 0)
[PASS] invariant_DepositedAmountGteWithdrawableAmount() (runs: 20, calls: 400, reverts: 0)
[PASS] invariant_DepositedAmountGteWithdrawnAmount() (runs: 20, calls: 400, reverts: 0)
[PASS] invariant_DepositedAmountNotZero() (runs: 20, calls: 400, reverts: 0)
[PASS] invariant_EndTimeGtCliffTime() (runs: 20, calls: 400, reverts: 0)
[PASS] invariant_EndTimeGtStartTime() (runs: 20, calls: 400, reverts: 0)
[PASS] invariant_NextStreamId() (runs: 20, calls: 400, reverts: 0)
[PASS] invariant_SegmentTimestampsOrdered() (runs: 20, calls: 400, reverts: 0)
[PASS] invariant_StartTimeNotZero() (runs: 20, calls: 400, reverts: 0)
[PASS] invariant_StatusCanceled() (runs: 20, calls: 400, reverts: 0)
[PASS] invariant_StatusDepleted() (runs: 20, calls: 400, reverts: 0)
[PASS] invariant_StatusPending() (runs: 20, calls: 400, reverts: 0)
[PASS] invariant_StatusSettled() (runs: 20, calls: 400, reverts: 0)
[PASS] invariant_StatusStreaming() (runs: 20, calls: 400, reverts: 0)
[PASS] invariant_StatusTransitions() (runs: 20, calls: 400, reverts: 0)
[PASS] invariant_StreamedAmountGteWithdrawableAmount() (runs: 20, calls: 400, reverts: 0)
[PASS] invariant_StreamedAmountGteWithdrawnAmount() (runs: 20, calls: 400, reverts: 0)
[PASS] invariant_TrancheTimestampsOrdered() (runs: 20, calls: 400, reverts: 0)
Suite result: ok. 20 passed; 0 failed; 0 skipped; finished in 3.90s (24.44s CPU time)

Ran 7 tests for tests/integration/fuzz/lockup-dynamic/createWithTimestampsLD.t.sol:CreateWithTimestampsLD_Integration_Fuzz_Test
[PASS] testFuzz_CreateWithTimestampsLD(address,(address,address,uint128,address,bool,bool,(uint40,uint40),string,(address,uint256)),(uint128,uint64,uint40)[]) (runs: 50, μ: 4126447, ~: 3717247)
[PASS] testFuzz_RevertWhen_BrokerFeeTooHigh((address,uint256)) (runs: 50, μ: 54697, ~: 54821)
[PASS] testFuzz_RevertWhen_DepositAmountNotEqualToSegmentAmountsSum(uint128) (runs: 50, μ: 59224, ~: 58981)
[PASS] testFuzz_RevertWhen_SegmentAmountsSumOverflows(uint128,uint128) (runs: 50, μ: 56973, ~: 57011)
[PASS] testFuzz_RevertWhen_SegmentCountTooHigh(uint256) (runs: 50, μ: 70952180, ~: 65764732)
[PASS] testFuzz_RevertWhen_ShapeExceeds32Bytes(string) (runs: 50, μ: 98989, ~: 96739)
[PASS] testFuzz_RevertWhen_StartTimeNotLessThanFirstSegmentTimestamp(uint40) (runs: 50, μ: 58422, ~: 58313)
Suite result: ok. 7 passed; 0 failed; 0 skipped; finished in 3.89s (3.90s CPU time)

Ran 2 tests for tests/integration/concrete/batch-lockup/create-with-timestamps-ld/createWithTimestampsLD.t.sol:CreateWithTimestampsLD_Integration_Test
[PASS] test_RevertWhen_BatchSizeZero() (gas: 15331)
[PASS] test_WhenBatchSizeNotZero() (gas: 2133004)
Suite result: ok. 2 passed; 0 failed; 0 skipped; finished in 7.31ms (1.60ms CPU time)

Ran 7 tests for tests/integration/fuzz/lockup-tranched/createWithTimestampsLT.t.sol:CreateWithTimestampsLT_Integration_Fuzz_Test
[PASS] testFuzz_CreateWithTimestampsLT(address,(address,address,uint128,address,bool,bool,(uint40,uint40),string,(address,uint256)),(uint128,uint40)[]) (runs: 50, μ: 4438886, ~: 4397069)
[PASS] testFuzz_RevertWhen_BrokerFeeTooHigh((address,uint256)) (runs: 50, μ: 50986, ~: 51262)
[PASS] testFuzz_RevertWhen_DepositAmountNotEqualToTrancheAmountsSum(uint128) (runs: 50, μ: 48360, ~: 48191)
[PASS] testFuzz_RevertWhen_ShapeExceeds32Bytes(string) (runs: 50, μ: 98582, ~: 96782)
[PASS] testFuzz_RevertWhen_StartTimeNotLessThanFirstTrancheTimestamp(uint40) (runs: 50, μ: 48144, ~: 48021)
[PASS] testFuzz_RevertWhen_TrancheAmountsSumOverflows(uint128,uint128) (runs: 50, μ: 48173, ~: 48233)
[PASS] testFuzz_RevertWhen_TrancheCountTooHigh(uint256) (runs: 50, μ: 540264057, ~: 385678596)
Suite result: ok. 7 passed; 0 failed; 0 skipped; finished in 10.74s (10.73s CPU time)

Ran 110 test suites in 12.59s (26.09s CPU time): 575 tests passed, 15 failed, 0 skipped (590 total tests)

Failing tests:
Encountered 1 failing test in tests/fork/tokens/DAI.t.sol:DAI_Lockup_Dynamic_Fork_Test
[FAIL: setup failed: vm.createSelectFork: Failed to resolve env var `MAINNET_RPC_URL` in `${MAINNET_RPC_URL}`: environment variable not found] setUp() (gas: 0)

Encountered 1 failing test in tests/fork/tokens/DAI.t.sol:DAI_Lockup_Linear_Fork_Test
[FAIL: setup failed: vm.createSelectFork: Failed to resolve env var `MAINNET_RPC_URL` in `${MAINNET_RPC_URL}`: environment variable not found] setUp() (gas: 0)

Encountered 1 failing test in tests/fork/tokens/DAI.t.sol:DAI_Lockup_Tranched_Fork_Test
[FAIL: setup failed: vm.createSelectFork: Failed to resolve env var `MAINNET_RPC_URL` in `${MAINNET_RPC_URL}`: environment variable not found] setUp() (gas: 0)

Encountered 1 failing test in tests/fork/tokens/EURS.t.sol:EURS_Lockup_Dynamic_Fork_Test
[FAIL: setup failed: vm.createSelectFork: Failed to resolve env var `MAINNET_RPC_URL` in `${MAINNET_RPC_URL}`: environment variable not found] setUp() (gas: 0)

Encountered 1 failing test in tests/fork/tokens/EURS.t.sol:EURS_Lockup_Linear_Fork_Test
[FAIL: setup failed: vm.createSelectFork: Failed to resolve env var `MAINNET_RPC_URL` in `${MAINNET_RPC_URL}`: environment variable not found] setUp() (gas: 0)

Encountered 1 failing test in tests/fork/tokens/EURS.t.sol:EURS_Lockup_Tranched_Fork_Test
[FAIL: setup failed: vm.createSelectFork: Failed to resolve env var `MAINNET_RPC_URL` in `${MAINNET_RPC_URL}`: environment variable not found] setUp() (gas: 0)

Encountered 1 failing test in tests/fork/tokens/SHIB.t.sol:SHIB_Lockup_Dynamic_Fork_Test
[FAIL: setup failed: vm.createSelectFork: Failed to resolve env var `MAINNET_RPC_URL` in `${MAINNET_RPC_URL}`: environment variable not found] setUp() (gas: 0)

Encountered 1 failing test in tests/fork/tokens/SHIB.t.sol:SHIB_Lockup_Linear_Fork_Test
[FAIL: setup failed: vm.createSelectFork: Failed to resolve env var `MAINNET_RPC_URL` in `${MAINNET_RPC_URL}`: environment variable not found] setUp() (gas: 0)

Encountered 1 failing test in tests/fork/tokens/SHIB.t.sol:SHIB_Lockup_Tranched_Fork_Test
[FAIL: setup failed: vm.createSelectFork: Failed to resolve env var `MAINNET_RPC_URL` in `${MAINNET_RPC_URL}`: environment variable not found] setUp() (gas: 0)

Encountered 1 failing test in tests/fork/tokens/USDC.t.sol:USDC_Lockup_Dynamic_Fork_Test
[FAIL: setup failed: vm.createSelectFork: Failed to resolve env var `MAINNET_RPC_URL` in `${MAINNET_RPC_URL}`: environment variable not found] setUp() (gas: 0)

Encountered 1 failing test in tests/fork/tokens/USDC.t.sol:USDC_Lockup_Linear_Fork_Test
[FAIL: setup failed: vm.createSelectFork: Failed to resolve env var `MAINNET_RPC_URL` in `${MAINNET_RPC_URL}`: environment variable not found] setUp() (gas: 0)

Encountered 1 failing test in tests/fork/tokens/USDC.t.sol:USDC_Lockup_Tranched_Fork_Test
[FAIL: setup failed: vm.createSelectFork: Failed to resolve env var `MAINNET_RPC_URL` in `${MAINNET_RPC_URL}`: environment variable not found] setUp() (gas: 0)

Encountered 1 failing test in tests/fork/tokens/USDT.t.sol:USDT_Lockup_Dynamic_Fork_Test
[FAIL: setup failed: vm.createSelectFork: Failed to resolve env var `MAINNET_RPC_URL` in `${MAINNET_RPC_URL}`: environment variable not found] setUp() (gas: 0)

Encountered 1 failing test in tests/fork/tokens/USDT.t.sol:USDT_Lockup_Linear_Fork_Test
[FAIL: setup failed: vm.createSelectFork: Failed to resolve env var `MAINNET_RPC_URL` in `${MAINNET_RPC_URL}`: environment variable not found] setUp() (gas: 0)

Encountered 1 failing test in tests/fork/tokens/USDT.t.sol:USDT_Lockup_Tranched_Fork_Test
[FAIL: setup failed: vm.createSelectFork: Failed to resolve env var `MAINNET_RPC_URL` in `${MAINNET_RPC_URL}`: environment variable not found] setUp() (gas: 0)

Encountered a total of 15 failing tests, 575 tests succeeded
