No files changed, compilation skipped

Ran 6 tests for test/CallContextChecker.t.sol:CallContextCheckerTest
[PASS] testCheckNotDelegated() (gas: 19433)
[PASS] testCheckOnlyEIP7702Authority() (gas: 66346)
[PASS] testCheckOnlyProxy() (gas: 16903)
[PASS] testNotDelegatedGuard() (gas: 15987)
[PASS] testOnlyProxyGuard() (gas: 9192)
[PASS] test__codesize() (gas: 6374)
Suite result: ok. 6 passed; 0 failed; 0 skipped; finished in 937.63µs (787.38µs CPU time)

Ran 1 test for test/utils/SoladyTest.sol:SoladyTest
[PASS] test__codesize() (gas: 840)
Suite result: ok. 1 passed; 0 failed; 0 skipped; finished in 38.96µs (9.54µs CPU time)

Ran 1 test for test/utils/TestPlus.sol:TestPlus
[PASS] test__codesize() (gas: 406)
Suite result: ok. 1 passed; 0 failed; 0 skipped; finished in 31.25µs (9.17µs CPU time)

Ran 3 tests for test/TestPlus.t.sol:TestPlusrTest
[PASS] testRandomUnique(bytes32,bytes32) (runs: 256, μ: 113681, ~: 113686)
[PASS] testRandomUniqueAddress(bytes32,bytes32) (runs: 256, μ: 113395, ~: 113371)
[PASS] test__codesize() (gas: 2162)
Suite result: ok. 3 passed; 0 failed; 0 skipped; finished in 9.83ms (9.79ms CPU time)

Ran 7 tests for test/Brutalizer.t.sol:BrutalizerTest
[PASS] testBrutalizedAddress(bytes32,address) (runs: 256, μ: 1385, ~: 1330)
[PASS] testBrutalizedBool(bytes32,bool) (runs: 256, μ: 1141, ~: 741)
[PASS] testBrutalizedBytes1(bytes32,bytes1) (runs: 256, μ: 1469, ~: 1397)
[PASS] testBrutalizedBytes31(bytes32,bytes31) (runs: 256, μ: 1421, ~: 1336)
[PASS] testBrutalizedUint248(bytes32,uint248) (runs: 256, μ: 1369, ~: 1287)
[PASS] testBrutalizedUint8(bytes32,uint8) (runs: 256, μ: 1249, ~: 1203)
[PASS] test__codesize() (gas: 2592)
Suite result: ok. 7 passed; 0 failed; 0 skipped; finished in 31.92ms (31.81ms CPU time)

Ran 3 tests for test/DeploylessPredeployQueryer.t.sol:DeploylessPredeployQueryerTest
[PASS] testPredeployQueryer(bytes32) (runs: 256, μ: 275014, ~: 223493)
[PASS] testTargetGenerate() (gas: 3119)
[PASS] test__codesize() (gas: 8491)
Suite result: ok. 3 passed; 0 failed; 0 skipped; finished in 44.89ms (44.36ms CPU time)

Ran 11 tests for test/LibBytes.t.sol:LibBytesTest
[PASS] testCmp() (gas: 2607)
[PASS] testCmpDifferential(bytes,bytes) (runs: 256, μ: 41894, ~: 27513)
[PASS] testDirectReturn() (gas: 9225)
[PASS] testDirectReturn(uint256) (runs: 256, μ: 819021, ~: 644089)
[PASS] testEmptyCalldata() (gas: 478)
[PASS] testLoad(bytes) (runs: 256, μ: 27322, ~: 27257)
[PASS] testSliceCalldata() (gas: 3087)
[PASS] testSliceCalldata(bytes,uint256,uint256) (runs: 256, μ: 1821, ~: 1790)
[PASS] testTruncate(bytes,uint256) (runs: 257, μ: 1477, ~: 1443)
[PASS] testTruncatedCalldata(bytes,uint256) (runs: 257, μ: 1426, ~: 1392)
[PASS] test__codesize() (gas: 8506)
Suite result: ok. 11 passed; 0 failed; 0 skipped; finished in 55.99ms (55.88ms CPU time)

Ran 8 tests for test/CREATE3.t.sol:CREATE3Test
[PASS] testDeployERC20() (gas: 815879)
[PASS] testDeployERC20(bytes32,string,string,uint8) (runs: 256, μ: 859337, ~: 861963)
[PASS] testDeployedUpperBitsSafeForPlainSolidity() (gas: 613)
[PASS] testDoubleDeployDifferentBytecodeReverts() (gas: 96899651)
[PASS] testDoubleDeployDifferentBytecodeReverts(bytes32,bytes,bytes) (runs: 257, μ: 96880225, ~: 96880134)
[PASS] testDoubleDeploySameBytecodeReverts() (gas: 96889196)
[PASS] testDoubleDeploySameBytecodeReverts(bytes32,bytes) (runs: 256, μ: 96881080, ~: 96881010)
[PASS] test__codesize() (gas: 14174)
Suite result: ok. 8 passed; 0 failed; 0 skipped; finished in 63.59ms (71.28ms CPU time)

Ran 8 tests for test/UUPSUpgradeable.t.sol:UUPSUpgradeableTest
[PASS] testUpgradeTo() (gas: 310567)
[PASS] testUpgradeToAndCall() (gas: 332818)
[PASS] testUpgradeToAndCallRevertWithCustomError() (gas: 309875)
[PASS] testUpgradeToAndCallRevertWithUnauthorized() (gas: 16324)
[PASS] testUpgradeToAndCallRevertWithUpgradeFailed() (gas: 18616)
[PASS] testUpgradeToRevertWithUnauthorized() (gas: 16535)
[PASS] testUpgradeToRevertWithUpgradeFailed() (gas: 18826)
[PASS] test__codesize() (gas: 5428)
Suite result: ok. 8 passed; 0 failed; 0 skipped; finished in 259.75µs (178.12µs CPU time)

Ran 3 tests for test/TimedRoles.t.sol:TimedRolesTest
[PASS] testSetAndGetTimedRoles(bytes32) (runs: 256, μ: 97118, ~: 92093)
[PASS] testTimedRolesModifiers(bytes32) (runs: 256, μ: 196345, ~: 196222)
[PASS] test__codesize() (gas: 12870)
Suite result: ok. 3 passed; 0 failed; 0 skipped; finished in 53.93ms (53.79ms CPU time)

Ran 8 tests for test/UpgradeableBeacon.t.sol:UpgradeableBeaconTest
[PASS] testInitializeUpgradeableSolidityBeacon() (gas: 296434)
[PASS] testInitializeUpgradeableYulBeacon() (gas: 335455)
[PASS] testUpgradeableBeacon(uint256) (runs: 257, μ: 246653, ~: 258509)
[PASS] testUpgradeableSolidityBeaconOnlyFnSelectorNotRecognised() (gas: 234560)
[PASS] testUpgradeableSolidityBeaconOnlyOwnerFunctions() (gas: 260339)
[PASS] testUpgradeableYulBeaconOnlyFnSelectorNotRecognised() (gas: 172796)
[PASS] testUpgradeableYulBeaconOnlyOwnerFunctions() (gas: 198279)
[PASS] test__codesize() (gas: 8511)
Suite result: ok. 8 passed; 0 failed; 0 skipped; finished in 11.80ms (11.72ms CPU time)

Ran 2 tests for test/WETH.t.sol:WETHInvariants
[PASS] invariantTotalSupplyEqualsBalance() (runs: 10, calls: 150, reverts: 68)
[PASS] test__codesize() (gas: 5323)
Suite result: ok. 2 passed; 0 failed; 0 skipped; finished in 3.49ms (3.34ms CPU time)

Ran 8 tests for test/Timelock.t.sol:TimelockTest
[PASS] testAdminRole() (gas: 77269)
[PASS] testDelayRestriction(uint256,uint256,uint256) (runs: 257, μ: 576, ~: 579)
[PASS] testInitialize() (gas: 18446)
[PASS] testOpenRoleHolder() (gas: 215927)
[PASS] testOperationStateDifferentialTrick(uint256,uint256) (runs: 257, μ: 1925, ~: 2007)
[PASS] testPredecessor() (gas: 235228)
[PASS] testSetAndGetMinDelay(uint256) (runs: 257, μ: 102144, ~: 107416)
[PASS] test__codesize() (gas: 19961)
Suite result: ok. 8 passed; 0 failed; 0 skipped; finished in 29.90ms (29.68ms CPU time)

Ran 10 tests for test/WETH.t.sol:WETHTest
[PASS] testDeposit() (gas: 62296)
[PASS] testDeposit(uint256) (runs: 257, μ: 61214, ~: 62590)
[PASS] testFallbackDeposit() (gas: 62002)
[PASS] testFallbackDeposit(uint256) (runs: 257, μ: 61592, ~: 62251)
[PASS] testMetadata() (gas: 9013)
[PASS] testPartialWithdraw() (gas: 70446)
[PASS] testWithdraw() (gas: 52066)
[PASS] testWithdraw(uint256,uint256) (runs: 257, μ: 70176, ~: 71199)
[PASS] testWithdrawToContractWithoutReceiveReverts() (gas: 90183)
[PASS] test__codesize() (gas: 9555)
Suite result: ok. 10 passed; 0 failed; 0 skipped; finished in 18.22ms (18.11ms CPU time)

Ran 13 tests for test/Base64.t.sol:Base64Test
[PASS] testBase64DecodeSentenceGas() (gas: 3663)
[PASS] testBase64DecodeShortStringGas() (gas: 896)
[PASS] testBase64EncodeDecode(bytes) (runs: 256, μ: 5803, ~: 4968)
[PASS] testBase64EncodeDecodeAltModes(bytes) (runs: 256, μ: 846250, ~: 732216)
[PASS] testBase64EncodeEmptyString() (gas: 902)
[PASS] testBase64EncodeFileSafeAndNoPadding(bytes,bool,bool) (runs: 257, μ: 14980, ~: 13728)
[PASS] testBase64EncodeSentence() (gas: 4333)
[PASS] testBase64EncodeShortStrings() (gas: 7610)
[PASS] testBase64EncodeToStringWithDoublePadding() (gas: 1553)
[PASS] testBase64EncodeToStringWithNoPadding() (gas: 1531)
[PASS] testBase64EncodeToStringWithSinglePadding() (gas: 1487)
[PASS] testBase64WordBoundary() (gas: 11624)
[PASS] test__codesize() (gas: 6835)
Suite result: ok. 13 passed; 0 failed; 0 skipped; finished in 101.79ms (121.22ms CPU time)

Ran 42 tests for test/DateTimeLib.t.sol:DateTimeLibTest
[PASS] testAddSubDiffDays(uint256,uint256) (runs: 256, μ: 4199, ~: 4209)
[PASS] testAddSubDiffHours(uint256,uint256) (runs: 256, μ: 4168, ~: 4155)
[PASS] testAddSubDiffMinutes(uint256,uint256) (runs: 256, μ: 4150, ~: 4129)
[PASS] testAddSubDiffMonths(uint256,uint256) (runs: 256, μ: 7260, ~: 7257)
[PASS] testAddSubDiffSeconds(uint256,uint256) (runs: 256, μ: 3761, ~: 3721)
[PASS] testAddSubDiffYears(uint256,uint256) (runs: 256, μ: 6820, ~: 6822)
[FAIL: call didn't revert at a lower depth than cheatcode call depth] testDateTimeArithmeticReverts() (gas: 4495)
[PASS] testDateTimeMaxSupported() (gas: 2823)
[PASS] testDateTimeToAndFroTimestamp((uint256,uint256,uint256,uint256,uint256,uint256)) (runs: 256, μ: 4140, ~: 4089)
[PASS] testDateToAndFroEpochDay((uint256,uint256,uint256,uint256,uint256,uint256)) (runs: 257, μ: 2555, ~: 2541)
[PASS] testDateToAndFroEpochDay() (gas: 877945)
[PASS] testDateToAndFroTimestamp() (gas: 926776)
[PASS] testDateToEpochDay() (gas: 1559)
[PASS] testDateToEpochDayDifferential((uint256,uint256,uint256,uint256,uint256,uint256)) (runs: 257, μ: 2305, ~: 2346)
[PASS] testDateToEpochDayDifferential2((uint256,uint256,uint256,uint256,uint256,uint256)) (runs: 257, μ: 2227, ~: 2249)
[PASS] testDateToEpochDayGas() (gas: 764427)
[PASS] testDateToEpochDayGas2() (gas: 770404)
[PASS] testDayOfWeek() (gas: 175255)
[PASS] testDaysInMonth() (gas: 1226)
[PASS] testDaysInMonth(uint256,uint256) (runs: 257, μ: 1081, ~: 1086)
[PASS] testDaysToDate() (gas: 8377)
[PASS] testEpochDayToDate(uint256) (runs: 257, μ: 1045, ~: 1045)
[PASS] testEpochDayToDateDifferential(uint256) (runs: 257, μ: 1775, ~: 1721)
[PASS] testEpochDayToDateDifferential2(uint256) (runs: 257, μ: 1787, ~: 1709)
[PASS] testEpochDayToDateGas() (gas: 348457)
[PASS] testEpochDayToDateGas2() (gas: 360513)
[PASS] testIsLeapYear() (gas: 741)
[PASS] testIsLeapYear(uint256) (runs: 257, μ: 544, ~: 517)
[PASS] testIsSupportedDateFalse() (gas: 1180)
[PASS] testIsSupportedDateTime((uint256,uint256,uint256,uint256,uint256,uint256)) (runs: 257, μ: 2957, ~: 2949)
[PASS] testIsSupportedDateTrue() (gas: 626)
[PASS] testIsSupportedEpochDayFalse() (gas: 494)
[PASS] testIsSupportedEpochDayTrue() (gas: 305)
[PASS] testIsSupportedTimestampFalse() (gas: 541)
[PASS] testIsSupportedTimestampTrue() (gas: 326)
[PASS] testIsWeekEnd(uint256) (runs: 257, μ: 687, ~: 617)
[PASS] testMondayTimestamp() (gas: 1106)
[PASS] testMondayTimestamp(uint256) (runs: 257, μ: 767, ~: 836)
[PASS] testNthWeekdayInMonthOfYearTimestamp() (gas: 12053)
[PASS] testNthWeekdayInMonthOfYearTimestamp(uint256,uint256,uint256,uint256) (runs: 257, μ: 3533, ~: 3552)
[PASS] testWeekday() (gas: 682)
[PASS] test__codesize() (gas: 19163)
Suite result: FAILED. 41 passed; 1 failed; 0 skipped; finished in 109.47ms (109.27ms CPU time)

Ran 6 tests for test/WebAuthn.t.sol:WebAuthnTest
[PASS] testChrome() (gas: 192839)
[PASS] testPassthroughDifferential(bytes32) (runs: 257, μ: 45757, ~: 45158)
[PASS] testSafari() (gas: 193001)
[PASS] testTryDecodeAuth(bytes32) (runs: 257, μ: 27434, ~: 27468)
[PASS] testTryDecodeAuthCompact(bytes32) (runs: 257, μ: 30752, ~: 32174)
[PASS] test__codesize() (gas: 11689)
Suite result: ok. 6 passed; 0 failed; 0 skipped; finished in 42.07ms (41.98ms CPU time)

Ran 30 tests for test/OwnableRoles.t.sol:OwnableRolesTest
[PASS] testBytecodeSize() (gas: 350635)
[PASS] testGrantAndRemoveRolesDirect(address,uint256,uint256) (runs: 256, μ: 41381, ~: 42162)
[PASS] testGrantAndRevokeOrRenounceRoles(address,bool,bool,bool,uint256,uint256) (runs: 256, μ: 27090, ~: 12071)
[PASS] testGrantRoles() (gas: 36348)
[PASS] testHandoverOwnership() (gas: 32807)
[PASS] testHandoverOwnership(address) (runs: 256, μ: 32846, ~: 32833)
[PASS] testHandoverOwnershipAfterExpiration() (gas: 37152)
[PASS] testHandoverOwnershipBeforeExpiration() (gas: 28907)
[PASS] testHandoverOwnershipRevertsIfCompleteIsNotOwner() (gas: 35826)
[PASS] testHandoverOwnershipWithCancellation() (gas: 31309)
[PASS] testHasAllRoles(address,uint256,uint256,uint256,bool) (runs: 256, μ: 34003, ~: 34003)
[PASS] testHasAnyRole(address,uint256,uint256) (runs: 256, μ: 33172, ~: 33793)
[PASS] testInitializeOwnerDirect() (gas: 16950)
[PASS] testOnlyOwnerModifier(address,bool) (runs: 256, μ: 19934, ~: 11172)
[PASS] testOnlyOwnerOrRolesModifier() (gas: 36455)
[PASS] testOnlyOwnerOrRolesModifier(address,bool,uint256,uint256) (runs: 256, μ: 55484, ~: 55314)
[PASS] testOnlyRolesModifier(address,uint256,uint256) (runs: 257, μ: 56374, ~: 58115)
[PASS] testOnlyRolesOrOwnerModifier(address,bool,uint256,uint256) (runs: 257, μ: 56786, ~: 57486)
[PASS] testOrdinalsFromRoles() (gas: 3756443)
[PASS] testOrdinalsFromRoles(uint256) (runs: 257, μ: 56179, ~: 39297)
[PASS] testOwnershipHandoverValidForDefaultValue() (gas: 5825)
[PASS] testRenounceOwnership() (gas: 12945)
[PASS] testRolesFromOrdinals() (gas: 652364)
[PASS] testRolesFromOrdinals(uint8[]) (runs: 257, μ: 78969, ~: 81029)
[PASS] testSetOwnerDirect() (gas: 18073)
[PASS] testSetOwnerDirect(address) (runs: 257, μ: 18156, ~: 18193)
[PASS] testSetRolesDirect(uint256) (runs: 257, μ: 101646, ~: 101621)
[PASS] testTransferOwnership() (gas: 19603)
[PASS] testTransferOwnership(address,bool,bool) (runs: 257, μ: 14935, ~: 12963)
[PASS] test__codesize() (gas: 21230)
Suite result: ok. 30 passed; 0 failed; 0 skipped; finished in 254.58ms (254.32ms CPU time)

Ran 6 tests for test/LibCWIA.t.sol:LibCWIATest
[PASS] testCloneDeteministicWithImmutableArgs() (gas: 191965)
[PASS] testCloneDeteministicWithImmutableArgs(address,uint256,uint256[],bytes,uint64,uint8,uint256) (runs: 257, μ: 1091578, ~: 1056461)
[PASS] testCloneWithImmutableArgs() (gas: 120548)
[PASS] testCloneWithImmutableArgs(uint256,address,uint256,uint256[],uint64,uint8) (runs: 257, μ: 957476, ~: 947276)
[PASS] testCloneWithImmutableArgsRevertsIfDataTooBig() (gas: 97306657)
[PASS] test__codesize() (gas: 12335)
Suite result: ok. 6 passed; 0 failed; 0 skipped; finished in 228.79ms (228.69ms CPU time)

Ran 9 tests for test/ERC20Votes.t.sol:ERC20VotesTest
[PASS] testCheckpointDifferential(uint256,uint256) (runs: 256, μ: 3300, ~: 3300)
[FAIL: call didn't revert at a lower depth than cheatcode call depth; counterexample: calldata=0xb02aa9f10000000000000000000000000000000000000000000000000000000000004309 args=[17161 [1.716e4]]] testCheckpointPush(uint256) (runs: 0, μ: 0, ~: 0)
[PASS] testClockTrick(uint48) (runs: 257, μ: 331, ~: 331)
[PASS] testDelegateBySig(bytes32) (runs: 257, μ: 80418, ~: 71652)
[PASS] testMintTransferBurnDelegate() (gas: 363521)
[PASS] testSetAndGetDelegate(address,address) (runs: 257, μ: 33436, ~: 33591)
[PASS] testSmallSqrtApprox(uint32) (runs: 257, μ: 1016, ~: 1016)
[PASS] testVoteInvariants(bytes32) (runs: 257, μ: 3253, ~: 3253)
[PASS] test__codesize() (gas: 24251)
Suite result: FAILED. 8 passed; 1 failed; 0 skipped; finished in 285.78ms (285.36ms CPU time)

Ran 46 tests for test/ECDSA.t.sol:ECDSATest
[PASS] testBytes32ToEthSignedMessageHash() (gas: 425)
[PASS] testBytesToEthSignedMessageHash() (gas: 11582252)
[PASS] testBytesToEthSignedMessageHashEmpty() (gas: 556)
[FAIL: call didn't revert at a lower depth than cheatcode call depth] testBytesToEthSignedMessageHashExceedsMaxLengthReverts() (gas: 615401)
[PASS] testBytesToEthSignedMessageHashLong() (gas: 725)
[PASS] testBytesToEthSignedMessageHashShort() (gas: 576)
[PASS] testCanonicalHash(bytes32) (runs: 256, μ: 105729, ~: 35967)
[PASS] testCanonicalHashCalldataWith64bytesSignature() (gas: 1231595)
[PASS] testCanonicalHashCalldataWithRegularSignature() (gas: 1231838)
[PASS] testCanonicalHashWith64bytesSignature() (gas: 613875)
[PASS] testCanonicalHashWithRegularSignature() (gas: 612227)
[PASS] testEmptyCalldataHelpers() (gas: 588)
[PASS] testMalleabilityTrick() (gas: 2564)
[PASS] testMalleabilityTrick(uint256) (runs: 257, μ: 450, ~: 449)
[PASS] testRecoverAndTryRecover(bytes32) (runs: 257, μ: 2785797, ~: 2532939)
[PASS] testRecoverWithInvalidLongSignatureReverts() (gas: 4743)
[PASS] testRecoverWithInvalidShortSignatureReturnsZero() (gas: 4579)
[PASS] testRecoverWithInvalidSignatureReverts() (gas: 8025)
[PASS] testRecoverWithV0SignatureWithShortEIP2098Format() (gas: 4611)
[PASS] testRecoverWithV0SignatureWithShortEIP2098FormatAsCalldata() (gas: 8744)
[PASS] testRecoverWithV0SignatureWithVersion00Reverts() (gas: 7990)
[PASS] testRecoverWithV0SignatureWithVersion27() (gas: 8861)
[PASS] testRecoverWithV0SignatureWithWrongVersionReverts() (gas: 7990)
[PASS] testRecoverWithV1SignatureWithShortEIP2098Format() (gas: 4567)
[PASS] testRecoverWithV1SignatureWithShortEIP2098FormatAsCalldata() (gas: 8720)
[PASS] testRecoverWithV1SignatureWithVersion01Reverts() (gas: 7935)
[PASS] testRecoverWithV1SignatureWithVersion28() (gas: 8906)
[PASS] testRecoverWithV1SignatureWithWrongVersionReverts() (gas: 7991)
[PASS] testRecoverWithValidSignature() (gas: 8987)
[PASS] testRecoverWithWrongSigner() (gas: 8878)
[PASS] testTryRecoverWithInvalidLongSignatureReturnsZero() (gas: 2399)
[PASS] testTryRecoverWithInvalidShortSignatureReturnsZero() (gas: 2270)
[PASS] testTryRecoverWithInvalidSignature() (gas: 8943)
[PASS] testTryRecoverWithV0SignatureWithShortEIP2098Format() (gas: 4577)
[PASS] testTryRecoverWithV0SignatureWithShortEIP2098FormatAsCalldata() (gas: 8781)
[PASS] testTryRecoverWithV0SignatureWithVersion00ReturnsZero() (gas: 8828)
[PASS] testTryRecoverWithV0SignatureWithVersion27() (gas: 8806)
[PASS] testTryRecoverWithV0SignatureWithWrongVersionReturnsZero() (gas: 8873)
[PASS] testTryRecoverWithV1SignatureWithShortEIP2098Format() (gas: 4587)
[PASS] testTryRecoverWithV1SignatureWithShortEIP2098FormatAsCalldata() (gas: 8803)
[PASS] testTryRecoverWithV1SignatureWithVersion01ReturnsZero() (gas: 8830)
[PASS] testTryRecoverWithV1SignatureWithVersion28() (gas: 8807)
[PASS] testTryRecoverWithV1SignatureWithWrongVersionReturnsZero() (gas: 8850)
[PASS] testTryRecoverWithValidSignature() (gas: 8877)
[PASS] testTryRecoverWithWrongSigner() (gas: 8868)
[PASS] test__codesize() (gas: 18224)
Suite result: FAILED. 45 passed; 1 failed; 0 skipped; finished in 289.08ms (288.84ms CPU time)

Ran 5 tests for test/ERC1271.t.sol:ERC1271Test
[PASS] testBasefeeBytecodeContract() (gas: 44276)
[PASS] testIsValidSignature() (gas: 3060361)
[PASS] testIsValidSignature(uint256) (runs: 257, μ: 265197, ~: 213150)
[PASS] testSupportsERC7739() (gas: 165835)
[PASS] test__codesize() (gas: 30638)
Suite result: ok. 5 passed; 0 failed; 0 skipped; finished in 150.27ms (149.96ms CPU time)

Ran 20 tests for test/EIP712.t.sol:EIP712Test
[PASS] testDomainSeparator() (gas: 6048)
[PASS] testDomainSeparatorOnClone() (gas: 8842)
[PASS] testDomainSeparatorOnCloneDynamicWithChainIdChange() (gas: 69627)
[PASS] testDomainSeparatorOnCloneWithChainIdChange() (gas: 13378)
[PASS] testDomainSeparatorOnDynamicWithChainIdChange() (gas: 29289)
[PASS] testDomainSeparatorWithChainIdChange() (gas: 10368)
[PASS] testEIP5267() (gas: 31312)
[PASS] testHashTypedData() (gas: 37498)
[PASS] testHashTypedDataOnClone() (gas: 40622)
[PASS] testHashTypedDataOnCloneDynamic() (gas: 47284)
[PASS] testHashTypedDataOnCloneDynamicWithChaindIdChange() (gas: 59251)
[PASS] testHashTypedDataOnCloneWithChaindIdChange() (gas: 50028)
[PASS] testHashTypedDataOnDynamic() (gas: 45153)
[PASS] testHashTypedDataOnDynamicWithChaindIdChange() (gas: 57512)
[PASS] testHashTypedDataSansChainId() (gas: 40921)
[PASS] testHashTypedDataSansChainIdOnClone() (gas: 43755)
[PASS] testHashTypedDataSansChainIdOnDynamic() (gas: 47613)
[PASS] testHashTypedDataSansChainIdOnDynamicClone() (gas: 49501)
[PASS] testHashTypedDataWithChaindIdChange() (gas: 46485)
[PASS] test__codesize() (gas: 12729)
Suite result: ok. 20 passed; 0 failed; 0 skipped; finished in 5.83ms (5.68ms CPU time)

Ran 3 tests for test/LibCall.t.sol:LibCallTest
[PASS] testCallAndStaticCall(uint256,bytes) (runs: 257, μ: 65713, ~: 65566)
[PASS] testSetSelector(bytes) (runs: 257, μ: 30925, ~: 28158)
[PASS] test__codesize() (gas: 5122)
Suite result: ok. 3 passed; 0 failed; 0 skipped; finished in 16.39ms (16.33ms CPU time)

Ran 3 tests for test/EIP7702Proxy.t.sol:EIP7702ProxyTest
[PASS] testEIP7702Proxy() (gas: 31850)
[PASS] testEIP7702Proxy(bytes32,bool) (runs: 257, μ: 31441, ~: 31506)
[PASS] test__codesize() (gas: 6590)
Suite result: ok. 3 passed; 0 failed; 0 skipped; finished in 13.57ms (13.50ms CPU time)

Ran 2 tests for test/ERC1155.t.sol:ERC1155HooksTest
[PASS] testERC1155Hooks() (gas: 4549352)
[PASS] test__codesize() (gas: 11872)
Suite result: ok. 2 passed; 0 failed; 0 skipped; finished in 5.06ms (4.97ms CPU time)

Ran 16 tests for test/EfficientHashLib.t.sol:EfficientHashLibTest
[PASS] testEfficientHash() (gas: 8128)
[PASS] testEfficientHash(uint256) (runs: 257, μ: 8155, ~: 8155)
[PASS] testEfficientHashBytesSlice() (gas: 26907)
[PASS] testEfficientHashBytesSlice(bytes32,bytes) (runs: 257, μ: 26436, ~: 26376)
[PASS] testEfficientHashEq() (gas: 333)
[PASS] testEfficientHashEq(bytes32,uint256) (runs: 257, μ: 870, ~: 870)
[PASS] testEfficientHashFree() (gas: 395)
[PASS] testEfficientHashFree(uint8,bool,uint8) (runs: 257, μ: 1021, ~: 931)
[PASS] testEfficientHashMaxStack() (gas: 4403)
[PASS] testEfficientHashMaxStack(uint256) (runs: 257, μ: 2690, ~: 2690)
[PASS] testEfficientHashSet() (gas: 2283)
[PASS] testEfficientHashUints() (gas: 6680)
[PASS] testSha2(bytes) (runs: 257, μ: 2260, ~: 2225)
[PASS] testSha2(bytes32) (runs: 257, μ: 1255, ~: 1255)
[PASS] testSha2BytesSlice(bytes32,bytes) (runs: 257, μ: 29091, ~: 29022)
[PASS] test__codesize() (gas: 8650)
Suite result: ok. 16 passed; 0 failed; 0 skipped; finished in 67.76ms (67.66ms CPU time)

Ran 3 tests for test/ERC2981.t.sol:ERC2981Test
[PASS] testRoyaltyOverflowCheckDifferential(uint256,uint256) (runs: 257, μ: 479, ~: 480)
[PASS] testSetAndGetRoyaltyInfo(uint256) (runs: 257, μ: 108682, ~: 105364)
[PASS] test__codesize() (gas: 7229)
Suite result: ok. 3 passed; 0 failed; 0 skipped; finished in 58.56ms (58.47ms CPU time)

Ran 2 tests for test/EnumerableMapLib.t.sol:EnumerableMapLibTest
[PASS] testEnumerableMap(bytes32) (runs: 257, μ: 101983, ~: 102800)
[PASS] test__codesize() (gas: 4731)
Suite result: ok. 2 passed; 0 failed; 0 skipped; finished in 18.68ms (18.62ms CPU time)

Ran 13 tests for test/DynamicBufferLib.t.sol:DynamicBufferLibTest
[PASS] testClear(uint256) (runs: 257, μ: 34584, ~: 34638)
[PASS] testDynamicBuffer(bytes[],uint256) (runs: 257, μ: 939788, ~: 798059)
[PASS] testDynamicBuffer(uint256) (runs: 257, μ: 796682, ~: 681083)
[PASS] testDynamicBufferChaining() (gas: 12667)
[PASS] testDynamicBufferPushSingles(uint256,uint256,uint256) (runs: 257, μ: 185164, ~: 34552)
[PASS] testDynamicBufferPushSinglesReinterpretCast() (gas: 22026)
[PASS] testDynamicBufferReserveFromEmpty() (gas: 2821)
[PASS] testDynamicBufferReserveFromEmpty2() (gas: 2429)
[PASS] testDynamicBufferReserveFromEmpty3(bytes,uint256) (runs: 257, μ: 2454, ~: 2044)
[PASS] testDynamicBufferShorthands() (gas: 27221)
[PASS] testJoinWithConcat() (gas: 31407)
[PASS] testJoinWithDynamicBuffer() (gas: 10830)
[PASS] test__codesize() (gas: 14832)
Suite result: ok. 13 passed; 0 failed; 0 skipped; finished in 261.92ms (288.93ms CPU time)

Ran 23 tests for test/DynamicArrayLib.t.sol:DynamicArrayLibTest
[PASS] testDynamicArrayCopy(uint256[]) (runs: 256, μ: 36872, ~: 38131)
[PASS] testDynamicArrayDirectReturn(uint256) (runs: 257, μ: 3379, ~: 3379)
[PASS] testDynamicArrayExpandAndTruncate(bytes32) (runs: 257, μ: 28948, ~: 27497)
[PASS] testDynamicArrayFree(uint256) (runs: 257, μ: 23219, ~: 23211)
[PASS] testDynamicArrayPushAfterReserve() (gas: 39979)
[PASS] testDynamicArrayPushAndPop() (gas: 66697)
[PASS] testDynamicArrayPushPop(uint256,uint256) (runs: 257, μ: 166191, ~: 102284)
[PASS] testDynamicArrayResize(uint256[],uint256) (runs: 257, μ: 92924, ~: 89154)
[PASS] testDynamicArraySetAndGet(bytes32,uint256,uint256) (runs: 257, μ: 26909, ~: 26915)
[PASS] testDynamicArraySlice() (gas: 11204)
[PASS] testDynamicArraySlice(uint256[],uint256,uint256) (runs: 257, μ: 40783, ~: 37733)
[PASS] testDynamicArrayWrap() (gas: 1704)
[PASS] testUint256ArrayDirectReturn(uint256) (runs: 257, μ: 2371, ~: 2371)
[PASS] testUint256ArrayIndexOf() (gas: 17973)
[PASS] testUint256ArrayIndexOfDifferential(uint256[],uint256,uint256) (runs: 257, μ: 141723, ~: 48006)
[PASS] testUint256ArrayLastIndexOf() (gas: 24239)
[PASS] testUint256ArrayLastIndexOfDifferential(uint256[],uint256,uint256) (runs: 257, μ: 160220, ~: 49149)
[PASS] testUint256ArrayMisc() (gas: 1011)
[PASS] testUint256ArrayOperations(uint256,uint256) (runs: 257, μ: 31119, ~: 30846)
[PASS] testUint256ArrayPopulate() (gas: 17124)
[PASS] testUint256ArrayPopulateOriginal() (gas: 22847)
[PASS] testUint256Contains() (gas: 18345)
[PASS] test__codesize() (gas: 12595)
Suite result: ok. 23 passed; 0 failed; 0 skipped; finished in 343.78ms (343.55ms CPU time)

Ran 19 tests for test/ERC6551.t.sol:ERC6551Test
[PASS] testBaseFeeMini() (gas: 39514)
[PASS] testCdFallback() (gas: 895636)
[PASS] testDeployERC6551(uint256) (runs: 257, μ: 170698, ~: 168524)
[PASS] testDeployERC6551Proxy() (gas: 80395)
[PASS] testExecute() (gas: 507213)
[PASS] testExecuteBatch() (gas: 817458)
[PASS] testExecuteBatch(uint256) (runs: 257, μ: 630451, ~: 592783)
[PASS] testInitializeERC6551ProxyImplementation() (gas: 189976)
[PASS] testIsValidSigner(address) (runs: 257, μ: 167344, ~: 167342)
[PASS] testOnERC1155BatchReceived() (gas: 1607037)
[PASS] testOnERC1155Received() (gas: 1604216)
[PASS] testOnERC721Received() (gas: 1523963)
[PASS] testOnERC721ReceivedCycles() (gas: 2975498)
[PASS] testOnERC721ReceivedCyclesWithDifferentChainIds(uint256) (runs: 257, μ: 452697, ~: 457768)
[PASS] testOwnerWorksWithChainIdChange(uint256,uint256) (runs: 257, μ: 1377773, ~: 1377774)
[PASS] testSupportsInterface() (gas: 168994)
[PASS] testUpdateState(uint256) (runs: 257, μ: 234806, ~: 234700)
[PASS] testUpgrade() (gas: 248491)
[PASS] test__codesize() (gas: 50930)
Suite result: ok. 19 passed; 0 failed; 0 skipped; finished in 166.85ms (166.40ms CPU time)

Ran 16 tests for test/ERC1967Factory.t.sol:ERC1967FactoryTest
[PASS] testChangeAdmin() (gas: 266261)
[PASS] testChangeAdminUnauthorized() (gas: 257261)
[PASS] testDeploy() (gas: 257129)
[PASS] testDeployAndCall(uint256) (runs: 257, μ: 340276, ~: 340783)
[PASS] testDeployAndCallWithRevert() (gas: 211629)
[PASS] testDeployBrutalized(uint256) (runs: 257, μ: 95357, ~: 43744)
[PASS] testDeployDeterministicAndCall(uint256) (runs: 257, μ: 324803, ~: 349828)
[PASS] testFactoryDeployment() (gas: 494432)
[PASS] testProxyFails() (gas: 258426)
[PASS] testProxySucceeds() (gas: 255451)
[PASS] testUpgrade() (gas: 266604)
[PASS] testUpgradeAndCall() (gas: 355397)
[PASS] testUpgradeAndCallWithRevert() (gas: 265384)
[PASS] testUpgradeUnauthorized() (gas: 270073)
[PASS] testUpgradeWithCorruptedProxy() (gas: 263056)
[PASS] test__codesize() (gas: 32277)
Suite result: ok. 16 passed; 0 failed; 0 skipped; finished in 242.38ms (242.13ms CPU time)

Ran 5 tests for test/LibERC6551.t.sol:LibERC6551Test
[PASS] testComputeAccountAddress(address,bytes32,uint256,address,uint256) (runs: 257, μ: 176188, ~: 29507)
[PASS] testContext(address,bytes32,uint256,address,uint256) (runs: 257, μ: 103042, ~: 102948)
[PASS] testInitCodeHash(address,bytes32,uint256,address,uint256) (runs: 257, μ: 198379, ~: 23818)
[PASS] testIsERC6551Account(address,bytes32,uint256,address,uint256) (runs: 257, μ: 114023, ~: 114198)
[PASS] test__codesize() (gas: 5280)
Suite result: ok. 5 passed; 0 failed; 0 skipped; finished in 67.37ms (67.29ms CPU time)

Ran 4 tests for test/ERC20.t.sol:ERC20ForPermit2Test
[PASS] testApproveToPermit2(address,uint256) (runs: 257, μ: 9243, ~: 9059)
[PASS] testPermitToPermit2(address,uint256) (runs: 257, μ: 9350, ~: 9328)
[PASS] testTransferFrom(address,uint256) (runs: 257, μ: 114911, ~: 115443)
[PASS] test__codesize() (gas: 8967)
Suite result: ok. 4 passed; 0 failed; 0 skipped; finished in 34.83ms (34.70ms CPU time)

Ran 2 tests for test/ERC20.t.sol:ERC20Invariants
[PASS] invariantBalanceSum() (runs: 10, calls: 150, reverts: 87)
[PASS] test__codesize() (gas: 7447)
Suite result: ok. 2 passed; 0 failed; 0 skipped; finished in 4.12ms (3.92ms CPU time)

Ran 23 tests for test/ERC4337.t.sol:ERC4337Test
[PASS] testCdFallback() (gas: 438381)
[PASS] testCdFallback2() (gas: 1135369)
[PASS] testDelegateExecute() (gas: 366495)
[PASS] testDelegateExecute(uint256) (runs: 257, μ: 354371, ~: 345338)
[PASS] testDelegateExecuteRevertsIfOwnerSlotValueChanged() (gas: 320155)
[PASS] testDepositFunctions() (gas: 497583)
[PASS] testDirectStorage() (gas: 70435)
[PASS] testDisableInitializerForImplementation() (gas: 1353465)
[PASS] testETHReceived() (gas: 16584)
[PASS] testExecute() (gas: 383350)
[PASS] testExecuteBatch() (gas: 694209)
[PASS] testExecuteBatch(uint256) (runs: 257, μ: 530975, ~: 389753)
[PASS] testInitializer() (gas: 285285)
[PASS] testIsValidSignature() (gas: 118982)
[PASS] testIsValidSignaturePersonalSign(bytes32) (runs: 257, μ: 103071, ~: 103059)
[PASS] testIsValidSignatureViaRPC() (gas: 96881538)
[PASS] testIsValidSignatureWrapped() (gas: 487138)
[PASS] testOnERC1155BatchReceived() (gas: 1471675)
[PASS] testOnERC1155Received() (gas: 1471293)
[PASS] testOnERC721Received() (gas: 1387505)
[PASS] testOwnerRecovery() (gas: 482237)
[PASS] testValidateUserOp() (gas: 484730)
[PASS] test__codesize() (gas: 56050)
Suite result: ok. 23 passed; 0 failed; 0 skipped; finished in 261.15ms (260.74ms CPU time)

Ran 10 tests for test/LibERC7579.t.sol:LibERC7579Test
[PASS] testDecodeBatchAndOpData(bytes32) (runs: 257, μ: 53416, ~: 49421)
[PASS] testDecodeBatchAndOpDataReverts(bytes32) (runs: 257, μ: 34038, ~: 31631)
[PASS] testDecodeBatchEdgeCase() (gas: 7785)
[PASS] testDecodeBatchEdgeCase2() (gas: 24645)
[PASS] testDecodeDelegate(address,bytes) (runs: 257, μ: 4260, ~: 4083)
[PASS] testDecodeSingle(address,uint256,bytes) (runs: 257, μ: 4510, ~: 4325)
[PASS] testEncodeAndDecodeMode() (gas: 274)
[PASS] testEncodeAndDecodeMode(bytes32) (runs: 257, μ: 24597, ~: 24597)
[PASS] testReencodeBatchAsExecuteCalldata(bytes32) (runs: 257, μ: 720438, ~: 659379)
[PASS] test__codesize() (gas: 13651)
Suite result: ok. 10 passed; 0 failed; 0 skipped; finished in 79.82ms (79.71ms CPU time)

Ran 4 tests for test/ERC4337Factory.t.sol:ERC4337FactoryTest
[PASS] testCreateAccountRepeatedDeployment() (gas: 149423)
[PASS] testCreateAccountRepeatedDeployment(uint256) (runs: 257, μ: 150412, ~: 150460)
[PASS] testDeployDeterministic(uint256) (runs: 257, μ: 139053, ~: 139052)
[PASS] test__codesize() (gas: 12242)
Suite result: ok. 4 passed; 0 failed; 0 skipped; finished in 26.53ms (26.38ms CPU time)

Ran 8 tests for test/EnumerableRoles.t.sol:EnumerableRolesTest
[PASS] testHasAnyRoles(bytes32) (runs: 257, μ: 232540, ~: 238723)
[PASS] testIsContractOwner(address,address,bool) (runs: 257, μ: 16929, ~: 16839)
[PASS] testOnlyOwnerOrRole(uint256,uint256) (runs: 257, μ: 133547, ~: 133878)
[PASS] testSetAndGetRoles(bytes32) (runs: 257, μ: 739613, ~: 670860)
[PASS] testSetAndGetRolesDifferential(bytes32) (runs: 257, μ: 896463, ~: 847968)
[PASS] testSetRoleReverts(address,uint256,uint256,bool) (runs: 257, μ: 64638, ~: 52990)
[PASS] testStorageLayoutTrick(uint256,uint32,address) (runs: 257, μ: 1639, ~: 1639)
[PASS] test__codesize() (gas: 18780)
Suite result: ok. 8 passed; 0 failed; 0 skipped; finished in 297.59ms (297.42ms CPU time)

Ran 19 tests for test/ERC4626.t.sol:ERC4626Test
[PASS] testDepositWithNoApprovalReverts() (gas: 17145)
[PASS] testDepositWithNotEnoughApprovalReverts() (gas: 91118)
[PASS] testDifferentialFullMulDiv(uint256,uint256,uint256) (runs: 257, μ: 3300, ~: 3107)
[PASS] testMetadata() (gas: 14354)
[PASS] testMintWithNoApprovalReverts() (gas: 17119)
[PASS] testMintZero() (gas: 54006)
[PASS] testMultipleMintDepositRedeemWithdraw() (gas: 413903)
[PASS] testRedeemWithNoShareAmountReverts() (gas: 10918)
[PASS] testRedeemWithNotEnoughShareAmountReverts() (gas: 143931)
[PASS] testSingleDepositWithdraw(uint128) (runs: 257, μ: 202862, ~: 202868)
[PASS] testSingleMintRedeem(uint128) (runs: 257, μ: 201818, ~: 201824)
[PASS] testTryGetAssetDecimals() (gas: 32001810)
[PASS] testUseVirtualShares() (gas: 2518612)
[PASS] testVaultInteractionsForSomeoneElse() (gas: 298192)
[PASS] testVirtualSharesMultipleMintDepositRedeemWithdraw() (gas: 1661512)
[PASS] testWithdrawWithNoUnderlyingAmountReverts() (gas: 13102)
[PASS] testWithdrawWithNotEnoughUnderlyingAmountReverts() (gas: 145076)
[PASS] testWithdrawZero() (gas: 52089)
[PASS] test__codesize() (gas: 37299)
Suite result: ok. 19 passed; 0 failed; 0 skipped; finished in 78.59ms (77.67ms CPU time)

Ran 36 tests for test/ERC6909.t.sol:ERC6909Test
[PASS] testApprove() (gas: 37066)
[PASS] testApprove(address,uint256,uint256) (runs: 257, μ: 37321, ~: 37708)
[PASS] testBurn() (gas: 41275)
[PASS] testBurn(address,uint256,uint256,uint256) (runs: 257, μ: 41344, ~: 41889)
[PASS] testBurnInsufficientBalanceReverts(address,uint256,uint256,uint256) (runs: 257, μ: 35564, ~: 35627)
[PASS] testDecimals() (gas: 5676)
[PASS] testDirectApprove() (gas: 36737)
[PASS] testDirectFunctions(uint256) (runs: 257, μ: 201185, ~: 202242)
[PASS] testDirectSetOperator() (gas: 35937)
[PASS] testDirectTransfer() (gas: 67044)
[PASS] testInfiniteApproveTransferFrom() (gas: 79389)
[PASS] testMetadata(uint256) (runs: 257, μ: 8257, ~: 8257)
[PASS] testMint() (gas: 37240)
[PASS] testMint(address,uint256,uint256) (runs: 257, μ: 37239, ~: 37471)
[PASS] testMintOverMaxUintReverts() (gas: 35009)
[PASS] testMintOverMaxUintReverts(address,uint256,uint256,uint256) (runs: 257, μ: 35916, ~: 35928)
[PASS] testOperatorTransferFrom() (gas: 74717)
[PASS] testSetOperator() (gas: 37321)
[PASS] testSetOperator(address,address,bool) (runs: 257, μ: 28304, ~: 36667)
[PASS] testTokenURI() (gas: 32876)
[PASS] testTransfer() (gas: 48585)
[PASS] testTransfer(address,uint256,uint256) (runs: 257, μ: 47461, ~: 47717)
[PASS] testTransferFrom() (gas: 75316)
[PASS] testTransferFrom(address,address,address,uint256,uint256,uint256) (runs: 257, μ: 81211, ~: 81972)
[PASS] testTransferFromCallerIsNotOperator(address,uint256,uint256) (runs: 257, μ: 40214, ~: 40212)
[PASS] testTransferFromInsufficientAllowanceReverts(address,uint256,uint256,uint256) (runs: 257, μ: 68181, ~: 68581)
[PASS] testTransferFromInsufficientBalanceReverts() (gas: 50505)
[PASS] testTransferFromInsufficientBalanceReverts(address,uint256,uint256,uint256) (runs: 257, μ: 51171, ~: 50747)
[PASS] testTransferFromInsufficientPermission() (gas: 68051)
[PASS] testTransferFromOverMaxUintReverts() (gas: 91617)
[PASS] testTransferFromOverMaxUintReverts(address,uint256,uint256,uint256) (runs: 257, μ: 114716, ~: 114898)
[PASS] testTransferInsufficientBalanceReverts() (gas: 35133)
[PASS] testTransferInsufficientBalanceReverts(address,uint256,uint256,uint256) (runs: 257, μ: 35669, ~: 35731)
[PASS] testTransferOverMaxUintReverts() (gas: 64388)
[PASS] testTransferOverMaxUintReverts(address,uint256,uint256,uint256) (runs: 257, μ: 64942, ~: 64936)
[PASS] test__codesize() (gas: 25622)
Suite result: ok. 36 passed; 0 failed; 0 skipped; finished in 180.83ms (180.61ms CPU time)

Ran 2 tests for test/ERC721.t.sol:ERC721HooksTest
[PASS] testERC721Hooks() (gas: 3012871)
[PASS] test__codesize() (gas: 9998)
Suite result: ok. 2 passed; 0 failed; 0 skipped; finished in 1.54ms (1.47ms CPU time)

Ran 16 tests for test/EnumerableSetLib.t.sol:EnumerableSetLibTest
[PASS] testEnumerableAddressSetBasic() (gas: 248509)
[PASS] testEnumerableAddressSetBasic2() (gas: 175327)
[PASS] testEnumerableAddressSetNoStorageCollision() (gas: 99016)
[PASS] testEnumerableAddressSetRevertsOnSentinel(uint256) (runs: 257, μ: 45550, ~: 38464)
[PASS] testEnumerableAddressSetUpdate() (gas: 200076)
[PASS] testEnumerableBytes32SetBasic() (gas: 271260)
[PASS] testEnumerableBytes32SetBasic2() (gas: 178471)
[PASS] testEnumerableBytes32SetNoStorageCollision() (gas: 103477)
[PASS] testEnumerableBytes32SetRevertsOnSentinel(uint256) (runs: 257, μ: 52284, ~: 49288)
[PASS] testEnumerableBytes32SetUpdate(bytes32) (runs: 257, μ: 221511, ~: 221511)
[PASS] testEnumerableSetDifferential(bytes32) (runs: 257, μ: 394071, ~: 340853)
[FAIL: call didn't revert at a lower depth than cheatcode call depth; counterexample: calldata=0x115a2b1100000000000000000000000000000000461efc876052ecb5c2045aed69bc6a34 args=[93206850503533026270143378831854823988 [9.32e37]]] testEnumerableSetFuzz(uint256) (runs: 7, μ: 505973, ~: 350381)
[PASS] testEnumerableUint8Set() (gas: 69240)
[PASS] testEnumerableUint8Set(uint256,bytes32) (runs: 258, μ: 149839, ~: 94092)
[PASS] testEnumerableUint8SetUpdate(bytes32) (runs: 258, μ: 40550, ~: 40550)
[PASS] test__codesize() (gas: 19516)
Suite result: FAILED. 15 passed; 1 failed; 0 skipped; finished in 160.31ms (160.18ms CPU time)

Ran 10 tests for test/GasBurnerLib.t.sol:GasBurnerLibTest
[PASS] testBurn() (gas: 105035)
[PASS] testBurn(uint256) (runs: 258, μ: 43168, ~: 36110)
[PASS] testBurnPure() (gas: 1700850)
[PASS] testBurnPure(uint256) (runs: 258, μ: 25138, ~: 24813)
[PASS] testBurnPureTiming() (gas: 300223)
[PASS] testBurnTiming() (gas: 293139)
[PASS] testBurnView() (gas: 66700)
[PASS] testBurnView(uint256) (runs: 258, μ: 27070, ~: 23159)
[PASS] testBurnViewTiming() (gas: 294223)
[PASS] test__codesize() (gas: 2389)
Suite result: ok. 10 passed; 0 failed; 0 skipped; finished in 88.10ms (87.99ms CPU time)

Ran 8 tests for test/Initializable.t.sol:InitializableTest
[PASS] testDisableInitializers() (gas: 41995)
[PASS] testInitializableConstructor() (gas: 693076)
[PASS] testInitialize() (gas: 54688)
[PASS] testInitializeInititalizerTrick(bool,uint64,uint16) (runs: 258, μ: 790, ~: 791)
[PASS] testInitializeReinititalize(uint256) (runs: 258, μ: 96411, ~: 95838)
[PASS] testInitializeReinititalizerTrick(bool,uint64,uint64) (runs: 258, μ: 674, ~: 687)
[PASS] testOnlyInitializing() (gas: 10420)
[PASS] test__codesize() (gas: 10484)
Suite result: ok. 8 passed; 0 failed; 0 skipped; finished in 16.18ms (16.05ms CPU time)

Ran 35 tests for test/LibMap.t.sol:LibMapTest
[PASS] testFoundStatementDifferential(uint256,uint256,uint256) (runs: 257, μ: 499, ~: 499)
[PASS] testGeneralMapFunctionsGas() (gas: 3304775)
[PASS] testGeneralMapFunctionsWithSmallBitWidths(uint256) (runs: 257, μ: 83393, ~: 85691)
[PASS] testGeneralMapFunctionsWithZeroBitWidth() (gas: 12260)
[PASS] testGeneralMapSearchSorted(uint256) (runs: 257, μ: 209707, ~: 149115)
[PASS] testMapGetFromBigArray() (gas: 3330)
[PASS] testMapGetUint8() (gas: 3313)
[PASS] testMapSetUint8() (gas: 23276)
[PASS] testMapSetUint8FromBigArray() (gas: 23263)
[PASS] testUint128MapSearchSorted(uint256) (runs: 257, μ: 209006, ~: 152784)
[PASS] testUint128MapSetAndGet() (gas: 1607264)
[PASS] testUint128MapSetAndGet(uint256) (runs: 257, μ: 183443, ~: 191127)
[PASS] testUint128MapSetAndGet2(uint256) (runs: 258, μ: 68801, ~: 69405)
[PASS] testUint16MapSearchSorted(uint256) (runs: 258, μ: 104777, ~: 86886)
[PASS] testUint16MapSetAndGet() (gas: 958101)
[PASS] testUint16MapSetAndGet(uint256) (runs: 258, μ: 81517, ~: 81582)
[PASS] testUint16MapSetAndGet2(uint256) (runs: 258, μ: 68490, ~: 69314)
[PASS] testUint32MapSearchSorted(uint256) (runs: 258, μ: 105083, ~: 86457)
[PASS] testUint32MapSetAndGet() (gas: 1067796)
[PASS] testUint32MapSetAndGet(uint256) (runs: 258, μ: 115005, ~: 125123)
[PASS] testUint32MapSetAndGet2(uint256) (runs: 258, μ: 68268, ~: 69198)
[PASS] testUint32Maps(uint256) (runs: 258, μ: 67970, ~: 72256)
[PASS] testUint40MapSearchSorted(uint256) (runs: 258, μ: 116342, ~: 106941)
[PASS] testUint40MapSetAndGet() (gas: 1127509)
[PASS] testUint40MapSetAndGet(uint256) (runs: 258, μ: 138852, ~: 147167)
[PASS] testUint40MapSetAndGet2(uint256) (runs: 258, μ: 68503, ~: 69272)
[PASS] testUint64MapSearchSorted(uint256) (runs: 258, μ: 136752, ~: 108785)
[PASS] testUint64MapSetAndGet() (gas: 1220444)
[PASS] testUint64MapSetAndGet(uint256) (runs: 258, μ: 149232, ~: 147238)
[PASS] testUint64MapSetAndGet2(uint256) (runs: 260, μ: 68413, ~: 69260)
[PASS] testUint8MapSearchSorted(uint256) (runs: 260, μ: 96281, ~: 86622)
[PASS] testUint8MapSetAndGet() (gas: 884299)
[PASS] testUint8MapSetAndGet(uint256) (runs: 260, μ: 59480, ~: 59444)
[PASS] testUint8MapSetAndGet2(uint256) (runs: 260, μ: 67646, ~: 69180)
[PASS] test__codesize() (gas: 12065)
Suite result: ok. 35 passed; 0 failed; 0 skipped; finished in 337.45ms (337.32ms CPU time)

Ran 30 tests for test/JSONParserLib.t.sol:JSONParserLibTest
[PASS] testDecodeEncodedStringDoesNotRevert(string) (runs: 258, μ: 56959, ~: 56391)
[PASS] testDecodeInvalidStringReverts() (gas: 172924)
[PASS] testDecodeString() (gas: 193269)
[PASS] testEmptyItem() (gas: 2925)
[PASS] testParseEmptyArrays() (gas: 499245)
[PASS] testParseEmptyObjects() (gas: 500206)
[PASS] testParseGas() (gas: 151909)
[PASS] testParseInt() (gas: 204229)
[PASS] testParseInt(int256) (runs: 258, μ: 18025, ~: 14940)
[PASS] testParseIntReverts(uint256) (runs: 258, μ: 55974, ~: 55974)
[PASS] testParseIntTrick(uint256,bool) (runs: 260, μ: 528, ~: 525)
[PASS] testParseInvalidIntReverts() (gas: 210681)
[PASS] testParseInvalidNumberReverts() (gas: 4068682)
[PASS] testParseInvalidReverts() (gas: 8589165)
[PASS] testParseInvalidStringReverts() (gas: 2117157)
[PASS] testParseInvalidUintFromHexReverts() (gas: 91338)
[PASS] testParseInvalidUintReverts() (gas: 308887)
[PASS] testParseJWTGas() (gas: 50056)
[PASS] testParseNumber() (gas: 647269)
[PASS] testParseObject() (gas: 46603)
[PASS] testParseRecursiveObject() (gas: 94907)
[PASS] testParseSimpleArray() (gas: 24126)
[PASS] testParseSimpleUintArray() (gas: 1175003)
[PASS] testParseSpecials() (gas: 260199)
[PASS] testParseString() (gas: 1237483)
[PASS] testParseUint() (gas: 95659)
[PASS] testParseUint(uint256) (runs: 260, μ: 35823, ~: 33324)
[PASS] testParseUintFromHex() (gas: 1398110)
[PASS] testParseValidObjectDoesNotRevert(string,string) (runs: 260, μ: 49851, ~: 48760)
[PASS] test__codesize() (gas: 38090)
Suite result: ok. 30 passed; 0 failed; 0 skipped; finished in 136.12ms (135.87ms CPU time)

Ran 26 tests for test/LibBit.t.sol:LibBitTest
[PASS] testAnd() (gas: 192744)
[PASS] testAnd(bool,bool) (runs: 260, μ: 631, ~: 630)
[PASS] testAutoClean(uint256,uint256) (runs: 260, μ: 490, ~: 490)
[PASS] testBoolToUint(bool) (runs: 260, μ: 485, ~: 485)
[PASS] testCLZ() (gas: 306404)
[PASS] testCommonBitPrefixDifferential(uint256,uint256) (runs: 260, μ: 11588, ~: 10301)
[PASS] testCommonBytePrefix() (gas: 1533)
[PASS] testCommonBytePrefixDifferential(uint256,uint256) (runs: 260, μ: 2344, ~: 2183)
[PASS] testCommonNibblePrefix() (gas: 407)
[PASS] testCommonNibblePrefixDifferential(uint256,uint256) (runs: 260, μ: 3601, ~: 3192)
[PASS] testFFS() (gas: 152877)
[PASS] testFLS() (gas: 254403)
[PASS] testIsPo2() (gas: 57685)
[PASS] testIsPo2(uint256) (runs: 260, μ: 4064, ~: 2866)
[PASS] testIsPo2(uint8,uint8) (runs: 260, μ: 623, ~: 624)
[PASS] testOr() (gas: 194336)
[PASS] testOr(bool,bool) (runs: 260, μ: 671, ~: 670)
[PASS] testPassInBool() (gas: 874)
[PASS] testPopCount() (gas: 63760)
[PASS] testPopCount(uint256) (runs: 260, μ: 3832, ~: 2400)
[PASS] testReturnsBool() (gas: 756)
[PASS] testReverseBits() (gas: 131521)
[PASS] testReverseBitsDifferential(uint256) (runs: 260, μ: 18724, ~: 18724)
[PASS] testReverseBytes() (gas: 12514)
[PASS] testReverseBytesDifferential(uint256) (runs: 260, μ: 2742, ~: 2742)
[PASS] test__codesize() (gas: 6774)
Suite result: ok. 26 passed; 0 failed; 0 skipped; finished in 82.93ms (82.85ms CPU time)

Ran 6 tests for test/ERC7821.t.sol:ERC7821Test
[PASS] testERC7821(bytes) (runs: 260, μ: 122052, ~: 111901)
[PASS] testERC7821(bytes32) (runs: 260, μ: 365007, ~: 298364)
[PASS] testERC7821ExecuteBatchOfBatches() (gas: 146004)
[PASS] testERC7821ForRevert() (gas: 41800)
[PASS] testERC7821Gas() (gas: 38916)
[PASS] test__codesize() (gas: 10853)
Suite result: ok. 6 passed; 0 failed; 0 skipped; finished in 47.11ms (46.98ms CPU time)

Ran 8 tests for test/ReentrancyGuard.t.sol:ReentrancyGuardTest
[PASS] testRecursiveDirectUnguardedCall() (gas: 34276)
[PASS] testRecursiveIndirectUnguardedCall() (gas: 47727)
[PASS] testRevertGuardLocked() (gas: 53939)
[PASS] testRevertReadGuardLocked() (gas: 53620)
[PASS] testRevertRecursiveDirectGuardedCall() (gas: 55123)
[PASS] testRevertRecursiveIndirectGuardedCall() (gas: 56529)
[PASS] testRevertRemoteCallback() (gas: 56230)
[PASS] test__codesize() (gas: 4403)
Suite result: ok. 8 passed; 0 failed; 0 skipped; finished in 890.67µs (679.75µs CPU time)

Ran 14 tests for test/SSTORE2.t.sol:SSTORE2Test
[FAIL: call didn't revert at a lower depth than cheatcode call depth; counterexample: calldata=0xde7fc4b70000000000000000000000000000000000000000000000000000000000001df3 args=[0x0000000000000000000000000000000000001Df3]] testReadRevertsOnZeroCodeAddress(address) (runs: 0, μ: 0, ~: 0)
[PASS] testReadSlicing() (gas: 48902)
[PASS] testWriteRead() (gas: 35880)
[PASS] testWriteRead(uint256,uint256) (runs: 260, μ: 807770, ~: 69265)
[PASS] testWriteReadCounterfactual(bytes,bytes32,address) (runs: 260, μ: 3834756, ~: 108268)
[PASS] testWriteReadCustomBounds() (gas: 33936)
[PASS] testWriteReadCustomStartBound() (gas: 34051)
[PASS] testWriteReadDeterministic() (gas: 70156)
[PASS] testWriteReadDeterministic(bytes,bytes32) (runs: 260, μ: 3449766, ~: 96939)
[PASS] testWriteReadEmptyBound() (gas: 33734)
[PASS] testWriteReadFullBoundedRead() (gas: 35937)
[PASS] testWriteReadFullStartBound() (gas: 34014)
[PASS] testWriteWithTooBigDataReverts() (gas: 97303641)
[PASS] test__codesize() (gas: 8650)
Suite result: FAILED. 13 passed; 1 failed; 0 skipped; finished in 47.24ms (46.78ms CPU time)

Ran 11 tests for test/SafeCastLib.t.sol:SafeCastLibTest
[FAIL: call didn't revert at a lower depth than cheatcode call depth; counterexample: calldata=0x100f4f3500000000000000000000000000000000061efc876052ecb5c2045aed69bc6a3400000000000000000000000000000000000000000000000055eea46051bb0dd0 args=[8136258773298410404299726973912771124 [8.136e36], 6192067271276039632 [6.192e18]]] testSafeCastInt256ToInt(int256,uint256) (runs: 1, μ: 24596, ~: 24596)
[PASS] testSafeCastInt256ToIntBench() (gas: 341694)
[PASS] testSafeCastInt256ToIntTrickEquivalence(int256) (runs: 260, μ: 406, ~: 406)
[FAIL: call didn't revert at a lower depth than cheatcode call depth; counterexample: calldata=0x80e757cafffffffffffffffffffffffffffffffffffffffffffffffffffffffffffffffc args=[115792089237316195423570985008687907853269984665640564039457584007913129639932 [1.157e77]]] testSafeCastToInt256(uint256) (runs: 2, μ: 405, ~: 405)
[FAIL: call didn't revert at a lower depth than cheatcode call depth; counterexample: calldata=0x215f791afffffffffffffffffffff009a306bd8eaba4d9ec7d8dd469107a99ce9b3f9324 args=[-5972226475958514458522827573861717274980412723064028 [-5.972e51]]] testSafeCastToUint256(int256) (runs: 8, μ: 428, ~: 428)
[FAIL: call didn't revert at a lower depth than cheatcode call depth; counterexample: calldata=0x4e4498310000000000000000000000000000000000000000000000000000000000004baa0000000000000000000000000000000000000000000000000000000080e757cb args=[19370 [1.937e4], 2162644939 [2.162e9]]] testSafeCastUint256ToInt(uint256,uint256) (runs: 0, μ: 0, ~: 0)
[PASS] testSafeCastUint256ToInt256Bench() (gas: 29380)
[PASS] testSafeCastUint256ToIntBench() (gas: 330222)
[PASS] testSafeCastUint256ToUintBench() (gas: 326262)
[FAIL: call didn't revert at a lower depth than cheatcode call depth; counterexample: calldata=0xb933dcbefffffffffffffffffffffffffffffffffffffffffffffffffffffffffffffffc0000000000000000000000000000000000000000000000004c77ac00c4ea5b3d args=[115792089237316195423570985008687907853269984665640564039457584007913129639932 [1.157e77], 5510061788414761789 [5.51e18]]] testSafeCastUintToUint(uint256,uint256) (runs: 2, μ: 24847, ~: 24847)
[PASS] test__codesize() (gas: 23416)
Suite result: FAILED. 6 passed; 5 failed; 0 skipped; finished in 14.87ms (14.44ms CPU time)

Ran 30 tests for test/LibBitmap.t.sol:LibBitmapTest
[PASS] testBitmapClaimWithGetSet() (gas: 27156)
[PASS] testBitmapClaimWithToggle() (gas: 17480)
[PASS] testBitmapFindFirstUnset() (gas: 54669)
[PASS] testBitmapFindFirstUnset(uint256,uint256,bytes32) (runs: 260, μ: 140731, ~: 139890)
[PASS] testBitmapFindLastSet() (gas: 1300541)
[PASS] testBitmapFindLastSet(uint256,bytes32) (runs: 260, μ: 76235, ~: 76222)
[PASS] testBitmapFindLastSet2() (gas: 23882)
[PASS] testBitmapGet() (gas: 2549)
[PASS] testBitmapGet(uint256) (runs: 260, μ: 2599, ~: 2599)
[PASS] testBitmapPopCount() (gas: 751877)
[PASS] testBitmapPopCount(uint256,uint256,uint256) (runs: 260, μ: 226308, ~: 194559)
[PASS] testBitmapPopCountAcrossMultipleBuckets() (gas: 73634)
[PASS] testBitmapPopCountWithinSingleBucket() (gas: 34032)
[PASS] testBitmapSet() (gas: 22771)
[PASS] testBitmapSet(uint256) (runs: 260, μ: 22843, ~: 22843)
[PASS] testBitmapSetAndGet(uint256) (runs: 260, μ: 22864, ~: 22864)
[PASS] testBitmapSetBatch() (gas: 2918603)
[PASS] testBitmapSetBatchAcrossMultipleBuckets() (gas: 438393)
[PASS] testBitmapSetBatchWithinSingleBucket() (gas: 389011)
[PASS] testBitmapSetTo() (gas: 14652)
[PASS] testBitmapSetTo(uint256,bool,uint256) (runs: 260, μ: 12687, ~: 3113)
[PASS] testBitmapSetTo(uint256,uint256) (runs: 260, μ: 45997, ~: 51177)
[PASS] testBitmapToggle() (gas: 31525)
[PASS] testBitmapToggle(uint256,bool) (runs: 260, μ: 18965, ~: 14589)
[PASS] testBitmapUnset() (gas: 22794)
[PASS] testBitmapUnset(uint256) (runs: 260, μ: 14509, ~: 14525)
[PASS] testBitmapUnsetBatch() (gas: 2981123)
[PASS] testBitmapUnsetBatchAcrossMultipleBuckets() (gas: 438470)
[PASS] testBitmapUnsetBatchWithinSingleBucket() (gas: 445869)
[PASS] test__codesize() (gas: 8720)
Suite result: ok. 30 passed; 0 failed; 0 skipped; finished in 93.00ms (92.90ms CPU time)

Ran 29 tests for test/ERC20.t.sol:ERC20Test
[PASS] testApprove() (gas: 35881)
[PASS] testApprove(address,uint256) (runs: 257, μ: 31066, ~: 31376)
[PASS] testBurn() (gas: 62496)
[PASS] testBurn(address,uint256,uint256) (runs: 257, μ: 62690, ~: 63116)
[PASS] testBurnInsufficientBalanceReverts(address,uint256,uint256) (runs: 257, μ: 56542, ~: 56946)
[PASS] testDirectSpendAllowance(uint256) (runs: 257, μ: 62116, ~: 62421)
[PASS] testDirectTransfer(uint256) (runs: 257, μ: 98868, ~: 86807)
[PASS] testInfiniteApproveTransferFrom() (gas: 91121)
[PASS] testMetadata() (gas: 16516)
[PASS] testMint() (gas: 58924)
[PASS] testMint(address,uint256) (runs: 257, μ: 58548, ~: 59167)
[PASS] testMintOverMaxUintReverts() (gas: 56398)
[PASS] testPermit() (gas: 89553)
[PASS] testPermit(uint256) (runs: 257, μ: 89665, ~: 89654)
[PASS] testPermitBadDeadlineReverts(uint256) (runs: 257, μ: 41309, ~: 41307)
[PASS] testPermitBadNonceReverts(uint256) (runs: 258, μ: 41749, ~: 41795)
[PASS] testPermitPastDeadlineReverts(uint256) (runs: 258, μ: 35852, ~: 35847)
[PASS] testPermitReplayReverts(uint256) (runs: 260, μ: 92349, ~: 92343)
[PASS] testTransfer() (gas: 65956)
[PASS] testTransfer(address,uint256) (runs: 260, μ: 65867, ~: 66172)
[PASS] testTransferFrom() (gas: 86536)
[PASS] testTransferFrom(address,address,address,uint256,uint256) (runs: 260, μ: 95215, ~: 96301)
[PASS] testTransferFromInsufficientAllowanceReverts() (gas: 82489)
[PASS] testTransferFromInsufficientAllowanceReverts(address,uint256,uint256) (runs: 260, μ: 83012, ~: 82948)
[PASS] testTransferFromInsufficientBalanceReverts() (gas: 62838)
[PASS] testTransferFromInsufficientBalanceReverts(address,uint256,uint256) (runs: 260, μ: 63374, ~: 63386)
[PASS] testTransferInsufficientBalanceReverts() (gas: 56542)
[PASS] testTransferInsufficientBalanceReverts(address,uint256,uint256) (runs: 260, μ: 56776, ~: 57152)
[PASS] test__codesize() (gas: 22958)
Suite result: ok. 29 passed; 0 failed; 0 skipped; finished in 582.15ms (561.13ms CPU time)

Ran 1 test for test/P256.t.sol:P256VerifierEtcher
[PASS] test__codesize() (gas: 840)
Suite result: ok. 1 passed; 0 failed; 0 skipped; finished in 1.76ms (1.49ms CPU time)

Ran 5 tests for test/Receiver.t.sol:ReceiverTest
[PASS] testETHReceived() (gas: 9643)
[PASS] testOnERC1155BatchReceived() (gas: 69961)
[PASS] testOnERC1155Received() (gas: 67037)
[PASS] testOnERC721Received() (gas: 65589)
[PASS] test__codesize() (gas: 3053)
Suite result: ok. 5 passed; 0 failed; 0 skipped; finished in 1.73ms (118.96µs CPU time)

Ran 26 tests for test/LibPRNG.t.sol:LibPRNGTest
[PASS] testExponentialWad() (gas: 4394348)
[PASS] testLCGGas() (gas: 20803)
[PASS] testLazyShufflerGet() (gas: 298845)
[PASS] testLazyShufflerGetOutOfBoundsReverts(uint256,uint256) (runs: 260, μ: 26635, ~: 26667)
[PASS] testLazyShufflerNoStorageCollisions() (gas: 265353)
[PASS] testLazyShufflerProducesShuffledRange(uint256) (runs: 260, μ: 188320, ~: 91302)
[PASS] testLazyShufflerProducesShuffledRange2() (gas: 9059432)
[PASS] testLazyShufflerProducesShuffledRangeWithGrow(uint256,uint256) (runs: 260, μ: 183456, ~: 173492)
[PASS] testLazyShufflerRestart() (gas: 275425)
[PASS] testLazyShufflerRevertsOnDoubleInit() (gas: 26824)
[FAIL: call didn't revert at a lower depth than cheatcode call depth; counterexample: calldata=0x3b2506b200000000000000000000000000000000000000000000000000000000000032d1 args=[13009 [1.3e4]]] testLazyShufflerRevertsOnFinshedNext(uint256) (runs: 0, μ: 0, ~: 0)
[PASS] testLazyShufflerRevertsOnGrowWithInvalidLength(uint256,uint256) (runs: 260, μ: 24689, ~: 24708)
[PASS] testLazyShufflerRevertsOnInitWithInvalidLength(uint256) (runs: 260, μ: 23139, ~: 23551)
[FAIL: call didn't revert at a lower depth than cheatcode call depth] testLazyShufflerRevertsOnZeroLengthNext() (gas: 27623)
[PASS] testPRNGGas() (gas: 25667)
[PASS] testPRNGNext() (gas: 16162)
[PASS] testPRNGPartialShuffle() (gas: 9302092)
[PASS] testPRNGPartialShuffleDistribution() (gas: 7725709)
[PASS] testPRNGShuffle() (gas: 719977)
[PASS] testPRNGShuffleBytes() (gas: 222074)
[PASS] testPRNGShuffleBytesGas() (gas: 1322475)
[PASS] testPRNGShuffleDistribution() (gas: 3102169)
[PASS] testPRNGShuffleGas() (gas: 1610927)
[PASS] testPRNGUniform() (gas: 559430)
[PASS] testStandardNormalWad() (gas: 4425913)
[PASS] test__codesize() (gas: 14414)
Suite result: FAILED. 24 passed; 2 failed; 0 skipped; finished in 208.62ms (208.47ms CPU time)

Ran 57 tests for test/LibClone.t.sol:LibCloneTest
[PASS] testClone() (gas: 97726)
[PASS] testClone(uint256) (runs: 257, μ: 97820, ~: 97820)
[PASS] testCloneDeterministic() (gas: 98686)
[PASS] testCloneDeterministic(bytes32) (runs: 257, μ: 3843137, ~: 98875)
[PASS] testCloneDeterministicWithImmutableArgs() (gas: 130175)
[PASS] testCloneDeterministicWithImmutableArgs(bytes32) (runs: 257, μ: 7678432, ~: 121664)
[PASS] testCloneWithImmutableArgs() (gas: 130746)
[PASS] testCloneWithImmutableArgs(uint256) (runs: 257, μ: 1985585, ~: 120041)
[PASS] testCloneWithImmutableArgsSlicing() (gas: 57990)
[PASS] testCreateDeterministicCloneWithImmutableArgs(bytes32) (runs: 257, μ: 494354, ~: 124700)
[PASS] testCreateDeterministicERC1967(bytes32) (runs: 257, μ: 156884, ~: 128322)
[PASS] testCreateDeterministicERC1967BeaconProxy(bytes32) (runs: 257, μ: 390620, ~: 360822)
[PASS] testCreateDeterministicERC1967BeaconProxyWithImmutableArgs(bytes32) (runs: 257, μ: 716201, ~: 362876)
[PASS] testCreateDeterministicERC1967I(bytes32) (runs: 257, μ: 172266, ~: 132660)
[PASS] testCreateDeterministicERC1967IBeaconProxy(bytes32) (runs: 257, μ: 387557, ~: 361838)
[PASS] testCreateDeterministicERC1967IBeaconProxyWithImmutableArgs(bytes32) (runs: 257, μ: 514279, ~: 338581)
[PASS] testCreateDeterministicERC1967IWithImmutableArgs(bytes32) (runs: 257, μ: 393108, ~: 156910)
[PASS] testCreateDeterministicERC1967WithImmutableArgs(bytes32) (runs: 257, μ: 346377, ~: 150593)
[PASS] testDeployDeterministicERC1967() (gas: 133859)
[PASS] testDeployDeterministicERC1967(bytes32) (runs: 257, μ: 2893874, ~: 133768)
[PASS] testDeployDeterministicERC1967BeaconProxy(bytes32) (runs: 257, μ: 5172732, ~: 357785)
[PASS] testDeployDeterministicERC1967BeaconProxyWithImmutableArgs(bytes32) (runs: 257, μ: 7800842, ~: 373492)
[PASS] testDeployDeterministicERC1967I() (gas: 129856)
[PASS] testDeployDeterministicERC1967I(bytes32) (runs: 258, μ: 3123183, ~: 129750)
[PASS] testDeployDeterministicERC1967IBeaconProxy(bytes32) (runs: 258, μ: 3705154, ~: 360042)
[PASS] testDeployDeterministicERC1967IBeaconProxyWithImmutableArgs(bytes32) (runs: 258, μ: 5826342, ~: 371278)
[PASS] testDeployDeterministicERC1967IWithImmutableArgs() (gas: 129833)
[PASS] testDeployDeterministicERC1967IWithImmutableArgs(bytes32) (runs: 258, μ: 5385872, ~: 154068)
[PASS] testDeployDeterministicERC1967WithImmutableArgs() (gas: 172125)
[PASS] testDeployDeterministicERC1967WithImmutableArgs(bytes32) (runs: 258, μ: 6448566, ~: 148203)
[PASS] testDeployERC1967() (gas: 131001)
[PASS] testDeployERC1967(bytes32) (runs: 260, μ: 229633, ~: 131132)
[PASS] testDeployERC1967BeaconProxy(bytes32) (runs: 260, μ: 351421, ~: 357061)
[PASS] testDeployERC1967BeaconProxyWithImmutableArgs() (gas: 863061)
[PASS] testDeployERC1967BeaconProxyWithImmutableArgs(address,bytes32) (runs: 260, μ: 26151949, ~: 259728)
[PASS] testDeployERC1967I() (gas: 130029)
[PASS] testDeployERC1967I(bytes32) (runs: 260, μ: 130121, ~: 130121)
[PASS] testDeployERC1967IBeaconProxy() (gas: 359504)
[PASS] testDeployERC1967IBeaconProxy(bytes32) (runs: 260, μ: 400441, ~: 359306)
[PASS] testDeployERC1967IBeaconProxyWithImmutableArgs() (gas: 974920)
[PASS] testDeployERC1967IBeaconProxyWithImmutableArgs(address,bytes32) (runs: 260, μ: 19828592, ~: 249571)
[PASS] testDeployERC1967IWithImmutableArgs() (gas: 168960)
[PASS] testDeployERC1967IWithImmutableArgs(bytes32) (runs: 260, μ: 3666356, ~: 151924)
[PASS] testDeployERC1967WithImmutableArgs() (gas: 146728)
[PASS] testDeployERC1967WithImmutableArgs(bytes32) (runs: 260, μ: 1959661, ~: 145866)
[PASS] testERC1967BeaconProxyGasBehavior(uint256,uint256) (runs: 260, μ: 379218, ~: 346544)
[PASS] testERC1967Bootstrap(address,bytes32) (runs: 261, μ: 220048, ~: 163919)
[PASS] testERC1967BootstrapGuard(address,bytes32) (runs: 261, μ: 48732110, ~: 96883102)
[PASS] testERC1967BootstrapInitCode(address) (runs: 261, μ: 988, ~: 988)
[PASS] testERC1967IBeaconProxyGasBehavior(uint256,uint256) (runs: 261, μ: 347475, ~: 347692)
[PASS] testImplemenationOf(address) (runs: 261, μ: 398139, ~: 81466)
[PASS] testImplemenationOfGas() (gas: 631777)
[PASS] testInitCode(address) (runs: 261, μ: 282352, ~: 48061)
[PASS] testInitialDeposit() (gas: 872427)
[FAIL: call didn't revert at a lower depth than cheatcode call depth; counterexample: calldata=0x460af40e0000000000000000000000005ee37066546ef1a5c28e31e856862a26fd65c210 args=[0x5Ee37066546eF1a5C28e31E856862a26fD65C210]] testSlicingRevertsOnZeroCodeAddress(address) (runs: 1, μ: 26928, ~: 26928)
[PASS] testStartsWith(uint256) (runs: 261, μ: 30023, ~: 29991)
[PASS] test__codesize() (gas: 45261)
Suite result: FAILED. 56 passed; 1 failed; 0 skipped; finished in 938.31ms (938.00ms CPU time)

Ran 68 tests for test/LibSort.t.sol:LibSortTest
[PASS] testClean(uint256) (runs: 257, μ: 3246, ~: 3428)
[PASS] testCopy(uint256) (runs: 257, μ: 92648, ~: 26289)
[PASS] testGroupSum() (gas: 35994)
[PASS] testGroupSum(bytes32) (runs: 257, μ: 418750, ~: 620395)
[PASS] testInsertionSortAddressesDifferential(uint256) (runs: 257, μ: 26642, ~: 25603)
[PASS] testInsertionSortInts() (gas: 80521)
[PASS] testInsertionSortPsuedorandom() (gas: 63574)
[PASS] testInsertionSortPsuedorandom(uint256) (runs: 257, μ: 62367, ~: 62483)
[PASS] testIsSortedAddressesDifferential(uint256) (runs: 257, μ: 35836, ~: 28902)
[PASS] testIsSortedAndUniquifiedAddressesDifferential(uint256) (runs: 257, μ: 34774, ~: 29037)
[PASS] testIsSortedAndUniquifiedDifferential(uint256) (runs: 257, μ: 32327, ~: 27449)
[PASS] testIsSortedAndUniquifiedIntsDifferential(uint256) (runs: 257, μ: 45017, ~: 30228)
[PASS] testIsSortedDifferential(uint256) (runs: 257, μ: 40764, ~: 28415)
[PASS] testIsSortedIntsDifferential(uint256) (runs: 257, μ: 46045, ~: 29151)
[PASS] testReverse() (gas: 117043)
[PASS] testSearchSorted() (gas: 118994)
[PASS] testSearchSortedAddresses() (gas: 251972)
[PASS] testSearchSortedBasicCases() (gas: 2200)
[PASS] testSearchSortedDifferential(uint256) (runs: 257, μ: 39494, ~: 30600)
[PASS] testSearchSortedEdgeCases() (gas: 1617)
[PASS] testSearchSortedElementInArray(uint256) (runs: 257, μ: 47606, ~: 31930)
[PASS] testSearchSortedElementNotInArray() (gas: 6180)
[PASS] testSearchSortedElementNotInArray(uint256) (runs: 257, μ: 50612, ~: 33027)
[PASS] testSearchSortedInts() (gas: 120728)
[PASS] testSearchSortedInts(int256[],int256) (runs: 257, μ: 11684, ~: 11690)
[PASS] testSearchSortedWithEmptyArray() (gas: 731)
[PASS] testSort(uint256) (runs: 257, μ: 43964, ~: 28774)
[PASS] testSortAddressesDifferential(uint256) (runs: 257, μ: 47395, ~: 30960)
[PASS] testSortAddressesPsuedorandom() (gas: 146920)
[PASS] testSortAddressesPsuedorandom(uint256) (runs: 257, μ: 147320, ~: 147218)
[PASS] testSortAddressesPsuedorandomBrutalizeUpperBits() (gas: 198916)
[PASS] testSortAddressesReversed() (gas: 45523)
[PASS] testSortAddressesSorted() (gas: 41136)
[PASS] testSortBasicCase() (gas: 1142)
[PASS] testSortChecksumed(uint256) (runs: 257, μ: 45226, ~: 29055)
[PASS] testSortDifferential(uint256) (runs: 257, μ: 56042, ~: 27339)
[PASS] testSortInts() (gas: 893909)
[PASS] testSortMostlySame() (gas: 66080)
[PASS] testSortOriginalMostlySame() (gas: 208029)
[PASS] testSortOriginalPsuedorandom() (gas: 283660)
[PASS] testSortOriginalPsuedorandom(uint256) (runs: 257, μ: 288056, ~: 287109)
[PASS] testSortOriginalReversed() (gas: 156327)
[PASS] testSortOriginalSorted() (gas: 142307)
[PASS] testSortPsuedorandom() (gas: 140167)
[PASS] testSortPsuedorandom(uint256) (runs: 260, μ: 140752, ~: 140722)
[PASS] testSortPsuedorandomNonuniform() (gas: 145957)
[PASS] testSortPsuedorandomNonuniform(uint256) (runs: 260, μ: 146081, ~: 146056)
[PASS] testSortReversed() (gas: 38906)
[PASS] testSortSorted() (gas: 34523)
[PASS] testSortTestOverhead() (gas: 103386)
[PASS] testSortedDifferenceDifferential() (gas: 183056)
[PASS] testSortedDifferenceDifferential(uint256) (runs: 261, μ: 35194, ~: 34688)
[PASS] testSortedDifferenceDifferentialInt(uint256) (runs: 261, μ: 36214, ~: 35380)
[PASS] testSortedDifferenceUnionIntersection(uint256) (runs: 261, μ: 60055, ~: 53467)
[PASS] testSortedIntersectionDifferential() (gas: 209065)
[PASS] testSortedIntersectionDifferential(uint256) (runs: 261, μ: 32891, ~: 32262)
[PASS] testSortedIntersectionDifferentialInt(uint256) (runs: 261, μ: 35178, ~: 34280)
[PASS] testSortedUnionDifferential() (gas: 216821)
[PASS] testSortedUnionDifferential(uint256) (runs: 261, μ: 34565, ~: 34603)
[PASS] testSortedUnionDifferentialInt(uint256) (runs: 261, μ: 37397, ~: 37345)
[PASS] testTwoComplementConversionSort(int256,int256) (runs: 261, μ: 472, ~: 474)
[PASS] testUniquifySorted() (gas: 1710)
[PASS] testUniquifySorted(uint256) (runs: 261, μ: 42420, ~: 29337)
[PASS] testUniquifySortedAddress() (gas: 4039)
[PASS] testUniquifySortedAddress(uint256) (runs: 261, μ: 45766, ~: 29501)
[PASS] testUniquifySortedDifferential(uint256) (runs: 261, μ: 50309, ~: 30705)
[PASS] testUniquifySortedWithEmptyArray() (gas: 528)
[PASS] test__codesize() (gas: 23470)
Suite result: ok. 68 passed; 0 failed; 0 skipped; finished in 1.30s (1.30s CPU time)

Ran 2 tests for test/LibStorage.t.sol:LibStorageTest
[PASS] testBumpSlot(bytes32,uint256) (runs: 261, μ: 23377, ~: 23443)
[PASS] test__codesize() (gas: 1407)
Suite result: ok. 2 passed; 0 failed; 0 skipped; finished in 6.89ms (6.85ms CPU time)

Ran 23 tests for test/LibRLP.t.sol:LibRLPTest
[PASS] testComputeAddressDifferential(address,uint256) (runs: 261, μ: 4201, ~: 3990)
[PASS] testComputeAddressForLargeNonces() (gas: 1760)
[PASS] testComputeAddressForSmallNonces() (gas: 1007)
[PASS] testComputeAddressOriginalForLargeNonces() (gas: 3766)
[PASS] testComputeAddressOriginalForSmallNonces() (gas: 2185)
[PASS] testRLPEncodeAddressDifferential(address) (runs: 261, μ: 302562, ~: 26302)
[PASS] testRLPEncodeAddressViaList(address,address) (runs: 261, μ: 191521, ~: 27899)
[PASS] testRLPEncodeBool(bool) (runs: 261, μ: 27497, ~: 27365)
[PASS] testRLPEncodeBytes() (gas: 382181)
[PASS] testRLPEncodeBytes2() (gas: 156293)
[PASS] testRLPEncodeBytesDifferential(bytes32) (runs: 261, μ: 366741, ~: 30962)
[PASS] testRLPEncodeList() (gas: 728801)
[PASS] testRLPEncodeList2() (gas: 803336)
[PASS] testRLPEncodeListDifferential(bytes,uint256) (runs: 261, μ: 470239, ~: 649045)
[PASS] testRLPEncodeListEdgeCases() (gas: 1816919)
[PASS] testRLPEncodeStringEdgeCases() (gas: 23953)
[PASS] testRLPEncodeUint() (gas: 1671111)
[PASS] testRLPEncodeUint(uint256) (runs: 261, μ: 99068, ~: 25002)
[PASS] testRLPEncodeUintDifferential(uint256) (runs: 261, μ: 204831, ~: 26995)
[PASS] testRLPMemory(bytes32) (runs: 261, μ: 357983, ~: 35762)
[PASS] testRLPPUint256() (gas: 364901)
[PASS] testSmallLog256Equivalence(uint256) (runs: 261, μ: 23677, ~: 23700)
[PASS] test__codesize() (gas: 18827)
Suite result: ok. 23 passed; 0 failed; 0 skipped; finished in 227.56ms (231.78ms CPU time)

Ran 10 tests for test/P256.t.sol:P256Test
[PASS] testP256Verify(uint256,bytes32) (runs: 257, μ: 491779, ~: 491976)
[PASS] testP256VerifyMalleableRIPPrecompile() (gas: 337104)
[PASS] testP256VerifyMalleableVerifier() (gas: 337124)
[PASS] testP256VerifyNonMalleableRIPPrecompile() (gas: 337044)
[PASS] testP256VerifyNonMalleableVerifier() (gas: 337111)
[PASS] testP256VerifyNotDeployedReverts(bytes32,bytes32,bytes32,bytes32,bytes32,bool) (runs: 260, μ: 11844, ~: 11872)
[PASS] testP256VerifyOutOfBounds() (gas: 201616)
[PASS] testP256VerifyWycheproof() (gas: 3202)
[PASS] testTryDecodePoint(bytes32,bytes32) (runs: 261, μ: 2024, ~: 2024)
[PASS] test__codesize() (gas: 12271)
Suite result: ok. 10 passed; 0 failed; 0 skipped; finished in 1.17s (1.18s CPU time)

Ran 23 tests for test/RedBlackTree.t.sol:RedBlackTreeLibTest
[PASS] testRedBlackTreeBenchUint160() (gas: 3410966)
[PASS] testRedBlackTreeBenchUint256() (gas: 5826728)
[PASS] testRedBlackTreeInsertAndRemove(uint256) (runs: 261, μ: 516565, ~: 474552)
[PASS] testRedBlackTreeInsertAndRemove2(uint256) (runs: 261, μ: 421809, ~: 417007)
[FAIL: call didn't revert at a lower depth than cheatcode call depth] testRedBlackTreeInsertAndRemove3() (gas: 26684767)
[PASS] testRedBlackTreeInsertBenchStep() (gas: 3681373)
[PASS] testRedBlackTreeInsertBenchUint160() (gas: 3446991)
[PASS] testRedBlackTreeInsertBenchUint256() (gas: 6349225)
[PASS] testRedBlackTreeInsertOneGas() (gas: 45558)
[PASS] testRedBlackTreeInsertTenGas() (gas: 279836)
[PASS] testRedBlackTreeInsertThreeGas() (gas: 95604)
[PASS] testRedBlackTreeInsertTwoGas() (gas: 69785)
[PASS] testRedBlackTreeNearest(uint256) (runs: 261, μ: 266214, ~: 257432)
[PASS] testRedBlackTreeNearestAfter(uint256) (runs: 261, μ: 253179, ~: 245766)
[PASS] testRedBlackTreeNearestBefore(uint256) (runs: 261, μ: 253373, ~: 245441)
[PASS] testRedBlackTreePointers() (gas: 91643)
[FAIL: call didn't revert at a lower depth than cheatcode call depth] testRedBlackTreeRejectsEmptyValue() (gas: 3232)
[FAIL: call didn't revert at a lower depth than cheatcode call depth] testRedBlackTreeRemoveViaPointer() (gas: 77962)
[FAIL: call didn't revert at a lower depth than cheatcode call depth] testRedBlackTreeTreeFullReverts() (gas: 50317)
[PASS] testRedBlackTreeTryInsertAndRemove() (gas: 56062)
[PASS] testRedBlackTreeValues() (gas: 188759)
[PASS] testRedBlackTreeValues(uint256) (runs: 261, μ: 325637, ~: 237309)
[PASS] test__codesize() (gas: 13156)
Suite result: FAILED. 19 passed; 4 failed; 0 skipped; finished in 290.53ms (388.94ms CPU time)

Ran 12 tests for test/Multicallable.t.sol:MulticallableTest
[PASS] testMulticallableBenchmark() (gas: 29716)
[PASS] testMulticallableOriginalBenchmark() (gas: 38715)
[PASS] testMulticallablePreservesMsgSender() (gas: 11324)
[PASS] testMulticallableReturnDataIsProperlyEncoded() (gas: 409125)
[PASS] testMulticallableReturnDataIsProperlyEncoded(string,string,uint256) (runs: 261, μ: 271236, ~: 400552)
[PASS] testMulticallableReturnDataIsProperlyEncoded(uint256,uint256,uint256,uint256) (runs: 261, μ: 246466, ~: 34284)
[PASS] testMulticallableRevertWithCustomError() (gas: 11861)
[PASS] testMulticallableRevertWithMessage() (gas: 13511)
[PASS] testMulticallableRevertWithMessage(string) (runs: 261, μ: 14107, ~: 13972)
[PASS] testMulticallableRevertWithNothing() (gas: 11768)
[PASS] testMulticallableWithNoData() (gas: 6466)
[PASS] test__codesize() (gas: 9903)
Suite result: ok. 12 passed; 0 failed; 0 skipped; finished in 57.44ms (57.32ms CPU time)

Ran 16 tests for test/Ownable.t.sol:OwnableTest
[PASS] testBytecodeSize() (gas: 235158)
[PASS] testHandoverOwnership() (gas: 32540)
[PASS] testHandoverOwnership(address) (runs: 261, μ: 32562, ~: 32548)
[PASS] testHandoverOwnershipAfterExpiration() (gas: 36930)
[PASS] testHandoverOwnershipBeforeExpiration() (gas: 28756)
[PASS] testHandoverOwnershipRevertsIfCompleteIsNotOwner() (gas: 35560)
[PASS] testHandoverOwnershipWithCancellation() (gas: 30952)
[PASS] testInitializeOwnerDirect() (gas: 16825)
[PASS] testOnlyOwnerModifier(address,bool) (runs: 261, μ: 19491, ~: 11084)
[PASS] testOwnershipHandoverValidForDefaultValue() (gas: 5737)
[PASS] testRenounceOwnership() (gas: 12779)
[PASS] testSetOwnerDirect() (gas: 17983)
[PASS] testSetOwnerDirect(address) (runs: 261, μ: 18086, ~: 18104)
[PASS] testTransferOwnership() (gas: 19446)
[PASS] testTransferOwnership(address,bool,bool) (runs: 261, μ: 14103, ~: 12395)
[PASS] test__codesize() (gas: 10847)
Suite result: ok. 16 passed; 0 failed; 0 skipped; finished in 40.00ms (39.88ms CPU time)

Ran 14 tests for test/MerkleProofLib.t.sol:MerkleProofLibTest
[PASS] testEmptyCalldataHelpers() (gas: 985)
[PASS] testVerifyMultiProof(bool,bool,bool,bool,bytes32) (runs: 261, μ: 791336, ~: 640762)
[PASS] testVerifyMultiProofForHeightOneTree(bool,bool,bool,bool,bool,bool[]) (runs: 261, μ: 36480, ~: 37064)
[PASS] testVerifyMultiProofForHeightTwoTree(bool,bool,bool,bool,bool,bytes32) (runs: 261, μ: 6496, ~: 6467)
[PASS] testVerifyMultiProofForSingleLeaf(bytes32[],uint256) (runs: 261, μ: 938473, ~: 800455)
[PASS] testVerifyMultiProofIsInvalid() (gas: 638379)
[PASS] testVerifyMultiProofIsValid() (gas: 640255)
[PASS] testVerifyMultiProofMalicious() (gas: 7918)
[PASS] testVerifyProof(bytes32[],uint256) (runs: 261, μ: 889417, ~: 763689)
[PASS] testVerifyProofBasicCase(bool,bool,bool,bytes32) (runs: 261, μ: 4059, ~: 4201)
[PASS] testVerifyProofBasicCaseIsInvalid() (gas: 3626)
[PASS] testVerifyProofBasicCaseIsValid() (gas: 3590)
[PASS] testVerifyProofForHeightOneTree(bool,bool,bool,bool) (runs: 261, μ: 2697, ~: 2968)
[PASS] test__codesize() (gas: 11742)
Suite result: ok. 14 passed; 0 failed; 0 skipped; finished in 408.01ms (407.90ms CPU time)

Ran 9 tests for test/Lifebuoy.t.sol:LifebuoyTest
[PASS] testLifebuoyCreateDeployment(address,address,uint256) (runs: 261, μ: 2941400, ~: 3154200)
[PASS] testLifebuoyOwnedCloneRescuePermissions(bytes32) (runs: 261, μ: 1353747, ~: 1353504)
[PASS] testLifebuoyOwnedRescuePermissions(bytes32) (runs: 261, μ: 1354476, ~: 1354659)
[PASS] testLifebuoyRescuePermissions(bytes32) (runs: 261, μ: 1348050, ~: 1347755)
[PASS] testLockEverything() (gas: 953948)
[PASS] testLockRescue() (gas: 970515)
[PASS] testLockRescueETH() (gas: 982567)
[PASS] testRescueAll(bytes32) (runs: 261, μ: 986916, ~: 983102)
[PASS] test__codesize() (gas: 43390)
Suite result: ok. 9 passed; 0 failed; 0 skipped; finished in 146.07ms (190.19ms CPU time)

Ran 14 tests for test/LibZip.t.sol:LibZipTest
[PASS] testCdCompress() (gas: 126842)
[PASS] testCdCompressDecompress(bytes) (runs: 261, μ: 811741, ~: 657561)
[PASS] testCdCompressDecompress(uint256) (runs: 261, μ: 738083, ~: 678527)
[PASS] testCdDecompressOnInvalidInput() (gas: 1397)
[PASS] testCdFallback() (gas: 5622174)
[PASS] testCdFallback(bytes,uint256) (runs: 261, μ: 1180579, ~: 1050164)
[PASS] testCdFallbackDecompressor(bytes) (runs: 261, μ: 121902, ~: 118487)
[PASS] testCdFallbackDecompressor(uint256) (runs: 261, μ: 172387, ~: 158304)
[PASS] testCdFallbackMaskTrick(uint256,uint256) (runs: 261, μ: 589, ~: 585)
[PASS] testDecompressWontRevert(bytes) (runs: 261, μ: 801331, ~: 637576)
[PASS] testFlzCompressDecompress() (gas: 1255078)
[PASS] testFlzCompressDecompress(bytes) (runs: 261, μ: 799346, ~: 676110)
[PASS] testFlzCompressDecompress2() (gas: 764656)
[PASS] test__codesize() (gas: 20430)
Suite result: ok. 14 passed; 0 failed; 0 skipped; finished in 335.01ms (334.43ms CPU time)

Ran 50 tests for test/ERC721.t.sol:ERC721Test
[PASS] testApprove(uint256) (runs: 257, μ: 108309, ~: 108048)
[PASS] testApproveAll(uint256) (runs: 258, μ: 48600, ~: 40391)
[PASS] testApproveBurn(uint256) (runs: 258, μ: 86764, ~: 86969)
[PASS] testApproveNonExistentReverts(uint256,address) (runs: 258, μ: 33728, ~: 33724)
[PASS] testApproveUnauthorizedReverts(uint256) (runs: 258, μ: 83431, ~: 82637)
[PASS] testAuthorizedEquivalence(address,bool,bool) (runs: 258, μ: 749, ~: 756)
[PASS] testAux(uint256) (runs: 258, μ: 194658, ~: 193140)
[PASS] testAuxPackEquivalence(uint224,uint32) (runs: 258, μ: 558, ~: 558)
[PASS] testBurn(uint256) (runs: 258, μ: 80830, ~: 69073)
[PASS] testBurnNonExistentReverts(uint256) (runs: 258, μ: 10805, ~: 10805)
[PASS] testCannotExceedMaxBalance() (gas: 172276)
[PASS] testDoubleBurnReverts(uint256) (runs: 258, μ: 63682, ~: 63692)
[PASS] testDoubleMintReverts(uint256) (runs: 259, μ: 79533, ~: 79527)
[PASS] testEverything(uint256) (runs: 260, μ: 295966, ~: 304700)
[PASS] testExtraData(uint256) (runs: 260, μ: 99406, ~: 99439)
[PASS] testExtraData2(uint256,uint256) (runs: 260, μ: 53889, ~: 53889)
[PASS] testIsApprovedOrOwner(uint256) (runs: 260, μ: 137653, ~: 137630)
[PASS] testMint(uint256) (runs: 260, μ: 82805, ~: 82894)
[PASS] testMintAndSetExtraDataUnchecked(uint256) (runs: 260, μ: 84628, ~: 84716)
[PASS] testMintAndSetExtraDataUncheckedWithOverwrite(uint256,uint96) (runs: 260, μ: 84058, ~: 84053)
[PASS] testMintToZeroReverts(uint256) (runs: 260, μ: 40086, ~: 40085)
[PASS] testOwnerOfNonExistent(uint256) (runs: 260, μ: 33175, ~: 33185)
[PASS] testSafeMintToEOA(uint256) (runs: 260, μ: 83289, ~: 83210)
[PASS] testSafeMintToERC721Recipient(uint256) (runs: 260, μ: 409688, ~: 410092)
[PASS] testSafeMintToERC721RecipientWithData(uint256,bytes) (runs: 261, μ: 462837, ~: 453862)
[PASS] testSafeMintToERC721RecipientWithWrongReturnData(uint256) (runs: 261, μ: 170595, ~: 170595)
[PASS] testSafeMintToERC721RecipientWithWrongReturnDataWithData(uint256,bytes) (runs: 261, μ: 171843, ~: 171784)
[PASS] testSafeMintToNonERC721RecipientReverts(uint256) (runs: 261, μ: 100673, ~: 100673)
[PASS] testSafeMintToNonERC721RecipientWithDataReverts(uint256,bytes) (runs: 261, μ: 101952, ~: 101894)
[PASS] testSafeMintToRevertingERC721RecipientReverts(uint256) (runs: 261, μ: 203531, ~: 203531)
[PASS] testSafeMintToRevertingERC721RecipientWithDataReverts(uint256,bytes) (runs: 261, μ: 204780, ~: 204723)
[PASS] testSafeTransferFromToEOA(uint256) (runs: 261, μ: 122671, ~: 122719)
[PASS] testSafeTransferFromToERC721Recipient(uint256) (runs: 261, μ: 472257, ~: 472469)
[PASS] testSafeTransferFromToERC721RecipientWithData(uint256,bytes) (runs: 261, μ: 524061, ~: 516444)
[PASS] testSafeTransferFromToERC721RecipientWithWrongReturnDataReverts(uint256) (runs: 261, μ: 202335, ~: 202212)
[PASS] testSafeTransferFromToERC721RecipientWithWrongReturnDataWithDataReverts(uint256,bytes) (runs: 261, μ: 203706, ~: 203806)
[PASS] testSafeTransferFromToNonERC721RecipientReverts(uint256) (runs: 261, μ: 132387, ~: 132511)
[PASS] testSafeTransferFromToNonERC721RecipientWithDataReverts(uint256,bytes) (runs: 261, μ: 133808, ~: 133895)
[PASS] testSafeTransferFromToRevertingERC721RecipientReverts(uint256) (runs: 261, μ: 235204, ~: 235084)
[PASS] testSafeTransferFromToRevertingERC721RecipientWithDataReverts(uint256,bytes) (runs: 261, μ: 236594, ~: 236696)
[PASS] testSafetyOfCustomStorage(uint256,uint256) (runs: 261, μ: 713, ~: 713)
[PASS] testTransferFrom() (gas: 86397)
[PASS] testTransferFrom(uint256) (runs: 261, μ: 113402, ~: 113104)
[PASS] testTransferFromApproveAll(uint256) (runs: 261, μ: 119762, ~: 119752)
[PASS] testTransferFromNotExistentReverts(address,address,uint256) (runs: 261, μ: 34555, ~: 34755)
[PASS] testTransferFromNotOwner(uint256) (runs: 261, μ: 85239, ~: 85420)
[PASS] testTransferFromSelf(uint256) (runs: 261, μ: 93002, ~: 92961)
[PASS] testTransferFromToZeroReverts(uint256) (runs: 261, μ: 63440, ~: 63319)
[PASS] testTransferFromWrongFromReverts(address,uint256) (runs: 261, μ: 80979, ~: 81161)
[PASS] test__codesize() (gas: 42329)
Suite result: ok. 50 passed; 0 failed; 0 skipped; finished in 1.14s (845.05ms CPU time)

Ran 87 tests for test/SafeTransferLib.t.sol:SafeTransferLibTest
[PASS] testApproveWithGarbageReverts(address,uint256) (runs: 261, μ: 114769, ~: 126556)
[PASS] testApproveWithMissingReturn() (gas: 32677)
[PASS] testApproveWithMissingReturn(address,uint256) (runs: 261, μ: 32854, ~: 32853)
[PASS] testApproveWithNonContractReverts() (gas: 6879)
[PASS] testApproveWithNonContractReverts(address,address,uint256) (runs: 261, μ: 7295, ~: 7399)
[PASS] testApproveWithNonGarbage(address,uint256) (runs: 261, μ: 81642, ~: 102166)
[PASS] testApproveWithRetry() (gas: 822074)
[PASS] testApproveWithRetry(address,uint256,uint256) (runs: 261, μ: 821859, ~: 822309)
[PASS] testApproveWithRetryWithNonContractReverts() (gas: 7356)
[PASS] testApproveWithRetryWithNonContractReverts(address,address,uint256) (runs: 261, μ: 7826, ~: 7854)
[PASS] testApproveWithReturnsFalseReverts() (gas: 10274)
[PASS] testApproveWithReturnsFalseReverts(address,uint256) (runs: 261, μ: 10410, ~: 10409)
[PASS] testApproveWithReturnsTooLittleReverts() (gas: 10156)
[PASS] testApproveWithReturnsTooLittleReverts(address,uint256) (runs: 261, μ: 10335, ~: 10334)
[PASS] testApproveWithReturnsTooMuch() (gas: 32913)
[PASS] testApproveWithReturnsTooMuch(address,uint256) (runs: 261, μ: 32900, ~: 33128)
[PASS] testApproveWithReturnsTwoReverts(address,uint256) (runs: 261, μ: 10430, ~: 10429)
[PASS] testApproveWithRevertingReverts() (gas: 10202)
[PASS] testApproveWithRevertingReverts(address,uint256) (runs: 261, μ: 10325, ~: 10324)
[PASS] testApproveWithStandardERC20() (gas: 32562)
[PASS] testApproveWithStandardERC20(address,uint256) (runs: 261, μ: 32631, ~: 32783)
[PASS] testBalanceOfStandardERC20() (gas: 7842)
[PASS] testBalanceOfStandardERC20(address,uint256) (runs: 261, μ: 38051, ~: 38173)
[PASS] testForceTransferETHToGriever() (gas: 1511560)
[PASS] testForceTransferETHToGriever(uint256,uint256) (runs: 261, μ: 534007, ~: 570928)
[PASS] testPermit2() (gas: 90435)
[PASS] testPermit2AnythingWithNonContractReverts() (gas: 125148)
[PASS] testPermit2ApproveAndLockdown(bytes32) (runs: 261, μ: 62230, ~: 62156)
[PASS] testPermit2InvalidAmount(uint256) (runs: 261, μ: 103773, ~: 103803)
[PASS] testPermit2OnDAI() (gas: 110955)
[PASS] testPermit2TransferFromInvalidAmount(uint256) (runs: 261, μ: 138397, ~: 138474)
[PASS] testSimplePermit2AndPermit2TransferFrom() (gas: 1145633)
[PASS] testSimplePermit2AndPermit2TransferFromGas() (gas: 141552)
[PASS] testSuccessTrick(bool,uint256,uint256) (runs: 261, μ: 597, ~: 606)
[PASS] testTotalSupplyQuery() (gas: 27469)
[PASS] testTransferAllETH() (gas: 34598)
[PASS] testTransferAllETH(bytes32) (runs: 261, μ: 57097, ~: 57097)
[PASS] testTransferAllETHToContractWithoutFallbackReverts() (gas: 10837)
[PASS] testTransferAllETHToContractWithoutFallbackReverts(uint256) (runs: 261, μ: 10913, ~: 10913)
[PASS] testTransferAllFromWithStandardERC20() (gas: 33862)
[PASS] testTransferAllFromWithStandardERC20(address,address,uint256) (runs: 261, μ: 58533, ~: 58513)
[PASS] testTransferAllWithStandardERC20() (gas: 31024)
[PASS] testTransferAllWithStandardERC20(address,uint256) (runs: 261, μ: 40186, ~: 40184)
[PASS] testTransferETH() (gas: 34644)
[PASS] testTransferETH(bytes32,uint256) (runs: 261, μ: 57118, ~: 57297)
[PASS] testTransferETHToContractWithoutFallbackReverts() (gas: 10894)
[PASS] testTransferETHToContractWithoutFallbackReverts(uint256) (runs: 261, μ: 10763, ~: 10909)
[PASS] testTransferFromWithGarbageReverts(address,address,uint256) (runs: 261, μ: 912739, ~: 767290)
[PASS] testTransferFromWithMissingReturn() (gas: 631670)
[PASS] testTransferFromWithMissingReturn(address,address,uint256) (runs: 261, μ: 693163, ~: 632454)
[PASS] testTransferFromWithNonContractReverts() (gas: 8097)
[PASS] testTransferFromWithNonContractReverts(address,address,address,uint256) (runs: 261, μ: 8702, ~: 8731)
[PASS] testTransferFromWithNonGarbage(address,address,uint256) (runs: 261, μ: 786194, ~: 682578)
[PASS] testTransferFromWithReturnsFalseReverts() (gas: 598118)
[PASS] testTransferFromWithReturnsFalseReverts(address,address,uint256) (runs: 261, μ: 744223, ~: 598570)
[PASS] testTransferFromWithReturnsTooLittleReverts() (gas: 598061)
[PASS] testTransferFromWithReturnsTooLittleReverts(address,address,uint256) (runs: 261, μ: 782303, ~: 598360)
[PASS] testTransferFromWithReturnsTooMuch() (gas: 632664)
[PASS] testTransferFromWithReturnsTooMuch(address,address,uint256) (runs: 261, μ: 785114, ~: 633397)
[PASS] testTransferFromWithReturnsTwoReverts(address,address,uint256) (runs: 261, μ: 696311, ~: 598487)
[PASS] testTransferFromWithRevertingReverts() (gas: 591004)
[PASS] testTransferFromWithRevertingReverts(address,address,uint256) (runs: 261, μ: 729983, ~: 591133)
[PASS] testTransferFromWithStandardERC20() (gas: 631122)
[PASS] testTransferFromWithStandardERC20(address,address,uint256) (runs: 261, μ: 779807, ~: 631320)
[PASS] testTransferWithGarbageReverts(address,uint256) (runs: 261, μ: 826503, ~: 712395)
[PASS] testTransferWithMissingReturn() (gas: 618755)
[PASS] testTransferWithMissingReturn(address,uint256) (runs: 261, μ: 756563, ~: 618901)
[PASS] testTransferWithNonContractReverts() (gas: 6885)
[PASS] testTransferWithNonContractReverts(bytes32,address,uint256) (runs: 261, μ: 29549, ~: 29549)
[PASS] testTransferWithNonGarbage(address,uint256) (runs: 261, μ: 755525, ~: 665242)
[PASS] testTransferWithReturnsFalseReverts() (gas: 595206)
[PASS] testTransferWithReturnsFalseReverts(address,uint256) (runs: 261, μ: 764680, ~: 595257)
[PASS] testTransferWithReturnsTooLittleReverts() (gas: 595053)
[PASS] testTransferWithReturnsTooLittleReverts(address,uint256) (runs: 261, μ: 736160, ~: 595225)
[PASS] testTransferWithReturnsTooMuch() (gas: 619006)
[PASS] testTransferWithReturnsTooMuch(address,uint256) (runs: 261, μ: 747716, ~: 619142)
[PASS] testTransferWithReturnsTwoReverts(address,uint256) (runs: 261, μ: 714577, ~: 595322)
[PASS] testTransferWithRevertingReverts() (gas: 595165)
[PASS] testTransferWithRevertingReverts(address,uint256) (runs: 261, μ: 678986, ~: 595280)
[PASS] testTransferWithStandardERC20() (gas: 618894)
[PASS] testTransferWithStandardERC20(address,uint256) (runs: 261, μ: 737523, ~: 619261)
[PASS] testTrySafeTransferFrom(address,address,uint256) (runs: 261, μ: 109906, ~: 112373)
[PASS] testTryTransferAllETH() (gas: 148742)
[PASS] testTryTransferETH() (gas: 148723)
[PASS] testTryTransferETHWithNoGrief() (gas: 537069)
[PASS] testTryTransferETHWithNoStorageWrites() (gas: 192488)
[PASS] test__codesize() (gas: 72315)
Suite result: ok. 87 passed; 0 failed; 0 skipped; finished in 724.17ms (854.01ms CPU time)

Ran 28 tests for test/SignatureCheckerLib.t.sol:SignatureCheckerLibTest
[PASS] testERC6492AllowSideEffectsOnEOA() (gas: 39163)
[PASS] testERC6492AllowSideEffectsOnEOA(bytes32) (runs: 261, μ: 36810, ~: 35104)
[PASS] testERC6492AllowSideEffectsPostDeploy() (gas: 541545)
[PASS] testERC6492AllowSideEffectsPreDeploy() (gas: 554594)
[PASS] testERC6492OnEOA() (gas: 35589)
[PASS] testERC6492OnEOA(bytes32) (runs: 261, μ: 36891, ~: 38431)
[PASS] testERC6492PostDeploy() (gas: 541841)
[PASS] testERC6492PreDeploy() (gas: 1366959)
[PASS] testERC6492WithoutRevertingVerifier() (gas: 72923)
[PASS] testEcrecoverLoopTrick(uint256) (runs: 261, μ: 650, ~: 650)
[PASS] testEcrecoverTrickEquivalance(bool,uint256,uint256) (runs: 261, μ: 639, ~: 621)
[PASS] testEmptyCalldataHelpers() (gas: 655)
[PASS] testEtchERC6492RevertingVerifier() (gas: 52599)
[PASS] testSignatureChecker(bytes32) (runs: 261, μ: 57751, ~: 48578)
[PASS] testSignatureCheckerOnEOAWithInvalidSignature() (gas: 20700)
[PASS] testSignatureCheckerOnEOAWithInvalidSigner() (gas: 18200)
[PASS] testSignatureCheckerOnEOAWithMatchingSignerAndSignature() (gas: 20722)
[PASS] testSignatureCheckerOnEOAWithWrongSignedMessageHash() (gas: 20724)
[PASS] testSignatureCheckerOnMaliciousWallet() (gas: 19413)
[PASS] testSignatureCheckerOnWalletWithInvalidSignature() (gas: 66452)
[PASS] testSignatureCheckerOnWalletWithInvalidSigner() (gas: 13555)
[PASS] testSignatureCheckerOnWalletWithMatchingSignerAndSignature() (gas: 74195)
[PASS] testSignatureCheckerOnWalletWithWrongSignedMessageHash() (gas: 53587)
[PASS] testSignatureCheckerOnWalletWithZeroAddressSigner() (gas: 12455)
[PASS] testSignatureCheckerPassthrough(bytes) (runs: 261, μ: 97591, ~: 39795)
[PASS] testToEthSignedMessageHashDifferential(bytes) (runs: 261, μ: 1311, ~: 1306)
[PASS] testToEthSignedMessageHashDifferential(bytes32) (runs: 261, μ: 526, ~: 526)
[PASS] test__codesize() (gas: 19056)
Suite result: ok. 28 passed; 0 failed; 0 skipped; finished in 473.79ms (628.86ms CPU time)

Ran 9 tests for test/MetadataReaderLib.t.sol:MetadataReaderLibTest
[PASS] testBoundsCheckDifferential(uint256) (runs: 261, μ: 25474, ~: 25481)
[PASS] testReadBytes32String() (gas: 668497)
[PASS] testReadBytes32StringTruncated() (gas: 780820)
[PASS] testReadString(uint256) (runs: 261, μ: 820731, ~: 723958)
[PASS] testReadStringChopped() (gas: 273588)
[PASS] testReadStringTruncated(uint256) (runs: 261, μ: 870693, ~: 710621)
[PASS] testReadUint() (gas: 922837)
[PASS] testReadUint(uint256) (runs: 261, μ: 46536, ~: 47139)
[PASS] test__codesize() (gas: 8147)
Suite result: ok. 9 passed; 0 failed; 0 skipped; finished in 315.71ms (110.10ms CPU time)

Ran 102 tests for test/LibString.t.sol:LibStringTest
[PASS] testAddressToHexStringZeroRightPadded(address) (runs: 261, μ: 3426, ~: 3426)
[PASS] testBytesToHexString() (gas: 4759)
[PASS] testBytesToHexString(bytes) (runs: 261, μ: 741853, ~: 587402)
[PASS] testBytesToHexStringNoPrefix() (gas: 4511)
[PASS] testBytesToHexStringNoPrefix(bytes) (runs: 261, μ: 680420, ~: 587050)
[PASS] testContains() (gas: 44582)
[PASS] testEncodeURIComponentDifferential(string) (runs: 261, μ: 135913, ~: 111495)
[PASS] testFromAddressToHexString() (gas: 3114)
[PASS] testFromAddressToHexStringChecksummed() (gas: 35194)
[PASS] testFromAddressToHexStringChecksummedDifferential(uint256) (runs: 261, μ: 706748, ~: 576040)
[PASS] testFromAddressToHexStringWithLeadingZeros() (gas: 3157)
[PASS] testHexStringNoPrefixVariants(uint256,uint256) (runs: 261, μ: 773616, ~: 585663)
[PASS] testNormalizeSmallString() (gas: 1364)
[PASS] testNormalizeSmallString(bytes32) (runs: 261, μ: 3156, ~: 4235)
[PASS] testSetAndGetStringStorage() (gas: 2349824)
[PASS] testSetAndGetStringStorage(bytes32) (runs: 261, μ: 3265, ~: 3265)
[PASS] testSetAndGetStringStorage2(string) (runs: 261, μ: 386663, ~: 69902)
[PASS] testSetAndGetStringStorageCalldata(string) (runs: 261, μ: 35990, ~: 45959)
[PASS] testSimpleStringSetAndGetGas() (gas: 598833)
[PASS] testStringConcat() (gas: 4317)
[PASS] testStringConcat(string,string) (runs: 261, μ: 656147, ~: 567618)
[PASS] testStringConcatOriginal() (gas: 4631)
[PASS] testStringDirectReturn() (gas: 6873)
[PASS] testStringDirectReturn(string) (runs: 261, μ: 3013, ~: 2937)
[PASS] testStringEncodeURIComponent() (gas: 20311)
[PASS] testStringEndsWith() (gas: 3754)
[PASS] testStringEndsWith(uint256) (runs: 261, μ: 690310, ~: 599260)
[PASS] testStringEq(string,string) (runs: 261, μ: 1521, ~: 1523)
[PASS] testStringEqs() (gas: 2013)
[PASS] testStringEscapeHTML() (gas: 7973)
[PASS] testStringEscapeHTML(uint256) (runs: 261, μ: 734947, ~: 607072)
[PASS] testStringEscapeJSON() (gas: 39359)
[PASS] testStringEscapeJSONHexEncode() (gas: 690983)
[PASS] testStringIndexOf() (gas: 17989)
[PASS] testStringIndexOf(uint256) (runs: 261, μ: 696803, ~: 606709)
[PASS] testStringIndicesOf() (gas: 11992)
[PASS] testStringIndicesOf(uint256) (runs: 261, μ: 686582, ~: 610443)
[PASS] testStringIs7BitASCII() (gas: 205346)
[PASS] testStringIs7BitASCIIDifferential(bytes) (runs: 261, μ: 712665, ~: 567432)
[PASS] testStringIs7BitASCIIWithAllowedLookup() (gas: 4967)
[PASS] testStringIs7BitASCIIWithAllowedLookupDifferential(bytes,uint128) (runs: 261, μ: 668079, ~: 567012)
[PASS] testStringLastIndexOf() (gas: 24915)
[PASS] testStringLastIndexOf(uint256) (runs: 261, μ: 743805, ~: 608162)
[PASS] testStringLowerDifferential() (gas: 3300966)
[PASS] testStringLowerDifferential(string) (runs: 261, μ: 8544, ~: 8814)
[PASS] testStringLowerOriginal() (gas: 1219)
[PASS] testStringPackAndUnpackOne() (gas: 714163)
[PASS] testStringPackAndUnpackOne(string) (runs: 261, μ: 613849, ~: 566326)
[PASS] testStringPackAndUnpackOneDifferential(string) (runs: 261, μ: 670787, ~: 566163)
[PASS] testStringPackAndUnpackTwo() (gas: 1068248)
[PASS] testStringPackAndUnpackTwo(string,string) (runs: 261, μ: 648322, ~: 567672)
[PASS] testStringPackAndUnpackTwoDifferential(string,string) (runs: 261, μ: 703249, ~: 567149)
[PASS] testStringRepeat() (gas: 5341)
[PASS] testStringRepeat(string,uint256) (runs: 261, μ: 678402, ~: 569641)
[PASS] testStringRepeatOriginal() (gas: 9683)
[PASS] testStringReplace(uint256) (runs: 261, μ: 721964, ~: 611779)
[PASS] testStringReplaceLong() (gas: 8230)
[PASS] testStringReplaceMedium() (gas: 7405)
[PASS] testStringReplaceShort() (gas: 12293)
[PASS] testStringRuneCount() (gas: 3033961)
[PASS] testStringRuneCountDifferential(string) (runs: 261, μ: 5907, ~: 5736)
[PASS] testStringSlice() (gas: 9662)
[PASS] testStringSlice(bytes,uint256,uint256) (runs: 261, μ: 752420, ~: 591772)
[PASS] testStringSlice(uint256) (runs: 261, μ: 691995, ~: 606228)
[PASS] testStringSplit() (gas: 20583)
[PASS] testStringSplit(uint256) (runs: 261, μ: 781237, ~: 613936)
[PASS] testStringStartsWith() (gas: 3473)
[PASS] testStringStartsWith(uint256) (runs: 261, μ: 676977, ~: 600612)
[PASS] testStringUpperDifferential() (gas: 3110704)
[PASS] testStringUpperDifferential(string) (runs: 261, μ: 8094, ~: 7232)
[PASS] testStringUpperOriginal() (gas: 1240)
[PASS] testTo7BitASCIIAllowedLookup() (gas: 3135)
[FAIL: call didn't revert at a lower depth than cheatcode call depth] testToHexStringFixedLengthInsufficientLength() (gas: 3395)
[PASS] testToHexStringFixedLengthPositiveNumberLong() (gas: 3654)
[PASS] testToHexStringFixedLengthPositiveNumberShort() (gas: 940)
[PASS] testToHexStringFixedLengthUint256Max() (gas: 3678)
[PASS] testToHexStringFixedLengthZeroRightPadded(uint256,uint256) (runs: 261, μ: 8322, ~: 6085)
[PASS] testToHexStringPositiveNumber() (gas: 887)
[PASS] testToHexStringUint256Max() (gas: 3420)
[PASS] testToHexStringZero() (gas: 782)
[PASS] testToHexStringZeroRightPadded(uint256) (runs: 261, μ: 2052, ~: 1758)
[PASS] testToMinimalHexStringNoPrefixPositiveNumber() (gas: 3448)
[PASS] testToMinimalHexStringNoPrefixUint256Max() (gas: 3401)
[PASS] testToMinimalHexStringNoPrefixZero() (gas: 853)
[PASS] testToMinimalHexStringNoPrefixZeroRightPadded(uint256) (runs: 261, μ: 2117, ~: 1946)
[PASS] testToMinimalHexStringPositiveNumber() (gas: 3556)
[PASS] testToMinimalHexStringUint256Max() (gas: 3447)
[PASS] testToMinimalHexStringZero() (gas: 851)
[PASS] testToMinimalHexStringZeroRightPadded(uint256) (runs: 261, μ: 1970, ~: 1451)
[FAIL: call didn't revert at a lower depth than cheatcode call depth] testToSmallString() (gas: 4448)
[PASS] testToStringPositiveNumber() (gas: 954)
[PASS] testToStringPositiveNumberBrutalized() (gas: 566170)
[PASS] testToStringSignedDifferential(int256) (runs: 261, μ: 725254, ~: 568723)
[PASS] testToStringSignedGas() (gas: 7283)
[PASS] testToStringSignedMemory(int256) (runs: 261, μ: 658387, ~: 566585)
[PASS] testToStringSignedOriginalGas() (gas: 9921)
[PASS] testToStringUint256Max() (gas: 6644)
[PASS] testToStringUint256MaxBrutalized() (gas: 577477)
[PASS] testToStringZero() (gas: 678)
[PASS] testToStringZeroBrutalized() (gas: 565619)
[PASS] testToStringZeroRightPadded(uint256) (runs: 261, μ: 680458, ~: 567312)
[PASS] test__codesize() (gas: 49972)
Suite result: FAILED. 100 passed; 2 failed; 0 skipped; finished in 499.24ms (1.00s CPU time)

Ran 42 tests for test/ERC1155.t.sol:ERC1155Test
[PASS] testApproveAll(address,bool) (runs: 257, μ: 48904, ~: 58445)
[PASS] testAuthorizedEquivalence(address,address,bool) (runs: 257, μ: 715, ~: 715)
[PASS] testBalanceOfBatchWithArrayMismatchReverts(uint256) (runs: 257, μ: 31719, ~: 34849)
[PASS] testBatchBalanceOf(uint256) (runs: 257, μ: 175397, ~: 151592)
[PASS] testBatchBurn(uint256) (runs: 257, μ: 234083, ~: 233815)
[PASS] testBatchBurnInsufficientBalanceReverts(uint256) (runs: 257, μ: 233960, ~: 212909)
[PASS] testBatchBurnWithArrayLengthMismatchReverts(uint256) (runs: 257, μ: 55697, ~: 54773)
[PASS] testBatchMintToEOA(uint256) (runs: 257, μ: 161096, ~: 140513)
[PASS] testBatchMintToERC1155Recipient(uint256) (runs: 257, μ: 1167328, ~: 833600)
[PASS] testBatchMintToNonERC1155RecipientReverts(uint256) (runs: 257, μ: 192274, ~: 186164)
[PASS] testBatchMintToRevertingERC1155RecipientReverts(uint256) (runs: 257, μ: 367986, ~: 366639)
[PASS] testBatchMintToWrongReturnDataERC1155RecipientReverts(uint256) (runs: 258, μ: 328311, ~: 321688)
[PASS] testBatchMintToZeroReverts(uint256) (runs: 258, μ: 100395, ~: 91262)
[PASS] testBatchMintWithArrayMismatchReverts(uint256) (runs: 258, μ: 47840, ~: 35999)
[PASS] testBurn(uint256) (runs: 258, μ: 136827, ~: 119269)
[PASS] testBurnInsufficientBalanceReverts(uint256) (runs: 258, μ: 147344, ~: 130695)
[PASS] testDirectSetApprovalForAll(address,address,bool) (runs: 258, μ: 26160, ~: 35955)
[PASS] testMintToEOA(uint256) (runs: 258, μ: 125604, ~: 105484)
[PASS] testMintToERC1155Recipient(uint256) (runs: 260, μ: 1517366, ~: 685517)
[PASS] testMintToNonERC155RecipientReverts(uint256) (runs: 260, μ: 120814, ~: 103773)
[PASS] testMintToRevertingERC155RecipientReverts(uint256) (runs: 260, μ: 304107, ~: 284236)
[PASS] testMintToWrongReturnDataERC155RecipientReverts(uint256) (runs: 257, μ: 251218, ~: 238814)
[PASS] testMintToZeroReverts(uint256) (runs: 257, μ: 52014, ~: 33656)
[PASS] testSafeBatchTransfer() (gas: 8333145)
[PASS] testSafeBatchTransferFromToEOA(uint256) (runs: 257, μ: 276588, ~: 238458)
[PASS] testSafeBatchTransferFromToERC1155Recipient(uint256) (runs: 257, μ: 1558402, ~: 1000035)
[PASS] testSafeBatchTransferFromToNonERC1155RecipientReverts(uint256) (runs: 257, μ: 300145, ~: 293388)
[PASS] testSafeBatchTransferFromToRevertingERC1155RecipientReverts(uint256) (runs: 257, μ: 480280, ~: 467782)
[PASS] testSafeBatchTransferFromToWrongReturnDataERC1155RecipientReverts(uint256) (runs: 257, μ: 426023, ~: 426570)
[PASS] testSafeBatchTransferFromToZeroReverts(uint256) (runs: 258, μ: 201108, ~: 194919)
[PASS] testSafeBatchTransferFromWithArrayLengthMismatchReverts(uint256) (runs: 258, μ: 68762, ~: 67604)
[PASS] testSafeBatchTransferInsufficientBalanceReverts(uint256) (runs: 258, μ: 250268, ~: 212722)
[PASS] testSafeTransferFromInsufficientBalanceReverts(uint256) (runs: 258, μ: 172098, ~: 132290)
[PASS] testSafeTransferFromSelf(uint256) (runs: 260, μ: 180818, ~: 139899)
[PASS] testSafeTransferFromSelfInsufficientBalanceReverts(uint256) (runs: 260, μ: 148082, ~: 103917)
[PASS] testSafeTransferFromToEOA(uint256) (runs: 260, μ: 188790, ~: 146170)
[PASS] testSafeTransferFromToERC1155Recipient(uint256) (runs: 260, μ: 1820177, ~: 765362)
[PASS] testSafeTransferFromToNonERC155RecipientReverts(uint256) (runs: 261, μ: 195064, ~: 173824)
[PASS] testSafeTransferFromToRevertingERC1155RecipientReverts(uint256) (runs: 261, μ: 384028, ~: 354499)
[PASS] testSafeTransferFromToWrongReturnDataERC1155RecipientReverts(uint256) (runs: 261, μ: 366219, ~: 310879)
[PASS] testSafeTransferFromToZeroReverts(uint256) (runs: 261, μ: 118969, ~: 102231)
[PASS] test__codesize() (gas: 42036)
Suite result: ok. 42 passed; 0 failed; 0 skipped; finished in 1.56s (1.73s CPU time)

Ran 29 tests for test/MinHeapLib.t.sol:MinHeapLibTest
[PASS] testHeapEnqueue(uint256) (runs: 261, μ: 182628, ~: 182354)
[PASS] testHeapEnqueue2(uint256) (runs: 261, μ: 588400, ~: 447265)
[PASS] testHeapEnqueueGas() (gas: 841130)
[FAIL: call didn't revert at a lower depth than cheatcode call depth; counterexample: calldata=0x7d9c3b22fffffffffffffffffffffffffffffffffffffffffffffffffffffffffffffffc args=[115792089237316195423570985008687907853269984665640564039457584007913129639932 [1.157e77]]] testHeapEnqueueZeroMaxLengthReverts(uint256) (runs: 2, μ: 67649, ~: 67649)
[PASS] testHeapPSiftTrick(uint256,uint256,uint256) (runs: 261, μ: 691, ~: 855)
[PASS] testHeapPushAndPop(uint256) (runs: 261, μ: 116364, ~: 124734)
[PASS] testHeapPushPop(uint256) (runs: 261, μ: 257813, ~: 265470)
[PASS] testHeapPushPopLength(uint256) (runs: 261, μ: 974448, ~: 852159)
[PASS] testHeapReplace(uint256) (runs: 261, μ: 282550, ~: 267783)
[FAIL: call didn't revert at a lower depth than cheatcode call depth; counterexample: calldata=0xad3edb360000000000000000000000000000000000000000000000000000000000003323 args=[13091 [1.309e4]]] testHeapReplaceOrPopEmptyHeapReverts(uint256) (runs: 0, μ: 0, ~: 0)
[FAIL: call didn't revert at a lower depth than cheatcode call depth; counterexample: calldata=0x797f00030000000000000000000000000000000000000000000000000000000000003323 args=[13091 [1.309e4]]] testHeapRoot(uint256) (runs: 0, μ: 0, ~: 0)
[PASS] testHeapSmallest(uint256) (runs: 261, μ: 1613382, ~: 1191693)
[PASS] testHeapSmallestGas() (gas: 50069382)
[PASS] testMemHeapEnqueue(uint256) (runs: 261, μ: 1599689, ~: 988262)
[PASS] testMemHeapEnqueue2(uint256) (runs: 261, μ: 929696, ~: 741009)
[PASS] testMemHeapEnqueueGas() (gas: 249232)
[FAIL: call didn't revert at a lower depth than cheatcode call depth; counterexample: calldata=0x9765b142000000000000000000000ff65cf94271545b261382722b96ef85663164c06cdc args=[5972226475958514458522827573861717274980412723064028 [5.972e51]]] testMemHeapEnqueueZeroMaxLengthReverts(uint256) (runs: 4, μ: 23751, ~: 23708)
[PASS] testMemHeapPushAndPop(uint256) (runs: 261, μ: 1013028, ~: 849155)
[PASS] testMemHeapPushGas() (gas: 35596)
[PASS] testMemHeapPushPop(uint256) (runs: 261, μ: 1296263, ~: 1091979)
[PASS] testMemHeapPushPopLength(uint256) (runs: 261, μ: 886696, ~: 714475)
[PASS] testMemHeapReplace(uint256) (runs: 261, μ: 903823, ~: 813116)
[FAIL: call didn't revert at a lower depth than cheatcode call depth; counterexample: calldata=0x5484065f0000000000000000000000000000000000000000000000000000000000003323 args=[13091 [1.309e4]]] testMemHeapReplaceOrPopEmptyHeapReverts(uint256) (runs: 0, μ: 0, ~: 0)
[FAIL: call didn't revert at a lower depth than cheatcode call depth; counterexample: calldata=0xc2bb112c0000000000000000000000000000000000000000000000000000000000003323 args=[13091 [1.309e4]]] testMemHeapRoot(uint256) (runs: 0, μ: 0, ~: 0)
[PASS] testMemHeapSmallest(uint256) (runs: 261, μ: 917082, ~: 754947)
[PASS] testMemHeapSmallestGas() (gas: 2985537)
[PASS] testMemHeapWriteAndReadFromStorage() (gas: 67756)
[PASS] testMemHeapWriteAndReadFromStorage2() (gas: 67774)
[PASS] test__codesize() (gas: 14577)
Suite result: FAILED. 23 passed; 6 failed; 0 skipped; finished in 587.69ms (1.54s CPU time)

Ran 142 tests for test/FixedPointMathLib.t.sol:FixedPointMathLibTest
[PASS] testAbs() (gas: 723)
[PASS] testAbs(int256) (runs: 258, μ: 509, ~: 479)
[PASS] testAbsEdgeCases() (gas: 513)
[PASS] testAvg() (gas: 465)
[PASS] testAvgEdgeCase() (gas: 492)
[PASS] testAvgSigned() (gas: 900)
[PASS] testCbrt() (gas: 10283)
[PASS] testCbrt(uint256) (runs: 258, μ: 1523, ~: 1535)
[PASS] testCbrtBack(uint256) (runs: 258, μ: 35522, ~: 44839)
[PASS] testCbrtWad() (gas: 12028)
[PASS] testCbrtWad(uint256) (runs: 258, μ: 2159, ~: 1973)
[PASS] testCbrtWadConverged() (gas: 2726)
[PASS] testCbrtWadConverged(uint256) (runs: 258, μ: 2224, ~: 2276)
[PASS] testCbrtWadDebug() (gas: 7360)
[PASS] testCbrtWadMonotonicallyIncreasing() (gas: 4227)
[PASS] testCbrtWadMonotonicallyIncreasing(uint256,uint256) (runs: 258, μ: 3168, ~: 2701)
[PASS] testClamp(uint256,uint256,uint256) (runs: 258, μ: 591, ~: 591)
[PASS] testClampSigned(int256,int256,int256) (runs: 258, μ: 547, ~: 547)
[PASS] testDist() (gas: 637)
[PASS] testDist(int256,int256) (runs: 258, μ: 512, ~: 517)
[PASS] testDist(uint256,uint256) (runs: 258, μ: 533, ~: 538)
[PASS] testDistEdgeCases() (gas: 550)
[PASS] testDivWad() (gas: 714)
[FAIL: call didn't revert at a lower depth than cheatcode call depth; counterexample: calldata=0x9e3431fbfffffffffffffffffffffffffffffffffffffffffffffffffffffffffffffffc0000000000000000000000000000000000000000000000004c77ac00c4ea5b3d args=[115792089237316195423570985008687907853269984665640564039457584007913129639932 [1.157e77], 5510061788414761789 [5.51e18]]] testDivWad(uint256,uint256) (runs: 3, μ: 24659, ~: 24659)
[PASS] testDivWadEdgeCases() (gas: 425)
[PASS] testDivWadUp() (gas: 2942)
[FAIL: call didn't revert at a lower depth than cheatcode call depth; counterexample: calldata=0xe5ff2e1b000000000000000000000000000000000000000000000000000000000000578a00000000000000000000000000000000000000000000000000000000000012c7 args=[22410 [2.241e4], 4807]] testDivWadUp(uint256,uint256) (runs: 0, μ: 0, ~: 0)
[PASS] testDivWadUpEdgeCases() (gas: 428)
[FAIL: call didn't revert at a lower depth than cheatcode call depth] testDivWadUpZeroDenominatorReverts() (gas: 3196)
[FAIL: call didn't revert at a lower depth than cheatcode call depth] testDivWadZeroDenominatorReverts() (gas: 3174)
[PASS] testExpWad() (gas: 8025)
[FAIL: call didn't revert at a lower depth than cheatcode call depth] testFactorial() (gas: 98481)
[PASS] testFactorialOriginal() (gas: 94187)
[PASS] testFullMulDiv() (gas: 1149)
[FAIL: call didn't revert at a lower depth than cheatcode call depth; counterexample: calldata=0xdc956b4c00004d568040c4f6c555d75ce1b588fd68c632c2011d1050d0bd8ba2821364b3fffffffffffffffffffffffffffffffffffffffffffffffffffffffffffffffc000000000000000000000000007005ab07b28ecff506ab17cbc12519efdc171f args=[533766530734163721463582957126328516223845714074047266790525666923340979 [5.337e71], 115792089237316195423570985008687907853269984665640564039457584007913129639932 [1.157e77], 2498177222181553463101344145988131196992493343 [2.498e45]]] testFullMulDiv(uint256,uint256,uint256) (runs: 3, μ: 1083, ~: 968)
[FAIL: call didn't revert at a lower depth than cheatcode call depth; counterexample: calldata=0x7e86eb4c000000000000000000000000000000000000000000000000000000000000578a00000000000000000000000000000000000000000000000000000000000012c7 args=[22410 [2.241e4], 4807]] testFullMulDivAlwaysRevertsIfDivisorIsZero(uint256,uint256) (runs: 0, μ: 0, ~: 0)
[PASS] testFullMulDivN() (gas: 852)
[PASS] testFullMulDivN(uint256,uint256,uint8) (runs: 260, μ: 3669, ~: 3712)
[PASS] testFullMulDivUnchecked() (gas: 1613)
[PASS] testFullMulDivUnchecked(uint256,uint256,uint256) (runs: 260, μ: 1676, ~: 1730)
[FAIL: call didn't revert at a lower depth than cheatcode call depth; counterexample: calldata=0x691ff9cf00004d568040c4f6c555d75ce1b588fd68c632c2011d1050d0bd8ba2821364b3fffffffffffffffffffffffffffffffffffffffffffffffffffffffffffffffc000000000000000000000000007005ab07b28ecff506ab17cbc12519efdc171f args=[533766530734163721463582957126328516223845714074047266790525666923340979 [5.337e71], 115792089237316195423570985008687907853269984665640564039457584007913129639932 [1.157e77], 2498177222181553463101344145988131196992493343 [2.498e45]]] testFullMulDivUp(uint256,uint256,uint256) (runs: 3, μ: 1510, ~: 1423)
[FAIL: call didn't revert at a lower depth than cheatcode call depth] testFullMulDivUpRevertsIfRoundedUpResultOverflowsCase1() (gas: 3683)
[FAIL: call didn't revert at a lower depth than cheatcode call depth] testFullMulDivUpRevertsIfRoundedUpResultOverflowsCase2() (gas: 3716)
[PASS] testFullMulEqEquivalence(uint256,uint256,uint256,uint256) (runs: 260, μ: 777, ~: 777)
[PASS] testGcd() (gas: 4229)
[PASS] testGcd(uint256,uint256) (runs: 260, μ: 6176, ~: 3192)
[PASS] testInvMod() (gas: 12892)
[PASS] testInvMod(uint256,uint256) (runs: 260, μ: 3115, ~: 1648)
[PASS] testIsEven(uint256) (runs: 260, μ: 474, ~: 474)
[PASS] testLambertW0WadAccuracy() (gas: 7160)
[PASS] testLambertW0WadAccuracy(uint184) (runs: 260, μ: 2287, ~: 431)
[PASS] testLambertW0WadKnownValues() (gas: 1685627)
[PASS] testLambertW0WadMonoDebug() (gas: 770667)
[PASS] testLambertW0WadMonotonicallyIncreasing() (gas: 18416531)
[PASS] testLambertW0WadMonotonicallyIncreasing(int256,int256) (runs: 260, μ: 7184, ~: 6992)
[PASS] testLambertW0WadMonotonicallyIncreasing2() (gas: 4035325)
[PASS] testLambertW0WadMonotonicallyIncreasingAround(int256) (runs: 260, μ: 28283, ~: 35451)
[PASS] testLambertW0WadMonotonicallyIncreasingAround2(uint96) (runs: 260, μ: 55954, ~: 17618)
[FAIL: call didn't revert at a lower depth than cheatcode call depth] testLambertW0WadRevertsForOutOfDomain() (gas: 16552)
[PASS] testLambertW0WadWithinBounds() (gas: 122039)
[PASS] testLambertW0WadWithinBounds(int256) (runs: 260, μ: 3345, ~: 4985)
[PASS] testLerpInt() (gas: 6461)
[PASS] testLerpInt(int256,int256,int256,int256,int256) (runs: 260, μ: 1682, ~: 1198)
[PASS] testLerpUint() (gas: 6420)
[PASS] testLerpUint(uint256,uint256,uint256,uint256,uint256) (runs: 260, μ: 1117, ~: 843)
[PASS] testLnWad() (gas: 2076)
[PASS] testLnWadBig() (gas: 2065)
[FAIL: call didn't revert at a lower depth than cheatcode call depth] testLnWadNegativeReverts() (gas: 3285)
[FAIL: call didn't revert at a lower depth than cheatcode call depth] testLnWadOverflowReverts() (gas: 3305)
[PASS] testLnWadSmall() (gas: 2688)
[PASS] testLog10() (gas: 76211)
[PASS] testLog10(uint256,uint256) (runs: 260, μ: 2221, ~: 2234)
[PASS] testLog10Up() (gas: 4435)
[PASS] testLog2() (gas: 243231)
[PASS] testLog256() (gas: 22808)
[PASS] testLog256(uint256,uint256) (runs: 260, μ: 2104, ~: 2168)
[PASS] testLog256Up() (gas: 1293)
[PASS] testLog2Differential(uint256) (runs: 260, μ: 892, ~: 887)
[PASS] testLog2Up() (gas: 297368)
[PASS] testMax(uint256,uint256) (runs: 260, μ: 520, ~: 516)
[PASS] testMaxCasted(uint32,uint32,uint256) (runs: 260, μ: 891, ~: 891)
[PASS] testMaxSigned(int256,int256) (runs: 260, μ: 541, ~: 537)
[PASS] testMin(uint256,uint256) (runs: 260, μ: 522, ~: 527)
[PASS] testMinBrutalized(uint256,uint256) (runs: 260, μ: 829, ~: 820)
[PASS] testMinSigned(int256,int256) (runs: 260, μ: 497, ~: 493)
[PASS] testMulDiv() (gas: 1890)
[FAIL: call didn't revert at a lower depth than cheatcode call depth; counterexample: calldata=0x30fc40af00000000000000000000000000000000461efc876052ecb5c2045aed69bc6a3400000000000000000000000000000000000000000000000055eea46051bb0dd000000000000000000065aef50f7d8cef9a8992d3be6e400520855ea22c2d70ff args=[93206850503533026270143378831854823988 [9.32e37], 6192067271276039632 [6.192e18], 9739337386985069194295985772247449863470217749204922623 [9.739e54]]] testMulDiv(uint256,uint256,uint256) (runs: 1, μ: 24671, ~: 24671)
[PASS] testMulDivEdgeCases() (gas: 784)
[PASS] testMulDivUp() (gas: 2126)
[FAIL: call didn't revert at a lower depth than cheatcode call depth; counterexample: calldata=0xf77e1e01fffffffffffffffffffffffffffffffffffffffffffffffffffffffffffffffc0000000000000000000000000000000000000000000000004c77ac00c4ea5b3d0000000000000000000000000000000000000000000efeefb9b21c5e54eccb52 args=[115792089237316195423570985008687907853269984665640564039457584007913129639932 [1.157e77], 5510061788414761789 [5.51e18], 18128864713875949261474642 [1.812e25]]] testMulDivUp(uint256,uint256,uint256) (runs: 2, μ: 24976, ~: 24976)
[PASS] testMulDivUpEdgeCases() (gas: 819)
[FAIL: call didn't revert at a lower depth than cheatcode call depth] testMulDivUpZeroDenominator() (gas: 3224)
[FAIL: call didn't revert at a lower depth than cheatcode call depth] testMulDivZeroDenominatorReverts() (gas: 3223)
[PASS] testMulWad() (gas: 712)
[FAIL: call didn't revert at a lower depth than cheatcode call depth; counterexample: calldata=0xd83fc10dfffffffffffffffffffffffffffffffffffffffffffffffffffffffffffffffc0000000000000000000000000000000000000000000000004c77ac00c4ea5b3d args=[115792089237316195423570985008687907853269984665640564039457584007913129639932 [1.157e77], 5510061788414761789 [5.51e18]]] testMulWad(uint256,uint256) (runs: 2, μ: 24699, ~: 24699)
[PASS] testMulWadEdgeCases() (gas: 753)
[PASS] testMulWadUp() (gas: 779)
[FAIL: call didn't revert at a lower depth than cheatcode call depth; counterexample: calldata=0xd10e293f000000000000000000000000000000000000000000000000000000000000578a00000000000000000000000000000000000000000000000000000000000012c7 args=[22410 [2.241e4], 4807]] testMulWadUp(uint256,uint256) (runs: 0, μ: 0, ~: 0)
[PASS] testMulWadUpEdgeCases() (gas: 776)
[FAIL: call didn't revert at a lower depth than cheatcode call depth] testPackUnpackSci() (gas: 129317)
[PASS] testPackUnpackSci(uint256) (runs: 260, μ: 30391, ~: 30398)
[PASS] testRPow() (gas: 3298)
[FAIL: call didn't revert at a lower depth than cheatcode call depth] testRPowOverflowReverts() (gas: 4940)
[PASS] testRawAdd(int256,int256) (runs: 260, μ: 440, ~: 440)
[PASS] testRawAdd(uint256,uint256) (runs: 260, μ: 443, ~: 443)
[PASS] testRawAddMod(uint256,uint256,uint256) (runs: 261, μ: 533, ~: 533)
[PASS] testRawDiv(uint256,uint256) (runs: 260, μ: 444, ~: 444)
[PASS] testRawMod(uint256,uint256) (runs: 260, μ: 486, ~: 486)
[PASS] testRawMul(int256,int256) (runs: 260, μ: 434, ~: 434)
[PASS] testRawMul(uint256,uint256) (runs: 260, μ: 485, ~: 485)
[PASS] testRawMulMod(uint256,uint256,uint256) (runs: 260, μ: 579, ~: 579)
[PASS] testRawSDiv(int256,int256) (runs: 260, μ: 487, ~: 487)
[PASS] testRawSMod(int256,int256) (runs: 260, μ: 488, ~: 488)
[PASS] testRawSub(int256,int256) (runs: 260, μ: 463, ~: 463)
[PASS] testRawSub(uint256,uint256) (runs: 260, μ: 440, ~: 440)
[PASS] testSDivWad() (gas: 840)
[FAIL: call didn't revert at a lower depth than cheatcode call depth; counterexample: calldata=0xe297f7877ffffffffffffffffffffffffffffffffffffffffffffffffffffffffffffffefffffffffffffffffffffffffffffffffffffffffffffffff38853ff3b15a4c3 args=[57896044618658097711785492504343953926634992332820282019728792003956564819966 [5.789e76], -898375769987373885 [-8.983e17]]] testSDivWad(int256,int256) (runs: 2, μ: 25472, ~: 25472)
[PASS] testSDivWadEdgeCases() (gas: 404)
[PASS] testSMulWad() (gas: 1032)
[FAIL: call didn't revert at a lower depth than cheatcode call depth; counterexample: calldata=0x8231bfcb00000d568040c4f6c555d75ce1b588fd68c632c2011d1050d0bd8ba2821364b3ffffffffffffffd7328884ee6e9b3d0b471e9eda61e091a2a8b5c6c9841f7c81 args=[92054764539567639067758581940598887266974739855142527260124116600186035 [9.205e70], -256122098770531670886674859662381254935126122717864888664959 [-2.561e59]]] testSMulWad(int256,int256) (runs: 3, μ: 24842, ~: 24843)
[PASS] testSMulWadEdgeCases() (gas: 1287)
[PASS] testSMulWadOverflowTrickDifferential(int256,int256) (runs: 260, μ: 665, ~: 676)
[PASS] testSaturatingAdd() (gas: 1757)
[PASS] testSaturatingAdd(uint256,uint256) (runs: 260, μ: 1840, ~: 1849)
[PASS] testSaturatingMul() (gas: 1819)
[PASS] testSaturatingMul(uint256,uint256) (runs: 260, μ: 1865, ~: 1912)
[PASS] testSci() (gas: 1838636)
[PASS] testSci(uint256) (runs: 260, μ: 32455, ~: 33727)
[PASS] testSci2(uint256) (runs: 261, μ: 913, ~: 911)
[PASS] testSqrt() (gas: 43819)
[PASS] testSqrt(uint256) (runs: 261, μ: 1046, ~: 1054)
[PASS] testSqrtBack(uint256) (runs: 261, μ: 10523, ~: 363)
[PASS] testSqrtHashed(uint256) (runs: 261, μ: 54614, ~: 54637)
[PASS] testSqrtHashedSingle() (gas: 54632)
[PASS] testSqrtWad() (gas: 7936)
[PASS] testSqrtWad(uint256) (runs: 261, μ: 1603, ~: 1536)
[PASS] testSqrtWadConverged(uint256) (runs: 261, μ: 1917, ~: 1945)
[PASS] testSqrtWadMonotonicallyIncreasing(uint256,uint256) (runs: 261, μ: 2273, ~: 1847)
[PASS] testTernary(bool,uint256,uint256) (runs: 261, μ: 518, ~: 514)
[PASS] testZeroFloorSub(uint256,uint256) (runs: 261, μ: 547, ~: 518)
[PASS] testZeroFloorSubCasted(uint32,uint32,uint256) (runs: 261, μ: 926, ~: 890)
[PASS] test__codesize() (gas: 46713)
Suite result: FAILED. 119 passed; 23 failed; 0 skipped; finished in 1.14s (511.12ms CPU time)

Ran 11 tests for test/ext/delegatexyz/DelegateCheckerLib.t.sol:DelegateCheckerLibTest
[PASS] testCheckDelegateForAll() (gas: 36319)
[PASS] testCheckDelegateForAll(address,address,bytes32) (runs: 257, μ: 248846, ~: 245324)
[PASS] testCheckDelegateForContract() (gas: 55887)
[PASS] testCheckDelegateForContract(address,address,address,bytes32) (runs: 257, μ: 362750, ~: 363398)
[PASS] testCheckDelegateForERC1155() (gas: 64282)
[PASS] testCheckDelegateForERC1155(address,address,address,uint256,bytes32) (runs: 257, μ: 324943, ~: 308295)
[PASS] testCheckDelegateForERC20() (gas: 63763)
[PASS] testCheckDelegateForERC20(address,address,address,bytes32) (runs: 257, μ: 289943, ~: 281837)
[PASS] testCheckDelegateForERC721() (gas: 71988)
[PASS] testCheckDelegateForERC721(address,address,address,uint256,bytes32) (runs: 257, μ: 436275, ~: 460200)
[PASS] test__codesize() (gas: 32210)
Suite result: ok. 11 passed; 0 failed; 0 skipped; finished in 1.89s (546.00ms CPU time)

Ran 78 test suites in 1.96s (19.10s CPU time): 1424 tests passed, 48 failed, 0 skipped (1472 total tests)

Failing tests:
Encountered 1 failing test in test/DateTimeLib.t.sol:DateTimeLibTest
[FAIL: call didn't revert at a lower depth than cheatcode call depth] testDateTimeArithmeticReverts() (gas: 4495)

Encountered 1 failing test in test/ECDSA.t.sol:ECDSATest
[FAIL: call didn't revert at a lower depth than cheatcode call depth] testBytesToEthSignedMessageHashExceedsMaxLengthReverts() (gas: 615401)

Encountered 1 failing test in test/ERC20Votes.t.sol:ERC20VotesTest
[FAIL: call didn't revert at a lower depth than cheatcode call depth; counterexample: calldata=0xb02aa9f10000000000000000000000000000000000000000000000000000000000004309 args=[17161 [1.716e4]]] testCheckpointPush(uint256) (runs: 0, μ: 0, ~: 0)

Encountered 1 failing test in test/EnumerableSetLib.t.sol:EnumerableSetLibTest
[FAIL: call didn't revert at a lower depth than cheatcode call depth; counterexample: calldata=0x115a2b1100000000000000000000000000000000461efc876052ecb5c2045aed69bc6a34 args=[93206850503533026270143378831854823988 [9.32e37]]] testEnumerableSetFuzz(uint256) (runs: 7, μ: 505973, ~: 350381)

Encountered 23 failing tests in test/FixedPointMathLib.t.sol:FixedPointMathLibTest
[FAIL: call didn't revert at a lower depth than cheatcode call depth; counterexample: calldata=0x9e3431fbfffffffffffffffffffffffffffffffffffffffffffffffffffffffffffffffc0000000000000000000000000000000000000000000000004c77ac00c4ea5b3d args=[115792089237316195423570985008687907853269984665640564039457584007913129639932 [1.157e77], 5510061788414761789 [5.51e18]]] testDivWad(uint256,uint256) (runs: 3, μ: 24659, ~: 24659)
[FAIL: call didn't revert at a lower depth than cheatcode call depth; counterexample: calldata=0xe5ff2e1b000000000000000000000000000000000000000000000000000000000000578a00000000000000000000000000000000000000000000000000000000000012c7 args=[22410 [2.241e4], 4807]] testDivWadUp(uint256,uint256) (runs: 0, μ: 0, ~: 0)
[FAIL: call didn't revert at a lower depth than cheatcode call depth] testDivWadUpZeroDenominatorReverts() (gas: 3196)
[FAIL: call didn't revert at a lower depth than cheatcode call depth] testDivWadZeroDenominatorReverts() (gas: 3174)
[FAIL: call didn't revert at a lower depth than cheatcode call depth] testFactorial() (gas: 98481)
[FAIL: call didn't revert at a lower depth than cheatcode call depth; counterexample: calldata=0xdc956b4c00004d568040c4f6c555d75ce1b588fd68c632c2011d1050d0bd8ba2821364b3fffffffffffffffffffffffffffffffffffffffffffffffffffffffffffffffc000000000000000000000000007005ab07b28ecff506ab17cbc12519efdc171f args=[533766530734163721463582957126328516223845714074047266790525666923340979 [5.337e71], 115792089237316195423570985008687907853269984665640564039457584007913129639932 [1.157e77], 2498177222181553463101344145988131196992493343 [2.498e45]]] testFullMulDiv(uint256,uint256,uint256) (runs: 3, μ: 1083, ~: 968)
[FAIL: call didn't revert at a lower depth than cheatcode call depth; counterexample: calldata=0x7e86eb4c000000000000000000000000000000000000000000000000000000000000578a00000000000000000000000000000000000000000000000000000000000012c7 args=[22410 [2.241e4], 4807]] testFullMulDivAlwaysRevertsIfDivisorIsZero(uint256,uint256) (runs: 0, μ: 0, ~: 0)
[FAIL: call didn't revert at a lower depth than cheatcode call depth; counterexample: calldata=0x691ff9cf00004d568040c4f6c555d75ce1b588fd68c632c2011d1050d0bd8ba2821364b3fffffffffffffffffffffffffffffffffffffffffffffffffffffffffffffffc000000000000000000000000007005ab07b28ecff506ab17cbc12519efdc171f args=[533766530734163721463582957126328516223845714074047266790525666923340979 [5.337e71], 115792089237316195423570985008687907853269984665640564039457584007913129639932 [1.157e77], 2498177222181553463101344145988131196992493343 [2.498e45]]] testFullMulDivUp(uint256,uint256,uint256) (runs: 3, μ: 1510, ~: 1423)
[FAIL: call didn't revert at a lower depth than cheatcode call depth] testFullMulDivUpRevertsIfRoundedUpResultOverflowsCase1() (gas: 3683)
[FAIL: call didn't revert at a lower depth than cheatcode call depth] testFullMulDivUpRevertsIfRoundedUpResultOverflowsCase2() (gas: 3716)
[FAIL: call didn't revert at a lower depth than cheatcode call depth] testLambertW0WadRevertsForOutOfDomain() (gas: 16552)
[FAIL: call didn't revert at a lower depth than cheatcode call depth] testLnWadNegativeReverts() (gas: 3285)
[FAIL: call didn't revert at a lower depth than cheatcode call depth] testLnWadOverflowReverts() (gas: 3305)
[FAIL: call didn't revert at a lower depth than cheatcode call depth; counterexample: calldata=0x30fc40af00000000000000000000000000000000461efc876052ecb5c2045aed69bc6a3400000000000000000000000000000000000000000000000055eea46051bb0dd000000000000000000065aef50f7d8cef9a8992d3be6e400520855ea22c2d70ff args=[93206850503533026270143378831854823988 [9.32e37], 6192067271276039632 [6.192e18], 9739337386985069194295985772247449863470217749204922623 [9.739e54]]] testMulDiv(uint256,uint256,uint256) (runs: 1, μ: 24671, ~: 24671)
[FAIL: call didn't revert at a lower depth than cheatcode call depth; counterexample: calldata=0xf77e1e01fffffffffffffffffffffffffffffffffffffffffffffffffffffffffffffffc0000000000000000000000000000000000000000000000004c77ac00c4ea5b3d0000000000000000000000000000000000000000000efeefb9b21c5e54eccb52 args=[115792089237316195423570985008687907853269984665640564039457584007913129639932 [1.157e77], 5510061788414761789 [5.51e18], 18128864713875949261474642 [1.812e25]]] testMulDivUp(uint256,uint256,uint256) (runs: 2, μ: 24976, ~: 24976)
[FAIL: call didn't revert at a lower depth than cheatcode call depth] testMulDivUpZeroDenominator() (gas: 3224)
[FAIL: call didn't revert at a lower depth than cheatcode call depth] testMulDivZeroDenominatorReverts() (gas: 3223)
[FAIL: call didn't revert at a lower depth than cheatcode call depth; counterexample: calldata=0xd83fc10dfffffffffffffffffffffffffffffffffffffffffffffffffffffffffffffffc0000000000000000000000000000000000000000000000004c77ac00c4ea5b3d args=[115792089237316195423570985008687907853269984665640564039457584007913129639932 [1.157e77], 5510061788414761789 [5.51e18]]] testMulWad(uint256,uint256) (runs: 2, μ: 24699, ~: 24699)
[FAIL: call didn't revert at a lower depth than cheatcode call depth; counterexample: calldata=0xd10e293f000000000000000000000000000000000000000000000000000000000000578a00000000000000000000000000000000000000000000000000000000000012c7 args=[22410 [2.241e4], 4807]] testMulWadUp(uint256,uint256) (runs: 0, μ: 0, ~: 0)
[FAIL: call didn't revert at a lower depth than cheatcode call depth] testPackUnpackSci() (gas: 129317)
[FAIL: call didn't revert at a lower depth than cheatcode call depth] testRPowOverflowReverts() (gas: 4940)
[FAIL: call didn't revert at a lower depth than cheatcode call depth; counterexample: calldata=0xe297f7877ffffffffffffffffffffffffffffffffffffffffffffffffffffffffffffffefffffffffffffffffffffffffffffffffffffffffffffffff38853ff3b15a4c3 args=[57896044618658097711785492504343953926634992332820282019728792003956564819966 [5.789e76], -898375769987373885 [-8.983e17]]] testSDivWad(int256,int256) (runs: 2, μ: 25472, ~: 25472)
[FAIL: call didn't revert at a lower depth than cheatcode call depth; counterexample: calldata=0x8231bfcb00000d568040c4f6c555d75ce1b588fd68c632c2011d1050d0bd8ba2821364b3ffffffffffffffd7328884ee6e9b3d0b471e9eda61e091a2a8b5c6c9841f7c81 args=[92054764539567639067758581940598887266974739855142527260124116600186035 [9.205e70], -256122098770531670886674859662381254935126122717864888664959 [-2.561e59]]] testSMulWad(int256,int256) (runs: 3, μ: 24842, ~: 24843)

Encountered 1 failing test in test/LibClone.t.sol:LibCloneTest
[FAIL: call didn't revert at a lower depth than cheatcode call depth; counterexample: calldata=0x460af40e0000000000000000000000005ee37066546ef1a5c28e31e856862a26fd65c210 args=[0x5Ee37066546eF1a5C28e31E856862a26fD65C210]] testSlicingRevertsOnZeroCodeAddress(address) (runs: 1, μ: 26928, ~: 26928)

Encountered 2 failing tests in test/LibPRNG.t.sol:LibPRNGTest
[FAIL: call didn't revert at a lower depth than cheatcode call depth; counterexample: calldata=0x3b2506b200000000000000000000000000000000000000000000000000000000000032d1 args=[13009 [1.3e4]]] testLazyShufflerRevertsOnFinshedNext(uint256) (runs: 0, μ: 0, ~: 0)
[FAIL: call didn't revert at a lower depth than cheatcode call depth] testLazyShufflerRevertsOnZeroLengthNext() (gas: 27623)

Encountered 2 failing tests in test/LibString.t.sol:LibStringTest
[FAIL: call didn't revert at a lower depth than cheatcode call depth] testToHexStringFixedLengthInsufficientLength() (gas: 3395)
[FAIL: call didn't revert at a lower depth than cheatcode call depth] testToSmallString() (gas: 4448)

Encountered 6 failing tests in test/MinHeapLib.t.sol:MinHeapLibTest
[FAIL: call didn't revert at a lower depth than cheatcode call depth; counterexample: calldata=0x7d9c3b22fffffffffffffffffffffffffffffffffffffffffffffffffffffffffffffffc args=[115792089237316195423570985008687907853269984665640564039457584007913129639932 [1.157e77]]] testHeapEnqueueZeroMaxLengthReverts(uint256) (runs: 2, μ: 67649, ~: 67649)
[FAIL: call didn't revert at a lower depth than cheatcode call depth; counterexample: calldata=0xad3edb360000000000000000000000000000000000000000000000000000000000003323 args=[13091 [1.309e4]]] testHeapReplaceOrPopEmptyHeapReverts(uint256) (runs: 0, μ: 0, ~: 0)
[FAIL: call didn't revert at a lower depth than cheatcode call depth; counterexample: calldata=0x797f00030000000000000000000000000000000000000000000000000000000000003323 args=[13091 [1.309e4]]] testHeapRoot(uint256) (runs: 0, μ: 0, ~: 0)
[FAIL: call didn't revert at a lower depth than cheatcode call depth; counterexample: calldata=0x9765b142000000000000000000000ff65cf94271545b261382722b96ef85663164c06cdc args=[5972226475958514458522827573861717274980412723064028 [5.972e51]]] testMemHeapEnqueueZeroMaxLengthReverts(uint256) (runs: 4, μ: 23751, ~: 23708)
[FAIL: call didn't revert at a lower depth than cheatcode call depth; counterexample: calldata=0x5484065f0000000000000000000000000000000000000000000000000000000000003323 args=[13091 [1.309e4]]] testMemHeapReplaceOrPopEmptyHeapReverts(uint256) (runs: 0, μ: 0, ~: 0)
[FAIL: call didn't revert at a lower depth than cheatcode call depth; counterexample: calldata=0xc2bb112c0000000000000000000000000000000000000000000000000000000000003323 args=[13091 [1.309e4]]] testMemHeapRoot(uint256) (runs: 0, μ: 0, ~: 0)

Encountered 4 failing tests in test/RedBlackTree.t.sol:RedBlackTreeLibTest
[FAIL: call didn't revert at a lower depth than cheatcode call depth] testRedBlackTreeInsertAndRemove3() (gas: 26684767)
[FAIL: call didn't revert at a lower depth than cheatcode call depth] testRedBlackTreeRejectsEmptyValue() (gas: 3232)
[FAIL: call didn't revert at a lower depth than cheatcode call depth] testRedBlackTreeRemoveViaPointer() (gas: 77962)
[FAIL: call didn't revert at a lower depth than cheatcode call depth] testRedBlackTreeTreeFullReverts() (gas: 50317)

Encountered 1 failing test in test/SSTORE2.t.sol:SSTORE2Test
[FAIL: call didn't revert at a lower depth than cheatcode call depth; counterexample: calldata=0xde7fc4b70000000000000000000000000000000000000000000000000000000000001df3 args=[0x0000000000000000000000000000000000001Df3]] testReadRevertsOnZeroCodeAddress(address) (runs: 0, μ: 0, ~: 0)

Encountered 5 failing tests in test/SafeCastLib.t.sol:SafeCastLibTest
[FAIL: call didn't revert at a lower depth than cheatcode call depth; counterexample: calldata=0x100f4f3500000000000000000000000000000000061efc876052ecb5c2045aed69bc6a3400000000000000000000000000000000000000000000000055eea46051bb0dd0 args=[8136258773298410404299726973912771124 [8.136e36], 6192067271276039632 [6.192e18]]] testSafeCastInt256ToInt(int256,uint256) (runs: 1, μ: 24596, ~: 24596)
[FAIL: call didn't revert at a lower depth than cheatcode call depth; counterexample: calldata=0x80e757cafffffffffffffffffffffffffffffffffffffffffffffffffffffffffffffffc args=[115792089237316195423570985008687907853269984665640564039457584007913129639932 [1.157e77]]] testSafeCastToInt256(uint256) (runs: 2, μ: 405, ~: 405)
[FAIL: call didn't revert at a lower depth than cheatcode call depth; counterexample: calldata=0x215f791afffffffffffffffffffff009a306bd8eaba4d9ec7d8dd469107a99ce9b3f9324 args=[-5972226475958514458522827573861717274980412723064028 [-5.972e51]]] testSafeCastToUint256(int256) (runs: 8, μ: 428, ~: 428)
[FAIL: call didn't revert at a lower depth than cheatcode call depth; counterexample: calldata=0x4e4498310000000000000000000000000000000000000000000000000000000000004baa0000000000000000000000000000000000000000000000000000000080e757cb args=[19370 [1.937e4], 2162644939 [2.162e9]]] testSafeCastUint256ToInt(uint256,uint256) (runs: 0, μ: 0, ~: 0)
[FAIL: call didn't revert at a lower depth than cheatcode call depth; counterexample: calldata=0xb933dcbefffffffffffffffffffffffffffffffffffffffffffffffffffffffffffffffc0000000000000000000000000000000000000000000000004c77ac00c4ea5b3d args=[115792089237316195423570985008687907853269984665640564039457584007913129639932 [1.157e77], 5510061788414761789 [5.51e18]]] testSafeCastUintToUint(uint256,uint256) (runs: 2, μ: 24847, ~: 24847)

Encountered a total of 48 failing tests, 1424 tests succeeded
