No files changed, compilation skipped

Ran 1 test for src/test/DSTestPlus.t.sol:DSTestPlusTest
[FAIL: `testFail*` has been removed. Consider changing to test_Revert[If|When]_Condition and expecting a revert] Found 2 instances: testFailBoundMinBiggerThanMax, testFailBoundMinBiggerThanMax (gas: 0)
Suite result: FAILED. 0 passed; 1 failed; 0 skipped; finished in 604.79µs (0.00ns CPU time)

Ran 1 test for src/test/SSTORE2.t.sol:SSTORE2Test
[FAIL: `testFail*` has been removed. Consider changing to test_Revert[If|When]_Condition and expecting a revert] Found 11 instances: testFailReadInvalidPointer, testFailReadInvalidPointer, testFailReadInvalidPointerCustomBounds, testFailReadInvalidPointerCustomBounds, testFailReadInvalidPointerCustomStartBound, testFailReadInvalidPointerCustomStartBound, testFailWriteReadCustomBoundsOutOfRange, testFailWriteReadCustomStartBoundOutOfRange, testFailWriteReadEmptyOutOfBounds, testFailWriteReadOutOfBounds, testFailWriteReadOutOfStartBound (gas: 0)
Suite result: FAILED. 0 passed; 1 failed; 0 skipped; finished in 562.83µs (0.00ns CPU time)

Ran 1 test for src/test/Auth.t.sol:AuthTest
[FAIL: `testFail*` has been removed. Consider changing to test_Revert[If|When]_Condition and expecting a revert] Found 15 instances: testFailCallFunctionAsNonOwner, testFailCallFunctionAsNonOwner, testFailCallFunctionAsOwnerWithOutOfOrderAuthority, testFailCallFunctionWithRestrictiveAuthority, testFailCallFunctionWithRestrictiveAuthority, testFailSetAuthorityAsNonOwner, testFailSetAuthorityAsNonOwner, testFailSetAuthorityWithRestrictiveAuthority, testFailSetAuthorityWithRestrictiveAuthority, testFailTransferOwnershipAsNonOwner, testFailTransferOwnershipAsNonOwner, testFailTransferOwnershipAsOwnerWithOutOfOrderAuthority, testFailTransferOwnershipAsOwnerWithOutOfOrderAuthority, testFailTransferOwnershipWithRestrictiveAuthority, testFailTransferOwnershipWithRestrictiveAuthority (gas: 0)
Suite result: FAILED. 0 passed; 1 failed; 0 skipped; finished in 682.50µs (0.00ns CPU time)

Ran 1 test for src/test/CREATE3.t.sol:CREATE3Test
[FAIL: `testFail*` has been removed. Consider changing to test_Revert[If|When]_Condition and expecting a revert] Found 4 instances: testFailDoubleDeployDifferentBytecode, testFailDoubleDeployDifferentBytecode, testFailDoubleDeploySameBytecode, testFailDoubleDeploySameBytecode (gas: 0)
Suite result: FAILED. 0 passed; 1 failed; 0 skipped; finished in 666.79µs (0.00ns CPU time)

Ran 1 test for src/test/ERC6909.t.sol:ERC6909Test
[FAIL: `testFail*` has been removed. Consider changing to test_Revert[If|When]_Condition and expecting a revert] Found 11 instances: testFailMintBalanceOverflow, testFailTransferBalanceOverflow, testFailTransferBalanceOverflow, testFailTransferBalanceUnderflow, testFailTransferBalanceUnderflow, testFailTransferFromBalanceOverflow, testFailTransferFromBalanceOverflow, testFailTransferFromBalanceUnderflow, testFailTransferFromBalanceUnderflow, testFailTransferFromNotAuthorized, testFailTransferFromNotAuthorized (gas: 0)
Suite result: FAILED. 0 passed; 1 failed; 0 skipped; finished in 618.71µs (0.00ns CPU time)

Ran 2 tests for src/test/Bytes32AddressLib.t.sol:Bytes32AddressLibTest
[PASS] testFillLast12Bytes() (gas: 223)
[PASS] testFromLast20Bytes() (gas: 191)
Suite result: ok. 2 passed; 0 failed; 0 skipped; finished in 673.33µs (73.71µs CPU time)

Ran 1 test for src/test/SignedWadMath.t.sol:SignedWadMathTest
[FAIL: `testFail*` has been removed. Consider changing to test_Revert[If|When]_Condition and expecting a revert] Found 5 instances: testFailWadDivOverflow, testFailWadDivZeroDenominator, testFailWadMulEdgeCase, testFailWadMulEdgeCase2, testFailWadMulOverflow (gas: 0)
Suite result: FAILED. 0 passed; 1 failed; 0 skipped; finished in 101.04µs (0.00ns CPU time)

Ran 1 test for src/test/SafeCastLib.t.sol:SafeCastLibTest
[FAIL: `testFail*` has been removed. Consider changing to test_Revert[If|When]_Condition and expecting a revert] Found 62 instances: testFailSafeCastTo104, testFailSafeCastTo104, testFailSafeCastTo112, testFailSafeCastTo112, testFailSafeCastTo120, testFailSafeCastTo120, testFailSafeCastTo128, testFailSafeCastTo128, testFailSafeCastTo136, testFailSafeCastTo136, testFailSafeCastTo144, testFailSafeCastTo144, testFailSafeCastTo152, testFailSafeCastTo152, testFailSafeCastTo16, testFailSafeCastTo16, testFailSafeCastTo160, testFailSafeCastTo160, testFailSafeCastTo168, testFailSafeCastTo168, testFailSafeCastTo176, testFailSafeCastTo176, testFailSafeCastTo184, testFailSafeCastTo184, testFailSafeCastTo192, testFailSafeCastTo192, testFailSafeCastTo200, testFailSafeCastTo200, testFailSafeCastTo208, testFailSafeCastTo208, testFailSafeCastTo216, testFailSafeCastTo216, testFailSafeCastTo224, testFailSafeCastTo224, testFailSafeCastTo232, testFailSafeCastTo232, testFailSafeCastTo24, testFailSafeCastTo24, testFailSafeCastTo240, testFailSafeCastTo240, testFailSafeCastTo248, testFailSafeCastTo248, testFailSafeCastTo32, testFailSafeCastTo32, testFailSafeCastTo40, testFailSafeCastTo40, testFailSafeCastTo48, testFailSafeCastTo48, testFailSafeCastTo56, testFailSafeCastTo56, testFailSafeCastTo64, testFailSafeCastTo64, testFailSafeCastTo72, testFailSafeCastTo72, testFailSafeCastTo8, testFailSafeCastTo8, testFailSafeCastTo80, testFailSafeCastTo80, testFailSafeCastTo88, testFailSafeCastTo88, testFailSafeCastTo96, testFailSafeCastTo96 (gas: 0)
Suite result: FAILED. 0 passed; 1 failed; 0 skipped; finished in 105.46µs (0.00ns CPU time)

Ran 1 test for src/test/FixedPointMathLib.t.sol:FixedPointMathLibTest
[FAIL: `testFail*` has been removed. Consider changing to test_Revert[If|When]_Condition and expecting a revert] Found 14 instances: testFailDivWadDownOverflow, testFailDivWadDownZeroDenominator, testFailDivWadDownZeroDenominator, testFailDivWadUpOverflow, testFailDivWadUpZeroDenominator, testFailDivWadUpZeroDenominator, testFailMulDivDownOverflow, testFailMulDivDownZeroDenominator, testFailMulDivDownZeroDenominator, testFailMulDivUpOverflow, testFailMulDivUpZeroDenominator, testFailMulDivUpZeroDenominator, testFailMulWadDownOverflow, testFailMulWadUpOverflow (gas: 0)
Suite result: FAILED. 0 passed; 1 failed; 0 skipped; finished in 69.29µs (0.00ns CPU time)

Ran 1 test for src/test/ERC1155.t.sol:ERC1155Test
[FAIL: `testFail*` has been removed. Consider changing to test_Revert[If|When]_Condition and expecting a revert] Found 50 instances: testFailBalanceOfBatchWithArrayMismatch, testFailBalanceOfBatchWithArrayMismatch, testFailBatchBurnInsufficientBalance, testFailBatchBurnInsufficientBalance, testFailBatchBurnWithArrayLengthMismatch, testFailBatchBurnWithArrayLengthMismatch, testFailBatchMintToNonERC1155Recipient, testFailBatchMintToNonERC1155Recipient, testFailBatchMintToRevertingERC1155Recipient, testFailBatchMintToRevertingERC1155Recipient, testFailBatchMintToWrongReturnDataERC1155Recipient, testFailBatchMintToWrongReturnDataERC1155Recipient, testFailBatchMintToZero, testFailBatchMintToZero, testFailBatchMintWithArrayMismatch, testFailBatchMintWithArrayMismatch, testFailBurnInsufficientBalance, testFailBurnInsufficientBalance, testFailMintToNonERC155Recipient, testFailMintToNonERC155Recipient, testFailMintToRevertingERC155Recipient, testFailMintToRevertingERC155Recipient, testFailMintToWrongReturnDataERC155Recipient, testFailMintToWrongReturnDataERC155Recipient, testFailMintToZero, testFailMintToZero, testFailSafeBatchTransferFromToNonERC1155Recipient, testFailSafeBatchTransferFromToNonERC1155Recipient, testFailSafeBatchTransferFromToRevertingERC1155Recipient, testFailSafeBatchTransferFromToRevertingERC1155Recipient, testFailSafeBatchTransferFromToWrongReturnDataERC1155Recipient, testFailSafeBatchTransferFromToWrongReturnDataERC1155Recipient, testFailSafeBatchTransferFromToZero, testFailSafeBatchTransferFromToZero, testFailSafeBatchTransferFromWithArrayLengthMismatch, testFailSafeBatchTransferFromWithArrayLengthMismatch, testFailSafeBatchTransferInsufficientBalance, testFailSafeBatchTransferInsufficientBalance, testFailSafeTransferFromInsufficientBalance, testFailSafeTransferFromInsufficientBalance, testFailSafeTransferFromSelfInsufficientBalance, testFailSafeTransferFromSelfInsufficientBalance, testFailSafeTransferFromToNonERC155Recipient, testFailSafeTransferFromToNonERC155Recipient, testFailSafeTransferFromToRevertingERC1155Recipient, testFailSafeTransferFromToRevertingERC1155Recipient, testFailSafeTransferFromToWrongReturnDataERC1155Recipient, testFailSafeTransferFromToWrongReturnDataERC1155Recipient, testFailSafeTransferFromToZero, testFailSafeTransferFromToZero (gas: 0)
Suite result: FAILED. 0 passed; 1 failed; 0 skipped; finished in 1.21ms (0.00ns CPU time)

Ran 1 test for src/test/SafeTransferLib.t.sol:SafeTransferLibTest
[FAIL: `testFail*` has been removed. Consider changing to test_Revert[If|When]_Condition and expecting a revert] Found 32 instances: testFailApproveWithGarbage, testFailApproveWithNonContract, testFailApproveWithNonContract, testFailApproveWithReturnsFalse, testFailApproveWithReturnsFalse, testFailApproveWithReturnsTooLittle, testFailApproveWithReturnsTooLittle, testFailApproveWithReturnsTwo, testFailApproveWithReverting, testFailApproveWithReverting, testFailTransferETHToContractWithoutFallback, testFailTransferETHToContractWithoutFallback, testFailTransferFromWithGarbage, testFailTransferFromWithNonContract, testFailTransferFromWithNonContract, testFailTransferFromWithReturnsFalse, testFailTransferFromWithReturnsFalse, testFailTransferFromWithReturnsTooLittle, testFailTransferFromWithReturnsTooLittle, testFailTransferFromWithReturnsTwo, testFailTransferFromWithReverting, testFailTransferFromWithReverting, testFailTransferWithGarbage, testFailTransferWithNonContract, testFailTransferWithNonContract, testFailTransferWithReturnsFalse, testFailTransferWithReturnsFalse, testFailTransferWithReturnsTooLittle, testFailTransferWithReturnsTooLittle, testFailTransferWithReturnsTwo, testFailTransferWithReverting, testFailTransferWithReverting (gas: 0)
Suite result: FAILED. 0 passed; 1 failed; 0 skipped; finished in 321.71µs (0.00ns CPU time)

Ran 1 test for src/test/ERC20.t.sol:ERC20Test
[FAIL: `testFail*` has been removed. Consider changing to test_Revert[If|When]_Condition and expecting a revert] Found 15 instances: testFailBurnInsufficientBalance, testFailPermitBadDeadline, testFailPermitBadDeadline, testFailPermitBadNonce, testFailPermitBadNonce, testFailPermitPastDeadline, testFailPermitPastDeadline, testFailPermitReplay, testFailPermitReplay, testFailTransferFromInsufficientAllowance, testFailTransferFromInsufficientAllowance, testFailTransferFromInsufficientBalance, testFailTransferFromInsufficientBalance, testFailTransferInsufficientBalance, testFailTransferInsufficientBalance (gas: 0)
Suite result: FAILED. 0 passed; 1 failed; 0 skipped; finished in 550.17µs (0.00ns CPU time)

Ran 1 test for src/test/ERC4626.t.sol:ERC4626Test
[FAIL: `testFail*` has been removed. Consider changing to test_Revert[If|When]_Condition and expecting a revert] Found 9 instances: testFailDepositWithNoApproval, testFailDepositWithNotEnoughApproval, testFailDepositZero, testFailMintWithNoApproval, testFailRedeemWithNoShareAmount, testFailRedeemWithNotEnoughShareAmount, testFailRedeemZero, testFailWithdrawWithNoUnderlyingAmount, testFailWithdrawWithNotEnoughUnderlyingAmount (gas: 0)
Suite result: FAILED. 0 passed; 1 failed; 0 skipped; finished in 409.75µs (0.00ns CPU time)

Ran 1 test for src/test/ERC721.t.sol:ERC721Test
[FAIL: `testFail*` has been removed. Consider changing to test_Revert[If|When]_Condition and expecting a revert] Found 47 instances: testFailApproveUnAuthorized, testFailApproveUnAuthorized, testFailApproveUnMinted, testFailApproveUnMinted, testFailBalanceOfZeroAddress, testFailBurnUnMinted, testFailBurnUnMinted, testFailDoubleBurn, testFailDoubleBurn, testFailDoubleMint, testFailDoubleMint, testFailMintToZero, testFailMintToZero, testFailOwnerOfUnminted, testFailOwnerOfUnminted, testFailSafeMintToERC721RecipientWithWrongReturnData, testFailSafeMintToERC721RecipientWithWrongReturnData, testFailSafeMintToERC721RecipientWithWrongReturnDataWithData, testFailSafeMintToERC721RecipientWithWrongReturnDataWithData, testFailSafeMintToNonERC721Recipient, testFailSafeMintToNonERC721Recipient, testFailSafeMintToNonERC721RecipientWithData, testFailSafeMintToNonERC721RecipientWithData, testFailSafeMintToRevertingERC721Recipient, testFailSafeMintToRevertingERC721Recipient, testFailSafeMintToRevertingERC721RecipientWithData, testFailSafeMintToRevertingERC721RecipientWithData, testFailSafeTransferFromToERC721RecipientWithWrongReturnData, testFailSafeTransferFromToERC721RecipientWithWrongReturnData, testFailSafeTransferFromToERC721RecipientWithWrongReturnDataWithData, testFailSafeTransferFromToERC721RecipientWithWrongReturnDataWithData, testFailSafeTransferFromToNonERC721Recipient, testFailSafeTransferFromToNonERC721Recipient, testFailSafeTransferFromToNonERC721RecipientWithData, testFailSafeTransferFromToNonERC721RecipientWithData, testFailSafeTransferFromToRevertingERC721Recipient, testFailSafeTransferFromToRevertingERC721Recipient, testFailSafeTransferFromToRevertingERC721RecipientWithData, testFailSafeTransferFromToRevertingERC721RecipientWithData, testFailTransferFromNotOwner, testFailTransferFromNotOwner, testFailTransferFromToZero, testFailTransferFromToZero, testFailTransferFromUnOwned, testFailTransferFromUnOwned, testFailTransferFromWrongFrom, testFailTransferFromWrongFrom (gas: 0)
Suite result: FAILED. 0 passed; 1 failed; 0 skipped; finished in 1.41ms (0.00ns CPU time)

Ran 1 test for src/test/ReentrancyGuard.t.sol:ReentrancyGuardTest
[FAIL: `testFail*` has been removed. Consider changing to test_Revert[If|When]_Condition and expecting a revert] Found 1 instances: testFailUnprotectedCall (gas: 0)
Suite result: FAILED. 0 passed; 1 failed; 0 skipped; finished in 65.38µs (0.00ns CPU time)

Ran 4 tests for src/test/MerkleProofLib.t.sol:MerkleProofLibTest
[PASS] testValidProofSupplied() (gas: 2153)
[PASS] testVerifyEmptyMerkleProofSuppliedLeafAndRootDifferent() (gas: 1458)
[PASS] testVerifyEmptyMerkleProofSuppliedLeafAndRootSame() (gas: 1452)
[PASS] testVerifyInvalidProofSupplied() (gas: 2172)
Suite result: ok. 4 passed; 0 failed; 0 skipped; finished in 103.96µs (61.21µs CPU time)

Ran 5 tests for src/test/Owned.t.sol:OwnedTest
[PASS] testCallFunctionAsNonOwner() (gas: 11344)
[PASS] testCallFunctionAsNonOwner(address) (runs: 256, μ: 16252, ~: 16290)
[PASS] testCallFunctionAsOwner() (gas: 10435)
[PASS] testTransferOwnership() (gas: 13123)
[PASS] testTransferOwnership(address) (runs: 256, μ: 13135, ~: 13192)
Suite result: ok. 5 passed; 0 failed; 0 skipped; finished in 12.43ms (7.37ms CPU time)

Ran 7 tests for src/test/WETH.t.sol:WETHTest
[PASS] testDeposit() (gas: 63535)
[PASS] testDeposit(uint256) (runs: 256, μ: 64971, ~: 65880)
[PASS] testFallbackDeposit() (gas: 63249)
[PASS] testFallbackDeposit(uint256) (runs: 256, μ: 64877, ~: 65604)
[PASS] testPartialWithdraw() (gas: 73281)
[PASS] testWithdraw() (gas: 54360)
[PASS] testWithdraw(uint256,uint256) (runs: 256, μ: 77581, ~: 78076)
Suite result: ok. 7 passed; 0 failed; 0 skipped; finished in 14.65ms (22.03ms CPU time)

Ran 7 tests for src/test/LibString.t.sol:LibStringTest
[PASS] testDifferentiallyFuzzToString(uint256,bytes) (runs: 256, μ: 23169, ~: 18840)
[PASS] testDifferentiallyFuzzToStringInt(int256,bytes) (runs: 256, μ: 20714, ~: 15142)
[PASS] testToString() (gas: 10069)
[PASS] testToStringDirty() (gas: 8145)
[PASS] testToStringIntNegative() (gas: 9634)
[PASS] testToStringIntPositive() (gas: 10481)
[PASS] testToStringOverwrite() (gas: 506)
Suite result: ok. 7 passed; 0 failed; 0 skipped; finished in 34.49ms (52.58ms CPU time)

Ran 10 tests for src/test/RolesAuthority.t.sol:RolesAuthorityTest
[PASS] testCanCallPublicCapability() (gas: 33409)
[PASS] testCanCallPublicCapability(address,address,bytes4) (runs: 256, μ: 33567, ~: 33532)
[PASS] testCanCallWithAuthorizedRole() (gas: 79995)
[PASS] testCanCallWithAuthorizedRole(address,uint8,address,bytes4) (runs: 256, μ: 80273, ~: 80238)
[PASS] testSetPublicCapabilities() (gas: 29095)
[PASS] testSetPublicCapabilities(address,bytes4) (runs: 256, μ: 29209, ~: 29192)
[PASS] testSetRoleCapabilities() (gas: 30276)
[PASS] testSetRoleCapabilities(uint8,address,bytes4) (runs: 256, μ: 30505, ~: 30489)
[PASS] testSetRoles() (gas: 29005)
[PASS] testSetRoles(address,uint8) (runs: 256, μ: 29120, ~: 29108)
Suite result: ok. 10 passed; 0 failed; 0 skipped; finished in 52.91ms (61.34ms CPU time)

Ran 18 tests for src/test/MultiRolesAuthority.t.sol:MultiRolesAuthorityTest
[PASS] testCanCallPublicCapability() (gas: 34204)
[PASS] testCanCallPublicCapability(address,address,bytes4) (runs: 256, μ: 34400, ~: 34364)
[PASS] testCanCallWithAuthorizedRole() (gas: 80416)
[PASS] testCanCallWithAuthorizedRole(address,uint8,address,bytes4) (runs: 256, μ: 80704, ~: 80671)
[PASS] testCanCallWithCustomAuthority() (gas: 422439)
[PASS] testCanCallWithCustomAuthority(address,address,bytes4) (runs: 256, μ: 422858, ~: 422858)
[PASS] testCanCallWithCustomAuthorityOverridesPublicCapability() (gas: 247388)
[PASS] testCanCallWithCustomAuthorityOverridesPublicCapability(address,address,bytes4) (runs: 256, μ: 247841, ~: 247841)
[PASS] testCanCallWithCustomAuthorityOverridesUserWithRole() (gas: 256546)
[PASS] testCanCallWithCustomAuthorityOverridesUserWithRole(address,uint8,address,bytes4) (runs: 256, μ: 256889, ~: 256852)
[PASS] testSetPublicCapabilities() (gas: 27727)
[PASS] testSetPublicCapabilities(bytes4) (runs: 256, μ: 27838, ~: 27835)
[PASS] testSetRoleCapabilities() (gas: 28932)
[PASS] testSetRoleCapabilities(uint8,bytes4) (runs: 256, μ: 29075, ~: 29073)
[PASS] testSetRoles() (gas: 28918)
[PASS] testSetRoles(address,uint8) (runs: 256, μ: 29028, ~: 29016)
[PASS] testSetTargetCustomAuthority() (gas: 28102)
[PASS] testSetTargetCustomAuthority(address,address) (runs: 256, μ: 28172, ~: 28144)
Suite result: ok. 18 passed; 0 failed; 0 skipped; finished in 52.69ms (163.09ms CPU time)

Ran 1 test for src/test/WETH.t.sol:WETHInvariants
[PASS] invariantTotalSupplyEqualsBalance() (runs: 256, calls: 128000, reverts: 58560)
Suite result: ok. 1 passed; 0 failed; 0 skipped; finished in 2.35s (2.35s CPU time)

Ran 1 test for src/test/ERC20.t.sol:ERC20Invariants
[PASS] invariantBalanceSum() (runs: 256, calls: 128000, reverts: 78596)
Suite result: ok. 1 passed; 0 failed; 0 skipped; finished in 2.52s (2.51s CPU time)

Ran 23 test suites in 2.52s (5.04s CPU time): 55 tests passed, 14 failed, 0 skipped (69 total tests)

Failing tests:
Encountered 1 failing test in src/test/Auth.t.sol:AuthTest
[FAIL: `testFail*` has been removed. Consider changing to test_Revert[If|When]_Condition and expecting a revert] Found 15 instances: testFailCallFunctionAsNonOwner, testFailCallFunctionAsNonOwner, testFailCallFunctionAsOwnerWithOutOfOrderAuthority, testFailCallFunctionWithRestrictiveAuthority, testFailCallFunctionWithRestrictiveAuthority, testFailSetAuthorityAsNonOwner, testFailSetAuthorityAsNonOwner, testFailSetAuthorityWithRestrictiveAuthority, testFailSetAuthorityWithRestrictiveAuthority, testFailTransferOwnershipAsNonOwner, testFailTransferOwnershipAsNonOwner, testFailTransferOwnershipAsOwnerWithOutOfOrderAuthority, testFailTransferOwnershipAsOwnerWithOutOfOrderAuthority, testFailTransferOwnershipWithRestrictiveAuthority, testFailTransferOwnershipWithRestrictiveAuthority (gas: 0)

Encountered 1 failing test in src/test/CREATE3.t.sol:CREATE3Test
[FAIL: `testFail*` has been removed. Consider changing to test_Revert[If|When]_Condition and expecting a revert] Found 4 instances: testFailDoubleDeployDifferentBytecode, testFailDoubleDeployDifferentBytecode, testFailDoubleDeploySameBytecode, testFailDoubleDeploySameBytecode (gas: 0)

Encountered 1 failing test in src/test/DSTestPlus.t.sol:DSTestPlusTest
[FAIL: `testFail*` has been removed. Consider changing to test_Revert[If|When]_Condition and expecting a revert] Found 2 instances: testFailBoundMinBiggerThanMax, testFailBoundMinBiggerThanMax (gas: 0)

Encountered 1 failing test in src/test/ERC1155.t.sol:ERC1155Test
[FAIL: `testFail*` has been removed. Consider changing to test_Revert[If|When]_Condition and expecting a revert] Found 50 instances: testFailBalanceOfBatchWithArrayMismatch, testFailBalanceOfBatchWithArrayMismatch, testFailBatchBurnInsufficientBalance, testFailBatchBurnInsufficientBalance, testFailBatchBurnWithArrayLengthMismatch, testFailBatchBurnWithArrayLengthMismatch, testFailBatchMintToNonERC1155Recipient, testFailBatchMintToNonERC1155Recipient, testFailBatchMintToRevertingERC1155Recipient, testFailBatchMintToRevertingERC1155Recipient, testFailBatchMintToWrongReturnDataERC1155Recipient, testFailBatchMintToWrongReturnDataERC1155Recipient, testFailBatchMintToZero, testFailBatchMintToZero, testFailBatchMintWithArrayMismatch, testFailBatchMintWithArrayMismatch, testFailBurnInsufficientBalance, testFailBurnInsufficientBalance, testFailMintToNonERC155Recipient, testFailMintToNonERC155Recipient, testFailMintToRevertingERC155Recipient, testFailMintToRevertingERC155Recipient, testFailMintToWrongReturnDataERC155Recipient, testFailMintToWrongReturnDataERC155Recipient, testFailMintToZero, testFailMintToZero, testFailSafeBatchTransferFromToNonERC1155Recipient, testFailSafeBatchTransferFromToNonERC1155Recipient, testFailSafeBatchTransferFromToRevertingERC1155Recipient, testFailSafeBatchTransferFromToRevertingERC1155Recipient, testFailSafeBatchTransferFromToWrongReturnDataERC1155Recipient, testFailSafeBatchTransferFromToWrongReturnDataERC1155Recipient, testFailSafeBatchTransferFromToZero, testFailSafeBatchTransferFromToZero, testFailSafeBatchTransferFromWithArrayLengthMismatch, testFailSafeBatchTransferFromWithArrayLengthMismatch, testFailSafeBatchTransferInsufficientBalance, testFailSafeBatchTransferInsufficientBalance, testFailSafeTransferFromInsufficientBalance, testFailSafeTransferFromInsufficientBalance, testFailSafeTransferFromSelfInsufficientBalance, testFailSafeTransferFromSelfInsufficientBalance, testFailSafeTransferFromToNonERC155Recipient, testFailSafeTransferFromToNonERC155Recipient, testFailSafeTransferFromToRevertingERC1155Recipient, testFailSafeTransferFromToRevertingERC1155Recipient, testFailSafeTransferFromToWrongReturnDataERC1155Recipient, testFailSafeTransferFromToWrongReturnDataERC1155Recipient, testFailSafeTransferFromToZero, testFailSafeTransferFromToZero (gas: 0)

Encountered 1 failing test in src/test/ERC20.t.sol:ERC20Test
[FAIL: `testFail*` has been removed. Consider changing to test_Revert[If|When]_Condition and expecting a revert] Found 15 instances: testFailBurnInsufficientBalance, testFailPermitBadDeadline, testFailPermitBadDeadline, testFailPermitBadNonce, testFailPermitBadNonce, testFailPermitPastDeadline, testFailPermitPastDeadline, testFailPermitReplay, testFailPermitReplay, testFailTransferFromInsufficientAllowance, testFailTransferFromInsufficientAllowance, testFailTransferFromInsufficientBalance, testFailTransferFromInsufficientBalance, testFailTransferInsufficientBalance, testFailTransferInsufficientBalance (gas: 0)

Encountered 1 failing test in src/test/ERC4626.t.sol:ERC4626Test
[FAIL: `testFail*` has been removed. Consider changing to test_Revert[If|When]_Condition and expecting a revert] Found 9 instances: testFailDepositWithNoApproval, testFailDepositWithNotEnoughApproval, testFailDepositZero, testFailMintWithNoApproval, testFailRedeemWithNoShareAmount, testFailRedeemWithNotEnoughShareAmount, testFailRedeemZero, testFailWithdrawWithNoUnderlyingAmount, testFailWithdrawWithNotEnoughUnderlyingAmount (gas: 0)

Encountered 1 failing test in src/test/ERC6909.t.sol:ERC6909Test
[FAIL: `testFail*` has been removed. Consider changing to test_Revert[If|When]_Condition and expecting a revert] Found 11 instances: testFailMintBalanceOverflow, testFailTransferBalanceOverflow, testFailTransferBalanceOverflow, testFailTransferBalanceUnderflow, testFailTransferBalanceUnderflow, testFailTransferFromBalanceOverflow, testFailTransferFromBalanceOverflow, testFailTransferFromBalanceUnderflow, testFailTransferFromBalanceUnderflow, testFailTransferFromNotAuthorized, testFailTransferFromNotAuthorized (gas: 0)

Encountered 1 failing test in src/test/ERC721.t.sol:ERC721Test
[FAIL: `testFail*` has been removed. Consider changing to test_Revert[If|When]_Condition and expecting a revert] Found 47 instances: testFailApproveUnAuthorized, testFailApproveUnAuthorized, testFailApproveUnMinted, testFailApproveUnMinted, testFailBalanceOfZeroAddress, testFailBurnUnMinted, testFailBurnUnMinted, testFailDoubleBurn, testFailDoubleBurn, testFailDoubleMint, testFailDoubleMint, testFailMintToZero, testFailMintToZero, testFailOwnerOfUnminted, testFailOwnerOfUnminted, testFailSafeMintToERC721RecipientWithWrongReturnData, testFailSafeMintToERC721RecipientWithWrongReturnData, testFailSafeMintToERC721RecipientWithWrongReturnDataWithData, testFailSafeMintToERC721RecipientWithWrongReturnDataWithData, testFailSafeMintToNonERC721Recipient, testFailSafeMintToNonERC721Recipient, testFailSafeMintToNonERC721RecipientWithData, testFailSafeMintToNonERC721RecipientWithData, testFailSafeMintToRevertingERC721Recipient, testFailSafeMintToRevertingERC721Recipient, testFailSafeMintToRevertingERC721RecipientWithData, testFailSafeMintToRevertingERC721RecipientWithData, testFailSafeTransferFromToERC721RecipientWithWrongReturnData, testFailSafeTransferFromToERC721RecipientWithWrongReturnData, testFailSafeTransferFromToERC721RecipientWithWrongReturnDataWithData, testFailSafeTransferFromToERC721RecipientWithWrongReturnDataWithData, testFailSafeTransferFromToNonERC721Recipient, testFailSafeTransferFromToNonERC721Recipient, testFailSafeTransferFromToNonERC721RecipientWithData, testFailSafeTransferFromToNonERC721RecipientWithData, testFailSafeTransferFromToRevertingERC721Recipient, testFailSafeTransferFromToRevertingERC721Recipient, testFailSafeTransferFromToRevertingERC721RecipientWithData, testFailSafeTransferFromToRevertingERC721RecipientWithData, testFailTransferFromNotOwner, testFailTransferFromNotOwner, testFailTransferFromToZero, testFailTransferFromToZero, testFailTransferFromUnOwned, testFailTransferFromUnOwned, testFailTransferFromWrongFrom, testFailTransferFromWrongFrom (gas: 0)

Encountered 1 failing test in src/test/FixedPointMathLib.t.sol:FixedPointMathLibTest
[FAIL: `testFail*` has been removed. Consider changing to test_Revert[If|When]_Condition and expecting a revert] Found 14 instances: testFailDivWadDownOverflow, testFailDivWadDownZeroDenominator, testFailDivWadDownZeroDenominator, testFailDivWadUpOverflow, testFailDivWadUpZeroDenominator, testFailDivWadUpZeroDenominator, testFailMulDivDownOverflow, testFailMulDivDownZeroDenominator, testFailMulDivDownZeroDenominator, testFailMulDivUpOverflow, testFailMulDivUpZeroDenominator, testFailMulDivUpZeroDenominator, testFailMulWadDownOverflow, testFailMulWadUpOverflow (gas: 0)

Encountered 1 failing test in src/test/ReentrancyGuard.t.sol:ReentrancyGuardTest
[FAIL: `testFail*` has been removed. Consider changing to test_Revert[If|When]_Condition and expecting a revert] Found 1 instances: testFailUnprotectedCall (gas: 0)

Encountered 1 failing test in src/test/SSTORE2.t.sol:SSTORE2Test
[FAIL: `testFail*` has been removed. Consider changing to test_Revert[If|When]_Condition and expecting a revert] Found 11 instances: testFailReadInvalidPointer, testFailReadInvalidPointer, testFailReadInvalidPointerCustomBounds, testFailReadInvalidPointerCustomBounds, testFailReadInvalidPointerCustomStartBound, testFailReadInvalidPointerCustomStartBound, testFailWriteReadCustomBoundsOutOfRange, testFailWriteReadCustomStartBoundOutOfRange, testFailWriteReadEmptyOutOfBounds, testFailWriteReadOutOfBounds, testFailWriteReadOutOfStartBound (gas: 0)

Encountered 1 failing test in src/test/SafeCastLib.t.sol:SafeCastLibTest
[FAIL: `testFail*` has been removed. Consider changing to test_Revert[If|When]_Condition and expecting a revert] Found 62 instances: testFailSafeCastTo104, testFailSafeCastTo104, testFailSafeCastTo112, testFailSafeCastTo112, testFailSafeCastTo120, testFailSafeCastTo120, testFailSafeCastTo128, testFailSafeCastTo128, testFailSafeCastTo136, testFailSafeCastTo136, testFailSafeCastTo144, testFailSafeCastTo144, testFailSafeCastTo152, testFailSafeCastTo152, testFailSafeCastTo16, testFailSafeCastTo16, testFailSafeCastTo160, testFailSafeCastTo160, testFailSafeCastTo168, testFailSafeCastTo168, testFailSafeCastTo176, testFailSafeCastTo176, testFailSafeCastTo184, testFailSafeCastTo184, testFailSafeCastTo192, testFailSafeCastTo192, testFailSafeCastTo200, testFailSafeCastTo200, testFailSafeCastTo208, testFailSafeCastTo208, testFailSafeCastTo216, testFailSafeCastTo216, testFailSafeCastTo224, testFailSafeCastTo224, testFailSafeCastTo232, testFailSafeCastTo232, testFailSafeCastTo24, testFailSafeCastTo24, testFailSafeCastTo240, testFailSafeCastTo240, testFailSafeCastTo248, testFailSafeCastTo248, testFailSafeCastTo32, testFailSafeCastTo32, testFailSafeCastTo40, testFailSafeCastTo40, testFailSafeCastTo48, testFailSafeCastTo48, testFailSafeCastTo56, testFailSafeCastTo56, testFailSafeCastTo64, testFailSafeCastTo64, testFailSafeCastTo72, testFailSafeCastTo72, testFailSafeCastTo8, testFailSafeCastTo8, testFailSafeCastTo80, testFailSafeCastTo80, testFailSafeCastTo88, testFailSafeCastTo88, testFailSafeCastTo96, testFailSafeCastTo96 (gas: 0)

Encountered 1 failing test in src/test/SafeTransferLib.t.sol:SafeTransferLibTest
[FAIL: `testFail*` has been removed. Consider changing to test_Revert[If|When]_Condition and expecting a revert] Found 32 instances: testFailApproveWithGarbage, testFailApproveWithNonContract, testFailApproveWithNonContract, testFailApproveWithReturnsFalse, testFailApproveWithReturnsFalse, testFailApproveWithReturnsTooLittle, testFailApproveWithReturnsTooLittle, testFailApproveWithReturnsTwo, testFailApproveWithReverting, testFailApproveWithReverting, testFailTransferETHToContractWithoutFallback, testFailTransferETHToContractWithoutFallback, testFailTransferFromWithGarbage, testFailTransferFromWithNonContract, testFailTransferFromWithNonContract, testFailTransferFromWithReturnsFalse, testFailTransferFromWithReturnsFalse, testFailTransferFromWithReturnsTooLittle, testFailTransferFromWithReturnsTooLittle, testFailTransferFromWithReturnsTwo, testFailTransferFromWithReverting, testFailTransferFromWithReverting, testFailTransferWithGarbage, testFailTransferWithNonContract, testFailTransferWithNonContract, testFailTransferWithReturnsFalse, testFailTransferWithReturnsFalse, testFailTransferWithReturnsTooLittle, testFailTransferWithReturnsTooLittle, testFailTransferWithReturnsTwo, testFailTransferWithReverting, testFailTransferWithReverting (gas: 0)

Encountered 1 failing test in src/test/SignedWadMath.t.sol:SignedWadMathTest
[FAIL: `testFail*` has been removed. Consider changing to test_Revert[If|When]_Condition and expecting a revert] Found 5 instances: testFailWadDivOverflow, testFailWadDivZeroDenominator, testFailWadMulEdgeCase, testFailWadMulEdgeCase2, testFailWadMulOverflow (gas: 0)

Encountered a total of 14 failing tests, 55 tests succeeded
