No files changed, compilation skipped

Ran 1 test for test/ReentrancyGuard.t.sol:ReentrancyGuardTest
[FAIL: `testFail*` has been removed. Consider changing to test_Revert[If|When]_Condition and expecting a revert] Found 1 instances: testFailUnprotectedCall (gas: 0)
Suite result: FAILED. 0 passed; 1 failed; 0 skipped; finished in 168.58µs (0.00ns CPU time)

Ran 2 tests for test/KeepFactory.t.sol:KeepFactoryTest
[PASS] testDeploy() (gas: 178028)
[PASS] testDetermination() (gas: 206990)
Suite result: ok. 2 passed; 0 failed; 0 skipped; finished in 497.46µs (103.04µs CPU time)

Ran 1 test for test/Kali.t.sol:KaliTest
[FAIL: `testFail*` has been removed. Consider changing to test_Revert[If|When]_Condition and expecting a revert] Found 4 instances: testFailDeploy, testFailNotAuthorizedExtension, testFailProposalCreation, testFailProposalRepeatVoting (gas: 0)
Suite result: FAILED. 0 passed; 1 failed; 0 skipped; finished in 1.80ms (0.00ns CPU time)

Ran 6 tests for test/Owned.t.sol:OwnedTest
[PASS] testCallFunctionAsNonOwner() (gas: 11280)
[PASS] testCallFunctionAsNonOwner(address) (runs: 256, μ: 16198, ~: 16236)
[PASS] testCallFunctionAsOwner() (gas: 10432)
[PASS] testERC165Support() (gas: 5479)
[PASS] testTransferOwnership() (gas: 13097)
[PASS] testTransferOwnership(address) (runs: 256, μ: 13170, ~: 13189)
Suite result: ok. 6 passed; 0 failed; 0 skipped; finished in 65.12ms (9.50ms CPU time)

Ran 13 tests for test/Multicallable.t.sol:MulticallableTest
[PASS] testMulticallableBenchmark() (gas: 29217)
[PASS] testMulticallableOriginalBenchmark() (gas: 38474)
[PASS] testMulticallablePreservesMsgSender() (gas: 11022)
[PASS] testMulticallablePreservesMsgValue() (gas: 37542)
[PASS] testMulticallablePreservesMsgValueUsedTwice() (gas: 39315)
[PASS] testMulticallableReturnDataIsProperlyEncoded() (gas: 11617)
[PASS] testMulticallableReturnDataIsProperlyEncoded(string,string,uint256) (runs: 256, μ: 9716, ~: 7384)
[PASS] testMulticallableReturnDataIsProperlyEncoded(uint256,uint256,uint256,uint256) (runs: 256, μ: 11718, ~: 11718)
[PASS] testMulticallableRevertWithCustomError() (gas: 11725)
[PASS] testMulticallableRevertWithMessage() (gas: 13474)
[PASS] testMulticallableRevertWithMessage(string) (runs: 256, μ: 14003, ~: 13862)
[PASS] testMulticallableRevertWithNothing() (gas: 11646)
[PASS] testMulticallableWithNoData() (gas: 6266)
Suite result: ok. 13 passed; 0 failed; 0 skipped; finished in 102.83ms (31.62ms CPU time)

Ran 61 tests for test/Keep.t.sol:KeepTest
[PASS] testBalanceOf() (gas: 116152)
[PASS] testBalanceOfBatch() (gas: 125417)
[PASS] testBalanceOfSigner() (gas: 49599)
[PASS] testBurn() (gas: 125149)
[PASS] testBurnSigner() (gas: 28745)
[PASS] testCannotBatchTransferKeepERC1155ToUnsafeContractAddress() (gas: 390794)
[PASS] testCannotBatchTransferKeepERC1155ToZeroAddress() (gas: 247550)
[PASS] testCannotBurnUnderflow() (gas: 116287)
[PASS] testCannotExecuteWithImproperSignatures() (gas: 44742)
[PASS] testCannotExecuteWithNullSignatures() (gas: 32330)
[PASS] testCannotExecuteWithSignaturesOutOfOrder() (gas: 42061)
[PASS] testCannotExecuteWithSignaturesRepeated() (gas: 37849)
[PASS] testCannotFetchMismatchedLengthBalanceOfBatch() (gas: 14769)
[PASS] testCannotMintOverflowExecuteID() (gas: 65940)
[PASS] testCannotMintOverflowSupply() (gas: 261379)
[PASS] testCannotMintToUnsafeAddress() (gas: 313707)
[PASS] testCannotMintToZeroAddress() (gas: 119138)
[PASS] testCannotRepeatKeepSetup() (gas: 4267374)
[PASS] testCannotSetTransferability(address,uint256) (runs: 256, μ: 24778, ~: 24778)
[PASS] testCannotSetupWithExcessiveQuorum() (gas: 83492)
[PASS] testCannotSetupWithOutOfOrderSigners() (gas: 102766)
[PASS] testCannotSetupWithZeroQuorum() (gas: 83486)
[PASS] testCannotSpendKeepTokenDelegateBySigAfterDeadline(address,uint256) (runs: 256, μ: 15192, ~: 15192)
[PASS] testCannotSpendKeepTokenPermitAfterDeadline(address,bool) (runs: 256, μ: 15278, ~: 15278)
[PASS] testCannotTransferKeepERC1155ToUnsafeContractAddress() (gas: 380892)
[PASS] testCannotTransferKeepERC1155ToZeroAddress() (gas: 241982)
[PASS] testCannotTransferKeepTokenWithUnderflow(uint256) (runs: 256, μ: 154659, ~: 154659)
[PASS] testCannotTransferKeepTokenWithoutPermission(address,address,uint256,uint256) (runs: 256, μ: 182672, ~: 183984)
[PASS] testExecuteCreateCall() (gas: 1500184)
[PASS] testExecuteDelegateCall() (gas: 46886)
[PASS] testExecuteEthCall() (gas: 72686)
[PASS] testExecuteTokenCallWithContractSignatures() (gas: 68306)
[PASS] testExecuteTokenCallWithRole() (gas: 144861)
[PASS] testExecuteTokenCallWithSignatures() (gas: 56968)
[PASS] testIdKeyRole() (gas: 230237)
[PASS] testKeepNonce() (gas: 10396)
[PASS] testKeepTokenApprove(address,address) (runs: 256, μ: 29564, ~: 29528)
[PASS] testKeepTokenBatchTransferByOperator() (gas: 444672)
[PASS] testKeepTokenBatchTransferByOwner() (gas: 419371)
[PASS] testKeepTokenDelegateBySig(address,uint256,uint256) (runs: 256, μ: 226896, ~: 229001)
[PASS] testKeepTokenDelegation(address,address,uint256,uint256) (runs: 256, μ: 260530, ~: 261812)
[PASS] testKeepTokenDelegationBalanceByTransfer(address,address,uint256,uint256) (runs: 256, μ: 274221, ~: 276114)
[PASS] testKeepTokenInitDelegationBalance(address,uint256,uint256) (runs: 256, μ: 126107, ~: 129100)
[PASS] testKeepTokenPermit(address,bool) (runs: 256, μ: 57167, ~: 47839)
[PASS] testMint(uint256,uint256,bytes) (runs: 256, μ: 124036, ~: 125302)
[PASS] testMintCoreIdKey(uint256) (runs: 256, μ: 125512, ~: 126113)
[PASS] testMintExecuteIdKey() (gas: 56215)
[PASS] testName() (gas: 9857)
[PASS] testNoKeepKeyCollision() (gas: 230)
[PASS] testNonceIncrementAfterExecute() (gas: 88647)
[PASS] testQuorum() (gas: 23966)
[PASS] testReceiveBatchERC1155() (gas: 44337)
[PASS] testReceiveERC1155() (gas: 40945)
[PASS] testReceiveERC721() (gas: 47587)
[PASS] testReceiveETH() (gas: 13046)
[PASS] testSetURI(address) (runs: 256, μ: 53169, ~: 53169)
[PASS] testSignerSetup() (gas: 29085)
[PASS] testSupportsInterface() (gas: 14024)
[PASS] testTotalSignerSupply() (gas: 49190)
[PASS] testTotalSupply() (gas: 115804)
[PASS] testUserNonce() (gas: 10517)
Suite result: ok. 61 passed; 0 failed; 0 skipped; finished in 102.82ms (528.99ms CPU time)

Ran 6 test suites in 199.47ms (273.24ms CPU time): 82 tests passed, 2 failed, 0 skipped (84 total tests)

Failing tests:
Encountered 1 failing test in test/Kali.t.sol:KaliTest
[FAIL: `testFail*` has been removed. Consider changing to test_Revert[If|When]_Condition and expecting a revert] Found 4 instances: testFailDeploy, testFailNotAuthorizedExtension, testFailProposalCreation, testFailProposalRepeatVoting (gas: 0)

Encountered 1 failing test in test/ReentrancyGuard.t.sol:ReentrancyGuardTest
[FAIL: `testFail*` has been removed. Consider changing to test_Revert[If|When]_Condition and expecting a revert] Found 1 instances: testFailUnprotectedCall (gas: 0)

Encountered a total of 2 failing tests, 82 tests succeeded
